2015-06-27T11:16:16+02:00 CRIT (2): exception 'Zend\Mvc\Router\Exception\RuntimeException' with message 'Route with name "view-page" not found' in /media/wtk13/Reszta/htdocs/grodzka/vendor/zendframework/zendframework/library/Zend/Mvc/Router/Http/TreeRouteStack.php:317
Stack trace:
#0 /media/wtk13/Reszta/htdocs/grodzka/vendor/zendframework/zendframework/library/Zend/View/Helper/Url.php(100): Zend\Mvc\Router\Http\TreeRouteStack->assemble(Array, Array)
#1 [internal function]: Zend\View\Helper\Url->__invoke('view-page', Array)
#2 /media/wtk13/Reszta/htdocs/grodzka/vendor/zendframework/zendframework/library/Zend/View/Renderer/PhpRenderer.php(399): call_user_func_array(Object(Zend\View\Helper\Url), Array)
#3 /media/wtk13/Reszta/htdocs/grodzka/module/Page/view/page/page/view-page.phtml(68): Zend\View\Renderer\PhpRenderer->__call('url', Array)
#4 /media/wtk13/Reszta/htdocs/grodzka/module/Page/view/page/page/view-page.phtml(68): Zend\View\Renderer\PhpRenderer->url('view-page', Array)
#5 /media/wtk13/Reszta/htdocs/grodzka/vendor/zendframework/zendframework/library/Zend/View/Renderer/PhpRenderer.php(506): include('/media/wtk13/Re...')
#6 /media/wtk13/Reszta/htdocs/grodzka/vendor/zendframework/zendframework/library/Zend/View/View.php(205): Zend\View\Renderer\PhpRenderer->render(Object(Zend\View\Model\ViewModel))
#7 /media/wtk13/Reszta/htdocs/grodzka/vendor/zendframework/zendframework/library/Zend/View/View.php(233): Zend\View\View->render(Object(Zend\View\Model\ViewModel))
#8 /media/wtk13/Reszta/htdocs/grodzka/vendor/zendframework/zendframework/library/Zend/View/View.php(198): Zend\View\View->renderChildren(Object(Zend\View\Model\ViewModel))
#9 /media/wtk13/Reszta/htdocs/grodzka/vendor/zendframework/zendframework/library/Zend/Mvc/View/Http/DefaultRenderingStrategy.php(103): Zend\View\View->render(Object(Zend\View\Model\ViewModel))
#10 [internal function]: Zend\Mvc\View\Http\DefaultRenderingStrategy->render(Object(Zend\Mvc\MvcEvent))
#11 /media/wtk13/Reszta/htdocs/grodzka/vendor/zendframework/zendframework/library/Zend/EventManager/EventManager.php(468): call_user_func(Array, Object(Zend\Mvc\MvcEvent))
#12 /media/wtk13/Reszta/htdocs/grodzka/vendor/zendframework/zendframework/library/Zend/EventManager/EventManager.php(207): Zend\EventManager\EventManager->triggerListeners('render', Object(Zend\Mvc\MvcEvent), Array)
#13 /media/wtk13/Reszta/htdocs/grodzka/vendor/zendframework/zendframework/library/Zend/Mvc/Application.php(352): Zend\EventManager\EventManager->trigger('render', Object(Zend\Mvc\MvcEvent))
#14 /media/wtk13/Reszta/htdocs/grodzka/vendor/zendframework/zendframework/library/Zend/Mvc/Application.php(327): Zend\Mvc\Application->completeRequest(Object(Zend\Mvc\MvcEvent))
#15 /media/wtk13/Reszta/htdocs/grodzka/public/index.php(17): Zend\Mvc\Application->run()
#16 {main}
2015-06-27T11:35:07+02:00 CRIT (2): exception 'PDOException' with message 'SQLSTATE[42S02]: Base table or view not found: 1146 Table 'grodzka.cms_post_file' doesn't exist' in /media/wtk13/Reszta/htdocs/grodzka/vendor/zendframework/zendframework/library/Zend/Db/Adapter/Driver/Pdo/Statement.php:239
Stack trace:
#0 /media/wtk13/Reszta/htdocs/grodzka/vendor/zendframework/zendframework/library/Zend/Db/Adapter/Driver/Pdo/Statement.php(239): PDOStatement->execute()
#1 /media/wtk13/Reszta/htdocs/grodzka/vendor/zendframework/zendframework/library/Zend/Db/TableGateway/AbstractTableGateway.php(233): Zend\Db\Adapter\Driver\Pdo\Statement->execute()
#2 /media/wtk13/Reszta/htdocs/grodzka/vendor/zendframework/zendframework/library/Zend/Db/TableGateway/AbstractTableGateway.php(208): Zend\Db\TableGateway\AbstractTableGateway->executeSelect(Object(Zend\Db\Sql\Select))
#3 /media/wtk13/Reszta/htdocs/grodzka/vendor/cms-ir/cms-ir/src/CmsIr/System/src/System/Model/ModelTable.php(63): Zend\Db\TableGateway\AbstractTableGateway->selectWith(Object(Zend\Db\Sql\Select))
#4 /media/wtk13/Reszta/htdocs/grodzka/module/Page/src/Page/Controller/PageController.php(110): CmsIr\System\Model\ModelTable->getBy(Array)
#5 /media/wtk13/Reszta/htdocs/grodzka/vendor/zendframework/zendframework/library/Zend/Mvc/Controller/AbstractActionController.php(83): Page\Controller\PageController->newsListAction()
#6 [internal function]: Zend\Mvc\Controller\AbstractActionController->onDispatch(Object(Zend\Mvc\MvcEvent))
#7 /media/wtk13/Reszta/htdocs/grodzka/vendor/zendframework/zendframework/library/Zend/EventManager/EventManager.php(468): call_user_func(Array, Object(Zend\Mvc\MvcEvent))
#8 /media/wtk13/Reszta/htdocs/grodzka/vendor/zendframework/zendframework/library/Zend/EventManager/EventManager.php(207): Zend\EventManager\EventManager->triggerListeners('dispatch', Object(Zend\Mvc\MvcEvent), Object(Closure))
#9 /media/wtk13/Reszta/htdocs/grodzka/vendor/zendframework/zendframework/library/Zend/Mvc/Controller/AbstractController.php(116): Zend\EventManager\EventManager->trigger('dispatch', Object(Zend\Mvc\MvcEvent), Object(Closure))
#10 /media/wtk13/Reszta/htdocs/grodzka/vendor/zendframework/zendframework/library/Zend/Mvc/DispatchListener.php(113): Zend\Mvc\Controller\AbstractController->dispatch(Object(Zend\Http\PhpEnvironment\Request), Object(Zend\Http\PhpEnvironment\Response))
#11 [internal function]: Zend\Mvc\DispatchListener->onDispatch(Object(Zend\Mvc\MvcEvent))
#12 /media/wtk13/Reszta/htdocs/grodzka/vendor/zendframework/zendframework/library/Zend/EventManager/EventManager.php(468): call_user_func(Array, Object(Zend\Mvc\MvcEvent))
#13 /media/wtk13/Reszta/htdocs/grodzka/vendor/zendframework/zendframework/library/Zend/EventManager/EventManager.php(207): Zend\EventManager\EventManager->triggerListeners('dispatch', Object(Zend\Mvc\MvcEvent), Object(Closure))
#14 /media/wtk13/Reszta/htdocs/grodzka/vendor/zendframework/zendframework/library/Zend/Mvc/Application.php(313): Zend\EventManager\EventManager->trigger('dispatch', Object(Zend\Mvc\MvcEvent), Object(Closure))
#15 /media/wtk13/Reszta/htdocs/grodzka/public/index.php(17): Zend\Mvc\Application->run()
#16 {main}

Next exception 'Zend\Db\Adapter\Exception\InvalidQueryException' with message 'Statement could not be executed (42S02 - 1146 - Table 'grodzka.cms_post_file' doesn't exist)' in /media/wtk13/Reszta/htdocs/grodzka/vendor/zendframework/zendframework/library/Zend/Db/Adapter/Driver/Pdo/Statement.php:244
Stack trace:
#0 /media/wtk13/Reszta/htdocs/grodzka/vendor/zendframework/zendframework/library/Zend/Db/TableGateway/AbstractTableGateway.php(233): Zend\Db\Adapter\Driver\Pdo\Statement->execute()
#1 /media/wtk13/Reszta/htdocs/grodzka/vendor/zendframework/zendframework/library/Zend/Db/TableGateway/AbstractTableGateway.php(208): Zend\Db\TableGateway\AbstractTableGateway->executeSelect(Object(Zend\Db\Sql\Select))
#2 /media/wtk13/Reszta/htdocs/grodzka/vendor/cms-ir/cms-ir/src/CmsIr/System/src/System/Model/ModelTable.php(63): Zend\Db\TableGateway\AbstractTableGateway->selectWith(Object(Zend\Db\Sql\Select))
#3 /media/wtk13/Reszta/htdocs/grodzka/module/Page/src/Page/Controller/PageController.php(110): CmsIr\System\Model\ModelTable->getBy(Array)
#4 /media/wtk13/Reszta/htdocs/grodzka/vendor/zendframework/zendframework/library/Zend/Mvc/Controller/AbstractActionController.php(83): Page\Controller\PageController->newsListAction()
#5 [internal function]: Zend\Mvc\Controller\AbstractActionController->onDispatch(Object(Zend\Mvc\MvcEvent))
#6 /media/wtk13/Reszta/htdocs/grodzka/vendor/zendframework/zendframework/library/Zend/EventManager/EventManager.php(468): call_user_func(Array, Object(Zend\Mvc\MvcEvent))
#7 /media/wtk13/Reszta/htdocs/grodzka/vendor/zendframework/zendframework/library/Zend/EventManager/EventManager.php(207): Zend\EventManager\EventManager->triggerListeners('dispatch', Object(Zend\Mvc\MvcEvent), Object(Closure))
#8 /media/wtk13/Reszta/htdocs/grodzka/vendor/zendframework/zendframework/library/Zend/Mvc/Controller/AbstractController.php(116): Zend\EventManager\EventManager->trigger('dispatch', Object(Zend\Mvc\MvcEvent), Object(Closure))
#9 /media/wtk13/Reszta/htdocs/grodzka/vendor/zendframework/zendframework/library/Zend/Mvc/DispatchListener.php(113): Zend\Mvc\Controller\AbstractController->dispatch(Object(Zend\Http\PhpEnvironment\Request), Object(Zend\Http\PhpEnvironment\Response))
#10 [internal function]: Zend\Mvc\DispatchListener->onDispatch(Object(Zend\Mvc\MvcEvent))
#11 /media/wtk13/Reszta/htdocs/grodzka/vendor/zendframework/zendframework/library/Zend/EventManager/EventManager.php(468): call_user_func(Array, Object(Zend\Mvc\MvcEvent))
#12 /media/wtk13/Reszta/htdocs/grodzka/vendor/zendframework/zendframework/library/Zend/EventManager/EventManager.php(207): Zend\EventManager\EventManager->triggerListeners('dispatch', Object(Zend\Mvc\MvcEvent), Object(Closure))
#13 /media/wtk13/Reszta/htdocs/grodzka/vendor/zendframework/zendframework/library/Zend/Mvc/Application.php(313): Zend\EventManager\EventManager->trigger('dispatch', Object(Zend\Mvc\MvcEvent), Object(Closure))
#14 /media/wtk13/Reszta/htdocs/grodzka/public/index.php(17): Zend\Mvc\Application->run()
#15 {main}
2015-06-27T16:41:42+02:00 CRIT (2): exception 'Zend\ServiceManager\Exception\ServiceNotFoundException' with message 'Zend\ServiceManager\ServiceManager::get was unable to fetch or create an instance for CmsIr\Post\Model\PostFileTable' in /media/wtk13/Reszta/htdocs/grodzka/vendor/zendframework/zendframework/library/Zend/ServiceManager/ServiceManager.php:550
Stack trace:
#0 /media/wtk13/Reszta/htdocs/grodzka/module/Page/src/Page/Controller/PageController.php(513): Zend\ServiceManager\ServiceManager->get('CmsIr\\Post\\Mode...')
#1 /media/wtk13/Reszta/htdocs/grodzka/module/Page/src/Page/Controller/PageController.php(125): Page\Controller\PageController->getPostFileTable()
#2 /media/wtk13/Reszta/htdocs/grodzka/vendor/zendframework/zendframework/library/Zend/Mvc/Controller/AbstractActionController.php(83): Page\Controller\PageController->newsListAction()
#3 [internal function]: Zend\Mvc\Controller\AbstractActionController->onDispatch(Object(Zend\Mvc\MvcEvent))
#4 /media/wtk13/Reszta/htdocs/grodzka/vendor/zendframework/zendframework/library/Zend/EventManager/EventManager.php(468): call_user_func(Array, Object(Zend\Mvc\MvcEvent))
#5 /media/wtk13/Reszta/htdocs/grodzka/vendor/zendframework/zendframework/library/Zend/EventManager/EventManager.php(207): Zend\EventManager\EventManager->triggerListeners('dispatch', Object(Zend\Mvc\MvcEvent), Object(Closure))
#6 /media/wtk13/Reszta/htdocs/grodzka/vendor/zendframework/zendframework/library/Zend/Mvc/Controller/AbstractController.php(116): Zend\EventManager\EventManager->trigger('dispatch', Object(Zend\Mvc\MvcEvent), Object(Closure))
#7 /media/wtk13/Reszta/htdocs/grodzka/vendor/zendframework/zendframework/library/Zend/Mvc/DispatchListener.php(113): Zend\Mvc\Controller\AbstractController->dispatch(Object(Zend\Http\PhpEnvironment\Request), Object(Zend\Http\PhpEnvironment\Response))
#8 [internal function]: Zend\Mvc\DispatchListener->onDispatch(Object(Zend\Mvc\MvcEvent))
#9 /media/wtk13/Reszta/htdocs/grodzka/vendor/zendframework/zendframework/library/Zend/EventManager/EventManager.php(468): call_user_func(Array, Object(Zend\Mvc\MvcEvent))
#10 /media/wtk13/Reszta/htdocs/grodzka/vendor/zendframework/zendframework/library/Zend/EventManager/EventManager.php(207): Zend\EventManager\EventManager->triggerListeners('dispatch', Object(Zend\Mvc\MvcEvent), Object(Closure))
#11 /media/wtk13/Reszta/htdocs/grodzka/vendor/zendframework/zendframework/library/Zend/Mvc/Application.php(313): Zend\EventManager\EventManager->trigger('dispatch', Object(Zend\Mvc\MvcEvent), Object(Closure))
#12 /media/wtk13/Reszta/htdocs/grodzka/public/index.php(17): Zend\Mvc\Application->run()
#13 {main}
2015-06-27T17:27:14+02:00 CRIT (2): exception 'Zend\ServiceManager\Exception\ServiceNotFoundException' with message 'Zend\View\HelperPluginManager::get was unable to fetch or create an instance for getPath' in /media/wtk13/Reszta/htdocs/grodzka/vendor/zendframework/zendframework/library/Zend/ServiceManager/ServiceManager.php:550
Stack trace:
#0 /media/wtk13/Reszta/htdocs/grodzka/vendor/zendframework/zendframework/library/Zend/ServiceManager/AbstractPluginManager.php(103): Zend\ServiceManager\ServiceManager->get('getPath', true)
#1 /media/wtk13/Reszta/htdocs/grodzka/vendor/zendframework/zendframework/library/Zend/View/Renderer/PhpRenderer.php(377): Zend\ServiceManager\AbstractPluginManager->get('getPath', NULL)
#2 /media/wtk13/Reszta/htdocs/grodzka/vendor/zendframework/zendframework/library/Zend/View/Renderer/PhpRenderer.php(396): Zend\View\Renderer\PhpRenderer->plugin('getPath')
#3 /media/wtk13/Reszta/htdocs/grodzka/module/Page/view/page/page/view-page.phtml(39): Zend\View\Renderer\PhpRenderer->__call('getPath', Array)
#4 /media/wtk13/Reszta/htdocs/grodzka/module/Page/view/page/page/view-page.phtml(39): Zend\View\Renderer\PhpRenderer->getPath()
#5 /media/wtk13/Reszta/htdocs/grodzka/vendor/zendframework/zendframework/library/Zend/View/Renderer/PhpRenderer.php(506): include('/media/wtk13/Re...')
#6 /media/wtk13/Reszta/htdocs/grodzka/vendor/zendframework/zendframework/library/Zend/View/View.php(205): Zend\View\Renderer\PhpRenderer->render(Object(Zend\View\Model\ViewModel))
#7 /media/wtk13/Reszta/htdocs/grodzka/vendor/zendframework/zendframework/library/Zend/View/View.php(233): Zend\View\View->render(Object(Zend\View\Model\ViewModel))
#8 /media/wtk13/Reszta/htdocs/grodzka/vendor/zendframework/zendframework/library/Zend/View/View.php(198): Zend\View\View->renderChildren(Object(Zend\View\Model\ViewModel))
#9 /media/wtk13/Reszta/htdocs/grodzka/vendor/zendframework/zendframework/library/Zend/Mvc/View/Http/DefaultRenderingStrategy.php(103): Zend\View\View->render(Object(Zend\View\Model\ViewModel))
#10 [internal function]: Zend\Mvc\View\Http\DefaultRenderingStrategy->render(Object(Zend\Mvc\MvcEvent))
#11 /media/wtk13/Reszta/htdocs/grodzka/vendor/zendframework/zendframework/library/Zend/EventManager/EventManager.php(468): call_user_func(Array, Object(Zend\Mvc\MvcEvent))
#12 /media/wtk13/Reszta/htdocs/grodzka/vendor/zendframework/zendframework/library/Zend/EventManager/EventManager.php(207): Zend\EventManager\EventManager->triggerListeners('render', Object(Zend\Mvc\MvcEvent), Array)
#13 /media/wtk13/Reszta/htdocs/grodzka/vendor/zendframework/zendframework/library/Zend/Mvc/Application.php(352): Zend\EventManager\EventManager->trigger('render', Object(Zend\Mvc\MvcEvent))
#14 /media/wtk13/Reszta/htdocs/grodzka/vendor/zendframework/zendframework/library/Zend/Mvc/Application.php(327): Zend\Mvc\Application->completeRequest(Object(Zend\Mvc\MvcEvent))
#15 /media/wtk13/Reszta/htdocs/grodzka/public/index.php(17): Zend\Mvc\Application->run()
#16 {main}
2015-06-27T17:27:48+02:00 CRIT (2): exception 'Zend\ServiceManager\Exception\ServiceNotFoundException' with message 'Zend\View\HelperPluginManager::get was unable to fetch or create an instance for getBasePath' in /media/wtk13/Reszta/htdocs/grodzka/vendor/zendframework/zendframework/library/Zend/ServiceManager/ServiceManager.php:550
Stack trace:
#0 /media/wtk13/Reszta/htdocs/grodzka/vendor/zendframework/zendframework/library/Zend/ServiceManager/AbstractPluginManager.php(103): Zend\ServiceManager\ServiceManager->get('getBasePath', true)
#1 /media/wtk13/Reszta/htdocs/grodzka/vendor/zendframework/zendframework/library/Zend/View/Renderer/PhpRenderer.php(377): Zend\ServiceManager\AbstractPluginManager->get('getBasePath', NULL)
#2 /media/wtk13/Reszta/htdocs/grodzka/vendor/zendframework/zendframework/library/Zend/View/Renderer/PhpRenderer.php(396): Zend\View\Renderer\PhpRenderer->plugin('getBasePath')
#3 /media/wtk13/Reszta/htdocs/grodzka/module/Page/view/page/page/view-page.phtml(39): Zend\View\Renderer\PhpRenderer->__call('getBasePath', Array)
#4 /media/wtk13/Reszta/htdocs/grodzka/module/Page/view/page/page/view-page.phtml(39): Zend\View\Renderer\PhpRenderer->getBasePath()
#5 /media/wtk13/Reszta/htdocs/grodzka/vendor/zendframework/zendframework/library/Zend/View/Renderer/PhpRenderer.php(506): include('/media/wtk13/Re...')
#6 /media/wtk13/Reszta/htdocs/grodzka/vendor/zendframework/zendframework/library/Zend/View/View.php(205): Zend\View\Renderer\PhpRenderer->render(Object(Zend\View\Model\ViewModel))
#7 /media/wtk13/Reszta/htdocs/grodzka/vendor/zendframework/zendframework/library/Zend/View/View.php(233): Zend\View\View->render(Object(Zend\View\Model\ViewModel))
#8 /media/wtk13/Reszta/htdocs/grodzka/vendor/zendframework/zendframework/library/Zend/View/View.php(198): Zend\View\View->renderChildren(Object(Zend\View\Model\ViewModel))
#9 /media/wtk13/Reszta/htdocs/grodzka/vendor/zendframework/zendframework/library/Zend/Mvc/View/Http/DefaultRenderingStrategy.php(103): Zend\View\View->render(Object(Zend\View\Model\ViewModel))
#10 [internal function]: Zend\Mvc\View\Http\DefaultRenderingStrategy->render(Object(Zend\Mvc\MvcEvent))
#11 /media/wtk13/Reszta/htdocs/grodzka/vendor/zendframework/zendframework/library/Zend/EventManager/EventManager.php(468): call_user_func(Array, Object(Zend\Mvc\MvcEvent))
#12 /media/wtk13/Reszta/htdocs/grodzka/vendor/zendframework/zendframework/library/Zend/EventManager/EventManager.php(207): Zend\EventManager\EventManager->triggerListeners('render', Object(Zend\Mvc\MvcEvent), Array)
#13 /media/wtk13/Reszta/htdocs/grodzka/vendor/zendframework/zendframework/library/Zend/Mvc/Application.php(352): Zend\EventManager\EventManager->trigger('render', Object(Zend\Mvc\MvcEvent))
#14 /media/wtk13/Reszta/htdocs/grodzka/vendor/zendframework/zendframework/library/Zend/Mvc/Application.php(327): Zend\Mvc\Application->completeRequest(Object(Zend\Mvc\MvcEvent))
#15 /media/wtk13/Reszta/htdocs/grodzka/public/index.php(17): Zend\Mvc\Application->run()
#16 {main}
