2015-06-09T17:20:51+02:00 CRIT (2): exception 'Zend\Form\Exception\InvalidElementException' with message 'No element by the name of [date_from] found in form' in D:\xampp\htdocs\web-ir\demo\vendor\zendframework\zendframework\library\Zend\Form\Fieldset.php:223
Stack trace:
#0 D:\xampp\htdocs\web-ir\demo\vendor\cms-ir\cms-ir\src\CmsIr\Post\view\partial\form\basic-post-data.phtml(23): Zend\Form\Fieldset->get('date_from')
#1 D:\xampp\htdocs\web-ir\demo\vendor\zendframework\zendframework\library\Zend\View\Renderer\PhpRenderer.php(506): include('D:\\xampp\\htdocs...')
#2 D:\xampp\htdocs\web-ir\demo\vendor\zendframework\zendframework\library\Zend\View\Helper\Partial.php(61): Zend\View\Renderer\PhpRenderer->render('partial/form/ba...', NULL)
#3 [internal function]: Zend\View\Helper\Partial->__invoke('partial/form/ba...')
#4 D:\xampp\htdocs\web-ir\demo\vendor\zendframework\zendframework\library\Zend\View\Renderer\PhpRenderer.php(399): call_user_func_array(Object(Zend\View\Helper\Partial), Array)
#5 D:\xampp\htdocs\web-ir\demo\vendor\cms-ir\cms-ir\src\CmsIr\Post\view\cms-ir\post\create-post.phtml(14): Zend\View\Renderer\PhpRenderer->__call('partial', Array)
#6 D:\xampp\htdocs\web-ir\demo\vendor\cms-ir\cms-ir\src\CmsIr\Post\view\cms-ir\post\create-post.phtml(14): Zend\View\Renderer\PhpRenderer->partial('partial/form/ba...')
#7 D:\xampp\htdocs\web-ir\demo\vendor\zendframework\zendframework\library\Zend\View\Renderer\PhpRenderer.php(506): include('D:\\xampp\\htdocs...')
#8 D:\xampp\htdocs\web-ir\demo\vendor\zendframework\zendframework\library\Zend\View\View.php(205): Zend\View\Renderer\PhpRenderer->render(Object(Zend\View\Model\ViewModel))
#9 D:\xampp\htdocs\web-ir\demo\vendor\zendframework\zendframework\library\Zend\View\View.php(233): Zend\View\View->render(Object(Zend\View\Model\ViewModel))
#10 D:\xampp\htdocs\web-ir\demo\vendor\zendframework\zendframework\library\Zend\View\View.php(198): Zend\View\View->renderChildren(Object(Zend\View\Model\ViewModel))
#11 D:\xampp\htdocs\web-ir\demo\vendor\zendframework\zendframework\library\Zend\Mvc\View\Http\DefaultRenderingStrategy.php(103): Zend\View\View->render(Object(Zend\View\Model\ViewModel))
#12 [internal function]: Zend\Mvc\View\Http\DefaultRenderingStrategy->render(Object(Zend\Mvc\MvcEvent))
#13 D:\xampp\htdocs\web-ir\demo\vendor\zendframework\zendframework\library\Zend\EventManager\EventManager.php(468): call_user_func(Array, Object(Zend\Mvc\MvcEvent))
#14 D:\xampp\htdocs\web-ir\demo\vendor\zendframework\zendframework\library\Zend\EventManager\EventManager.php(207): Zend\EventManager\EventManager->triggerListeners('render', Object(Zend\Mvc\MvcEvent), Array)
#15 D:\xampp\htdocs\web-ir\demo\vendor\zendframework\zendframework\library\Zend\Mvc\Application.php(352): Zend\EventManager\EventManager->trigger('render', Object(Zend\Mvc\MvcEvent))
#16 D:\xampp\htdocs\web-ir\demo\vendor\zendframework\zendframework\library\Zend\Mvc\Application.php(327): Zend\Mvc\Application->completeRequest(Object(Zend\Mvc\MvcEvent))
#17 D:\xampp\htdocs\web-ir\demo\public\index.php(17): Zend\Mvc\Application->run()
#18 {main}
2015-06-09T21:30:04+02:00 CRIT (2): exception 'Zend\Form\Exception\DomainException' with message 'Zend\Form\Form::getData cannot return data as validation has not yet occurred' in D:\xampp\htdocs\web-ir\demo\vendor\zendframework\zendframework\library\Zend\Form\Form.php:539
Stack trace:
#0 D:\xampp\htdocs\web-ir\demo\vendor\cms-ir\cms-ir\src\CmsIr\Post\src\Post\Controller\PostController.php(211): Zend\Form\Form->getData()
#1 D:\xampp\htdocs\web-ir\demo\vendor\zendframework\zendframework\library\Zend\Mvc\Controller\AbstractActionController.php(83): CmsIr\Post\Controller\PostController->editPostAction()
#2 [internal function]: Zend\Mvc\Controller\AbstractActionController->onDispatch(Object(Zend\Mvc\MvcEvent))
#3 D:\xampp\htdocs\web-ir\demo\vendor\zendframework\zendframework\library\Zend\EventManager\EventManager.php(468): call_user_func(Array, Object(Zend\Mvc\MvcEvent))
#4 D:\xampp\htdocs\web-ir\demo\vendor\zendframework\zendframework\library\Zend\EventManager\EventManager.php(207): Zend\EventManager\EventManager->triggerListeners('dispatch', Object(Zend\Mvc\MvcEvent), Object(Closure))
#5 D:\xampp\htdocs\web-ir\demo\vendor\zendframework\zendframework\library\Zend\Mvc\Controller\AbstractController.php(116): Zend\EventManager\EventManager->trigger('dispatch', Object(Zend\Mvc\MvcEvent), Object(Closure))
#6 D:\xampp\htdocs\web-ir\demo\vendor\zendframework\zendframework\library\Zend\Mvc\DispatchListener.php(113): Zend\Mvc\Controller\AbstractController->dispatch(Object(Zend\Http\PhpEnvironment\Request), Object(Zend\Http\PhpEnvironment\Response))
#7 [internal function]: Zend\Mvc\DispatchListener->onDispatch(Object(Zend\Mvc\MvcEvent))
#8 D:\xampp\htdocs\web-ir\demo\vendor\zendframework\zendframework\library\Zend\EventManager\EventManager.php(468): call_user_func(Array, Object(Zend\Mvc\MvcEvent))
#9 D:\xampp\htdocs\web-ir\demo\vendor\zendframework\zendframework\library\Zend\EventManager\EventManager.php(207): Zend\EventManager\EventManager->triggerListeners('dispatch', Object(Zend\Mvc\MvcEvent), Object(Closure))
#10 D:\xampp\htdocs\web-ir\demo\vendor\zendframework\zendframework\library\Zend\Mvc\Application.php(313): Zend\EventManager\EventManager->trigger('dispatch', Object(Zend\Mvc\MvcEvent), Object(Closure))
#11 D:\xampp\htdocs\web-ir\demo\public\index.php(17): Zend\Mvc\Application->run()
#12 {main}
2015-06-09T21:30:50+02:00 CRIT (2): exception 'Zend\Form\Exception\DomainException' with message 'Zend\Form\Form::getData cannot return data as validation has not yet occurred' in D:\xampp\htdocs\web-ir\demo\vendor\zendframework\zendframework\library\Zend\Form\Form.php:539
Stack trace:
#0 D:\xampp\htdocs\web-ir\demo\vendor\cms-ir\cms-ir\src\CmsIr\Post\src\Post\Controller\PostController.php(214): Zend\Form\Form->getData()
#1 D:\xampp\htdocs\web-ir\demo\vendor\zendframework\zendframework\library\Zend\Mvc\Controller\AbstractActionController.php(83): CmsIr\Post\Controller\PostController->editPostAction()
#2 [internal function]: Zend\Mvc\Controller\AbstractActionController->onDispatch(Object(Zend\Mvc\MvcEvent))
#3 D:\xampp\htdocs\web-ir\demo\vendor\zendframework\zendframework\library\Zend\EventManager\EventManager.php(468): call_user_func(Array, Object(Zend\Mvc\MvcEvent))
#4 D:\xampp\htdocs\web-ir\demo\vendor\zendframework\zendframework\library\Zend\EventManager\EventManager.php(207): Zend\EventManager\EventManager->triggerListeners('dispatch', Object(Zend\Mvc\MvcEvent), Object(Closure))
#5 D:\xampp\htdocs\web-ir\demo\vendor\zendframework\zendframework\library\Zend\Mvc\Controller\AbstractController.php(116): Zend\EventManager\EventManager->trigger('dispatch', Object(Zend\Mvc\MvcEvent), Object(Closure))
#6 D:\xampp\htdocs\web-ir\demo\vendor\zendframework\zendframework\library\Zend\Mvc\DispatchListener.php(113): Zend\Mvc\Controller\AbstractController->dispatch(Object(Zend\Http\PhpEnvironment\Request), Object(Zend\Http\PhpEnvironment\Response))
#7 [internal function]: Zend\Mvc\DispatchListener->onDispatch(Object(Zend\Mvc\MvcEvent))
#8 D:\xampp\htdocs\web-ir\demo\vendor\zendframework\zendframework\library\Zend\EventManager\EventManager.php(468): call_user_func(Array, Object(Zend\Mvc\MvcEvent))
#9 D:\xampp\htdocs\web-ir\demo\vendor\zendframework\zendframework\library\Zend\EventManager\EventManager.php(207): Zend\EventManager\EventManager->triggerListeners('dispatch', Object(Zend\Mvc\MvcEvent), Object(Closure))
#10 D:\xampp\htdocs\web-ir\demo\vendor\zendframework\zendframework\library\Zend\Mvc\Application.php(313): Zend\EventManager\EventManager->trigger('dispatch', Object(Zend\Mvc\MvcEvent), Object(Closure))
#11 D:\xampp\htdocs\web-ir\demo\public\index.php(17): Zend\Mvc\Application->run()
#12 {main}
