2015-06-14T11:34:02+02:00 CRIT (2): exception 'Zend\View\Exception\RuntimeException' with message 'Zend\View\Renderer\PhpRenderer::render: Unable to render template "partial/form/delete-massive-newsletter-modal"; resolver could not resolve to a file' in D:\xampp\htdocs\web-ir\grodzka\vendor\zendframework\zendframework\library\Zend\View\Renderer\PhpRenderer.php:498
Stack trace:
#0 D:\xampp\htdocs\web-ir\grodzka\vendor\zendframework\zendframework\library\Zend\View\Helper\Partial.php(61): Zend\View\Renderer\PhpRenderer->render('partial/form/de...', NULL)
#1 [internal function]: Zend\View\Helper\Partial->__invoke('partial/form/de...')
#2 D:\xampp\htdocs\web-ir\grodzka\vendor\zendframework\zendframework\library\Zend\View\Renderer\PhpRenderer.php(399): call_user_func_array(Object(Zend\View\Helper\Partial), Array)
#3 D:\xampp\htdocs\web-ir\grodzka\vendor\cms-ir\cms-ir\src\CmsIr\Newsletter\view\cms-ir\newsletter\newsletter.phtml(37): Zend\View\Renderer\PhpRenderer->__call('partial', Array)
#4 D:\xampp\htdocs\web-ir\grodzka\vendor\cms-ir\cms-ir\src\CmsIr\Newsletter\view\cms-ir\newsletter\newsletter.phtml(37): Zend\View\Renderer\PhpRenderer->partial('partial/form/de...')
#5 D:\xampp\htdocs\web-ir\grodzka\vendor\zendframework\zendframework\library\Zend\View\Renderer\PhpRenderer.php(506): include('D:\\xampp\\htdocs...')
#6 D:\xampp\htdocs\web-ir\grodzka\vendor\zendframework\zendframework\library\Zend\View\View.php(205): Zend\View\Renderer\PhpRenderer->render(Object(Zend\View\Model\ViewModel))
#7 D:\xampp\htdocs\web-ir\grodzka\vendor\zendframework\zendframework\library\Zend\View\View.php(233): Zend\View\View->render(Object(Zend\View\Model\ViewModel))
#8 D:\xampp\htdocs\web-ir\grodzka\vendor\zendframework\zendframework\library\Zend\View\View.php(198): Zend\View\View->renderChildren(Object(Zend\View\Model\ViewModel))
#9 D:\xampp\htdocs\web-ir\grodzka\vendor\zendframework\zendframework\library\Zend\Mvc\View\Http\DefaultRenderingStrategy.php(103): Zend\View\View->render(Object(Zend\View\Model\ViewModel))
#10 [internal function]: Zend\Mvc\View\Http\DefaultRenderingStrategy->render(Object(Zend\Mvc\MvcEvent))
#11 D:\xampp\htdocs\web-ir\grodzka\vendor\zendframework\zendframework\library\Zend\EventManager\EventManager.php(468): call_user_func(Array, Object(Zend\Mvc\MvcEvent))
#12 D:\xampp\htdocs\web-ir\grodzka\vendor\zendframework\zendframework\library\Zend\EventManager\EventManager.php(207): Zend\EventManager\EventManager->triggerListeners('render', Object(Zend\Mvc\MvcEvent), Array)
#13 D:\xampp\htdocs\web-ir\grodzka\vendor\zendframework\zendframework\library\Zend\Mvc\Application.php(352): Zend\EventManager\EventManager->trigger('render', Object(Zend\Mvc\MvcEvent))
#14 D:\xampp\htdocs\web-ir\grodzka\vendor\zendframework\zendframework\library\Zend\Mvc\Application.php(327): Zend\Mvc\Application->completeRequest(Object(Zend\Mvc\MvcEvent))
#15 D:\xampp\htdocs\web-ir\grodzka\public\index.php(17): Zend\Mvc\Application->run()
#16 {main}
2015-06-14T12:04:55+02:00 CRIT (2): exception 'Zend\Mail\Protocol\Exception\RuntimeException' with message 'Unable to connect via TLS' in D:\xampp\htdocs\web-ir\grodzka\vendor\zendframework\zendframework\library\Zend\Mail\Protocol\Smtp.php:180
Stack trace:
#0 D:\xampp\htdocs\web-ir\grodzka\vendor\zendframework\zendframework\library\Zend\Mail\Transport\Smtp.php(341): Zend\Mail\Protocol\Smtp->helo('localhost')
#1 D:\xampp\htdocs\web-ir\grodzka\vendor\zendframework\zendframework\library\Zend\Mail\Transport\Smtp.php(326): Zend\Mail\Transport\Smtp->connect()
#2 D:\xampp\htdocs\web-ir\grodzka\vendor\zendframework\zendframework\library\Zend\Mail\Transport\Smtp.php(337): Zend\Mail\Transport\Smtp->lazyLoadConnection()
#3 D:\xampp\htdocs\web-ir\grodzka\vendor\zendframework\zendframework\library\Zend\Mail\Transport\Smtp.php(204): Zend\Mail\Transport\Smtp->connect()
#4 D:\xampp\htdocs\web-ir\grodzka\vendor\cms-ir\cms-ir\src\CmsIr\Newsletter\src\Newsletter\Controller\SubscriberController.php(107): Zend\Mail\Transport\Smtp->send(Object(Zend\Mail\Message))
#5 D:\xampp\htdocs\web-ir\grodzka\vendor\cms-ir\cms-ir\src\CmsIr\Newsletter\src\Newsletter\Controller\SubscriberController.php(81): CmsIr\Newsletter\Controller\SubscriberController->sendConfirmationEmail('test@test.pl', '557d51c72e144')
#6 D:\xampp\htdocs\web-ir\grodzka\vendor\zendframework\zendframework\library\Zend\Mvc\Controller\AbstractActionController.php(83): CmsIr\Newsletter\Controller\SubscriberController->createSubscriberAction()
#7 [internal function]: Zend\Mvc\Controller\AbstractActionController->onDispatch(Object(Zend\Mvc\MvcEvent))
#8 D:\xampp\htdocs\web-ir\grodzka\vendor\zendframework\zendframework\library\Zend\EventManager\EventManager.php(468): call_user_func(Array, Object(Zend\Mvc\MvcEvent))
#9 D:\xampp\htdocs\web-ir\grodzka\vendor\zendframework\zendframework\library\Zend\EventManager\EventManager.php(207): Zend\EventManager\EventManager->triggerListeners('dispatch', Object(Zend\Mvc\MvcEvent), Object(Closure))
#10 D:\xampp\htdocs\web-ir\grodzka\vendor\zendframework\zendframework\library\Zend\Mvc\Controller\AbstractController.php(116): Zend\EventManager\EventManager->trigger('dispatch', Object(Zend\Mvc\MvcEvent), Object(Closure))
#11 D:\xampp\htdocs\web-ir\grodzka\vendor\zendframework\zendframework\library\Zend\Mvc\DispatchListener.php(113): Zend\Mvc\Controller\AbstractController->dispatch(Object(Zend\Http\PhpEnvironment\Request), Object(Zend\Http\PhpEnvironment\Response))
#12 [internal function]: Zend\Mvc\DispatchListener->onDispatch(Object(Zend\Mvc\MvcEvent))
#13 D:\xampp\htdocs\web-ir\grodzka\vendor\zendframework\zendframework\library\Zend\EventManager\EventManager.php(468): call_user_func(Array, Object(Zend\Mvc\MvcEvent))
#14 D:\xampp\htdocs\web-ir\grodzka\vendor\zendframework\zendframework\library\Zend\EventManager\EventManager.php(207): Zend\EventManager\EventManager->triggerListeners('dispatch', Object(Zend\Mvc\MvcEvent), Object(Closure))
#15 D:\xampp\htdocs\web-ir\grodzka\vendor\zendframework\zendframework\library\Zend\Mvc\Application.php(313): Zend\EventManager\EventManager->trigger('dispatch', Object(Zend\Mvc\MvcEvent), Object(Closure))
#16 D:\xampp\htdocs\web-ir\grodzka\public\index.php(17): Zend\Mvc\Application->run()
#17 {main}
2015-06-14T12:05:28+02:00 CRIT (2): exception 'Zend\Mvc\Router\Exception\RuntimeException' with message 'Route with name "subscriber-list" not found' in D:\xampp\htdocs\web-ir\grodzka\vendor\zendframework\zendframework\library\Zend\Mvc\Router\Http\TreeRouteStack.php:317
Stack trace:
#0 D:\xampp\htdocs\web-ir\grodzka\vendor\zendframework\zendframework\library\Zend\Mvc\Controller\Plugin\Url.php(99): Zend\Mvc\Router\Http\TreeRouteStack->assemble(Array, Array)
#1 D:\xampp\htdocs\web-ir\grodzka\vendor\zendframework\zendframework\library\Zend\Mvc\Controller\Plugin\Redirect.php(48): Zend\Mvc\Controller\Plugin\Url->fromRoute('subscriber-list', Array, Array, false)
#2 D:\xampp\htdocs\web-ir\grodzka\vendor\cms-ir\cms-ir\src\CmsIr\Newsletter\src\Newsletter\Controller\SubscriberController.php(85): Zend\Mvc\Controller\Plugin\Redirect->toRoute('subscriber-list')
#3 D:\xampp\htdocs\web-ir\grodzka\vendor\zendframework\zendframework\library\Zend\Mvc\Controller\AbstractActionController.php(83): CmsIr\Newsletter\Controller\SubscriberController->createSubscriberAction()
#4 [internal function]: Zend\Mvc\Controller\AbstractActionController->onDispatch(Object(Zend\Mvc\MvcEvent))
#5 D:\xampp\htdocs\web-ir\grodzka\vendor\zendframework\zendframework\library\Zend\EventManager\EventManager.php(468): call_user_func(Array, Object(Zend\Mvc\MvcEvent))
#6 D:\xampp\htdocs\web-ir\grodzka\vendor\zendframework\zendframework\library\Zend\EventManager\EventManager.php(207): Zend\EventManager\EventManager->triggerListeners('dispatch', Object(Zend\Mvc\MvcEvent), Object(Closure))
#7 D:\xampp\htdocs\web-ir\grodzka\vendor\zendframework\zendframework\library\Zend\Mvc\Controller\AbstractController.php(116): Zend\EventManager\EventManager->trigger('dispatch', Object(Zend\Mvc\MvcEvent), Object(Closure))
#8 D:\xampp\htdocs\web-ir\grodzka\vendor\zendframework\zendframework\library\Zend\Mvc\DispatchListener.php(113): Zend\Mvc\Controller\AbstractController->dispatch(Object(Zend\Http\PhpEnvironment\Request), Object(Zend\Http\PhpEnvironment\Response))
#9 [internal function]: Zend\Mvc\DispatchListener->onDispatch(Object(Zend\Mvc\MvcEvent))
#10 D:\xampp\htdocs\web-ir\grodzka\vendor\zendframework\zendframework\library\Zend\EventManager\EventManager.php(468): call_user_func(Array, Object(Zend\Mvc\MvcEvent))
#11 D:\xampp\htdocs\web-ir\grodzka\vendor\zendframework\zendframework\library\Zend\EventManager\EventManager.php(207): Zend\EventManager\EventManager->triggerListeners('dispatch', Object(Zend\Mvc\MvcEvent), Object(Closure))
#12 D:\xampp\htdocs\web-ir\grodzka\vendor\zendframework\zendframework\library\Zend\Mvc\Application.php(313): Zend\EventManager\EventManager->trigger('dispatch', Object(Zend\Mvc\MvcEvent), Object(Closure))
#13 D:\xampp\htdocs\web-ir\grodzka\public\index.php(17): Zend\Mvc\Application->run()
#14 {main}
2015-06-14T12:37:23+02:00 CRIT (2): exception 'Zend\Mvc\Router\Exception\RuntimeException' with message 'Route with name "subscriber-group" not found' in D:\xampp\htdocs\web-ir\grodzka\vendor\zendframework\zendframework\library\Zend\Mvc\Router\Http\TreeRouteStack.php:317
Stack trace:
#0 D:\xampp\htdocs\web-ir\grodzka\vendor\zendframework\zendframework\library\Zend\View\Helper\Url.php(100): Zend\Mvc\Router\Http\TreeRouteStack->assemble(Array, Array)
#1 [internal function]: Zend\View\Helper\Url->__invoke('subscriber-grou...')
#2 D:\xampp\htdocs\web-ir\grodzka\vendor\zendframework\zendframework\library\Zend\View\Renderer\PhpRenderer.php(399): call_user_func_array(Object(Zend\View\Helper\Url), Array)
#3 D:\xampp\htdocs\web-ir\grodzka\vendor\cms-ir\cms-ir\src\CmsIr\Newsletter\view\cms-ir\subscriber\preview-subscriber-group.phtml(38): Zend\View\Renderer\PhpRenderer->__call('url', Array)
#4 D:\xampp\htdocs\web-ir\grodzka\vendor\cms-ir\cms-ir\src\CmsIr\Newsletter\view\cms-ir\subscriber\preview-subscriber-group.phtml(38): Zend\View\Renderer\PhpRenderer->url('subscriber-grou...')
#5 D:\xampp\htdocs\web-ir\grodzka\vendor\zendframework\zendframework\library\Zend\View\Renderer\PhpRenderer.php(506): include('D:\\xampp\\htdocs...')
#6 D:\xampp\htdocs\web-ir\grodzka\vendor\zendframework\zendframework\library\Zend\View\View.php(205): Zend\View\Renderer\PhpRenderer->render(Object(Zend\View\Model\ViewModel))
#7 D:\xampp\htdocs\web-ir\grodzka\vendor\zendframework\zendframework\library\Zend\View\View.php(233): Zend\View\View->render(Object(Zend\View\Model\ViewModel))
#8 D:\xampp\htdocs\web-ir\grodzka\vendor\zendframework\zendframework\library\Zend\View\View.php(198): Zend\View\View->renderChildren(Object(Zend\View\Model\ViewModel))
#9 D:\xampp\htdocs\web-ir\grodzka\vendor\zendframework\zendframework\library\Zend\Mvc\View\Http\DefaultRenderingStrategy.php(103): Zend\View\View->render(Object(Zend\View\Model\ViewModel))
#10 [internal function]: Zend\Mvc\View\Http\DefaultRenderingStrategy->render(Object(Zend\Mvc\MvcEvent))
#11 D:\xampp\htdocs\web-ir\grodzka\vendor\zendframework\zendframework\library\Zend\EventManager\EventManager.php(468): call_user_func(Array, Object(Zend\Mvc\MvcEvent))
#12 D:\xampp\htdocs\web-ir\grodzka\vendor\zendframework\zendframework\library\Zend\EventManager\EventManager.php(207): Zend\EventManager\EventManager->triggerListeners('render', Object(Zend\Mvc\MvcEvent), Array)
#13 D:\xampp\htdocs\web-ir\grodzka\vendor\zendframework\zendframework\library\Zend\Mvc\Application.php(352): Zend\EventManager\EventManager->trigger('render', Object(Zend\Mvc\MvcEvent))
#14 D:\xampp\htdocs\web-ir\grodzka\vendor\zendframework\zendframework\library\Zend\Mvc\Application.php(327): Zend\Mvc\Application->completeRequest(Object(Zend\Mvc\MvcEvent))
#15 D:\xampp\htdocs\web-ir\grodzka\public\index.php(17): Zend\Mvc\Application->run()
#16 {main}
2015-06-14T12:38:07+02:00 CRIT (2): exception 'Zend\Mvc\Router\Exception\RuntimeException' with message 'Route with name "subscriber-group" not found' in D:\xampp\htdocs\web-ir\grodzka\vendor\zendframework\zendframework\library\Zend\Mvc\Router\Http\TreeRouteStack.php:317
Stack trace:
#0 D:\xampp\htdocs\web-ir\grodzka\vendor\zendframework\zendframework\library\Zend\View\Helper\Url.php(100): Zend\Mvc\Router\Http\TreeRouteStack->assemble(Array, Array)
#1 [internal function]: Zend\View\Helper\Url->__invoke('subscriber-grou...')
#2 D:\xampp\htdocs\web-ir\grodzka\vendor\zendframework\zendframework\library\Zend\View\Renderer\PhpRenderer.php(399): call_user_func_array(Object(Zend\View\Helper\Url), Array)
#3 D:\xampp\htdocs\web-ir\grodzka\vendor\cms-ir\cms-ir\src\CmsIr\Newsletter\view\cms-ir\subscriber\preview-subscriber-group.phtml(38): Zend\View\Renderer\PhpRenderer->__call('url', Array)
#4 D:\xampp\htdocs\web-ir\grodzka\vendor\cms-ir\cms-ir\src\CmsIr\Newsletter\view\cms-ir\subscriber\preview-subscriber-group.phtml(38): Zend\View\Renderer\PhpRenderer->url('subscriber-grou...')
#5 D:\xampp\htdocs\web-ir\grodzka\vendor\zendframework\zendframework\library\Zend\View\Renderer\PhpRenderer.php(506): include('D:\\xampp\\htdocs...')
#6 D:\xampp\htdocs\web-ir\grodzka\vendor\zendframework\zendframework\library\Zend\View\View.php(205): Zend\View\Renderer\PhpRenderer->render(Object(Zend\View\Model\ViewModel))
#7 D:\xampp\htdocs\web-ir\grodzka\vendor\zendframework\zendframework\library\Zend\View\View.php(233): Zend\View\View->render(Object(Zend\View\Model\ViewModel))
#8 D:\xampp\htdocs\web-ir\grodzka\vendor\zendframework\zendframework\library\Zend\View\View.php(198): Zend\View\View->renderChildren(Object(Zend\View\Model\ViewModel))
#9 D:\xampp\htdocs\web-ir\grodzka\vendor\zendframework\zendframework\library\Zend\Mvc\View\Http\DefaultRenderingStrategy.php(103): Zend\View\View->render(Object(Zend\View\Model\ViewModel))
#10 [internal function]: Zend\Mvc\View\Http\DefaultRenderingStrategy->render(Object(Zend\Mvc\MvcEvent))
#11 D:\xampp\htdocs\web-ir\grodzka\vendor\zendframework\zendframework\library\Zend\EventManager\EventManager.php(468): call_user_func(Array, Object(Zend\Mvc\MvcEvent))
#12 D:\xampp\htdocs\web-ir\grodzka\vendor\zendframework\zendframework\library\Zend\EventManager\EventManager.php(207): Zend\EventManager\EventManager->triggerListeners('render', Object(Zend\Mvc\MvcEvent), Array)
#13 D:\xampp\htdocs\web-ir\grodzka\vendor\zendframework\zendframework\library\Zend\Mvc\Application.php(352): Zend\EventManager\EventManager->trigger('render', Object(Zend\Mvc\MvcEvent))
#14 D:\xampp\htdocs\web-ir\grodzka\vendor\zendframework\zendframework\library\Zend\Mvc\Application.php(327): Zend\Mvc\Application->completeRequest(Object(Zend\Mvc\MvcEvent))
#15 D:\xampp\htdocs\web-ir\grodzka\public\index.php(17): Zend\Mvc\Application->run()
#16 {main}
2015-06-14T12:39:03+02:00 CRIT (2): exception 'Zend\Mail\Protocol\Exception\RuntimeException' with message 'Unable to connect via TLS' in D:\xampp\htdocs\web-ir\grodzka\vendor\zendframework\zendframework\library\Zend\Mail\Protocol\Smtp.php:180
Stack trace:
#0 D:\xampp\htdocs\web-ir\grodzka\vendor\zendframework\zendframework\library\Zend\Mail\Transport\Smtp.php(341): Zend\Mail\Protocol\Smtp->helo('localhost')
#1 D:\xampp\htdocs\web-ir\grodzka\vendor\zendframework\zendframework\library\Zend\Mail\Transport\Smtp.php(326): Zend\Mail\Transport\Smtp->connect()
#2 D:\xampp\htdocs\web-ir\grodzka\vendor\zendframework\zendframework\library\Zend\Mail\Transport\Smtp.php(337): Zend\Mail\Transport\Smtp->lazyLoadConnection()
#3 D:\xampp\htdocs\web-ir\grodzka\vendor\zendframework\zendframework\library\Zend\Mail\Transport\Smtp.php(204): Zend\Mail\Transport\Smtp->connect()
#4 D:\xampp\htdocs\web-ir\grodzka\vendor\cms-ir\cms-ir\src\CmsIr\Newsletter\src\Newsletter\Controller\SubscriberController.php(107): Zend\Mail\Transport\Smtp->send(Object(Zend\Mail\Message))
#5 D:\xampp\htdocs\web-ir\grodzka\vendor\cms-ir\cms-ir\src\CmsIr\Newsletter\src\Newsletter\Controller\SubscriberController.php(81): CmsIr\Newsletter\Controller\SubscriberController->sendConfirmationEmail('test@test.pl', '557d59c7500c2')
#6 D:\xampp\htdocs\web-ir\grodzka\vendor\zendframework\zendframework\library\Zend\Mvc\Controller\AbstractActionController.php(83): CmsIr\Newsletter\Controller\SubscriberController->createSubscriberAction()
#7 [internal function]: Zend\Mvc\Controller\AbstractActionController->onDispatch(Object(Zend\Mvc\MvcEvent))
#8 D:\xampp\htdocs\web-ir\grodzka\vendor\zendframework\zendframework\library\Zend\EventManager\EventManager.php(468): call_user_func(Array, Object(Zend\Mvc\MvcEvent))
#9 D:\xampp\htdocs\web-ir\grodzka\vendor\zendframework\zendframework\library\Zend\EventManager\EventManager.php(207): Zend\EventManager\EventManager->triggerListeners('dispatch', Object(Zend\Mvc\MvcEvent), Object(Closure))
#10 D:\xampp\htdocs\web-ir\grodzka\vendor\zendframework\zendframework\library\Zend\Mvc\Controller\AbstractController.php(116): Zend\EventManager\EventManager->trigger('dispatch', Object(Zend\Mvc\MvcEvent), Object(Closure))
#11 D:\xampp\htdocs\web-ir\grodzka\vendor\zendframework\zendframework\library\Zend\Mvc\DispatchListener.php(113): Zend\Mvc\Controller\AbstractController->dispatch(Object(Zend\Http\PhpEnvironment\Request), Object(Zend\Http\PhpEnvironment\Response))
#12 [internal function]: Zend\Mvc\DispatchListener->onDispatch(Object(Zend\Mvc\MvcEvent))
#13 D:\xampp\htdocs\web-ir\grodzka\vendor\zendframework\zendframework\library\Zend\EventManager\EventManager.php(468): call_user_func(Array, Object(Zend\Mvc\MvcEvent))
#14 D:\xampp\htdocs\web-ir\grodzka\vendor\zendframework\zendframework\library\Zend\EventManager\EventManager.php(207): Zend\EventManager\EventManager->triggerListeners('dispatch', Object(Zend\Mvc\MvcEvent), Object(Closure))
#15 D:\xampp\htdocs\web-ir\grodzka\vendor\zendframework\zendframework\library\Zend\Mvc\Application.php(313): Zend\EventManager\EventManager->trigger('dispatch', Object(Zend\Mvc\MvcEvent), Object(Closure))
#16 D:\xampp\htdocs\web-ir\grodzka\public\index.php(17): Zend\Mvc\Application->run()
#17 {main}
2015-06-14T12:41:53+02:00 CRIT (2): exception 'Zend\Mvc\Router\Exception\RuntimeException' with message 'Route with name "subscriber-list" not found' in D:\xampp\htdocs\web-ir\grodzka\vendor\zendframework\zendframework\library\Zend\Mvc\Router\Http\TreeRouteStack.php:317
Stack trace:
#0 D:\xampp\htdocs\web-ir\grodzka\vendor\zendframework\zendframework\library\Zend\View\Helper\Url.php(100): Zend\Mvc\Router\Http\TreeRouteStack->assemble(Array, Array)
#1 [internal function]: Zend\View\Helper\Url->__invoke('subscriber-list')
#2 D:\xampp\htdocs\web-ir\grodzka\vendor\zendframework\zendframework\library\Zend\View\Renderer\PhpRenderer.php(399): call_user_func_array(Object(Zend\View\Helper\Url), Array)
#3 D:\xampp\htdocs\web-ir\grodzka\vendor\cms-ir\cms-ir\src\CmsIr\Newsletter\view\cms-ir\subscriber\preview-subscriber.phtml(40): Zend\View\Renderer\PhpRenderer->__call('url', Array)
#4 D:\xampp\htdocs\web-ir\grodzka\vendor\cms-ir\cms-ir\src\CmsIr\Newsletter\view\cms-ir\subscriber\preview-subscriber.phtml(40): Zend\View\Renderer\PhpRenderer->url('subscriber-list')
#5 D:\xampp\htdocs\web-ir\grodzka\vendor\zendframework\zendframework\library\Zend\View\Renderer\PhpRenderer.php(506): include('D:\\xampp\\htdocs...')
#6 D:\xampp\htdocs\web-ir\grodzka\vendor\zendframework\zendframework\library\Zend\View\View.php(205): Zend\View\Renderer\PhpRenderer->render(Object(Zend\View\Model\ViewModel))
#7 D:\xampp\htdocs\web-ir\grodzka\vendor\zendframework\zendframework\library\Zend\View\View.php(233): Zend\View\View->render(Object(Zend\View\Model\ViewModel))
#8 D:\xampp\htdocs\web-ir\grodzka\vendor\zendframework\zendframework\library\Zend\View\View.php(198): Zend\View\View->renderChildren(Object(Zend\View\Model\ViewModel))
#9 D:\xampp\htdocs\web-ir\grodzka\vendor\zendframework\zendframework\library\Zend\Mvc\View\Http\DefaultRenderingStrategy.php(103): Zend\View\View->render(Object(Zend\View\Model\ViewModel))
#10 [internal function]: Zend\Mvc\View\Http\DefaultRenderingStrategy->render(Object(Zend\Mvc\MvcEvent))
#11 D:\xampp\htdocs\web-ir\grodzka\vendor\zendframework\zendframework\library\Zend\EventManager\EventManager.php(468): call_user_func(Array, Object(Zend\Mvc\MvcEvent))
#12 D:\xampp\htdocs\web-ir\grodzka\vendor\zendframework\zendframework\library\Zend\EventManager\EventManager.php(207): Zend\EventManager\EventManager->triggerListeners('render', Object(Zend\Mvc\MvcEvent), Array)
#13 D:\xampp\htdocs\web-ir\grodzka\vendor\zendframework\zendframework\library\Zend\Mvc\Application.php(352): Zend\EventManager\EventManager->trigger('render', Object(Zend\Mvc\MvcEvent))
#14 D:\xampp\htdocs\web-ir\grodzka\vendor\zendframework\zendframework\library\Zend\Mvc\Application.php(327): Zend\Mvc\Application->completeRequest(Object(Zend\Mvc\MvcEvent))
#15 D:\xampp\htdocs\web-ir\grodzka\public\index.php(17): Zend\Mvc\Application->run()
#16 {main}
2015-06-14T12:42:19+02:00 CRIT (2): exception 'Zend\Mvc\Router\Exception\RuntimeException' with message 'Route with name "subscriber-list" not found' in D:\xampp\htdocs\web-ir\grodzka\vendor\zendframework\zendframework\library\Zend\Mvc\Router\Http\TreeRouteStack.php:317
Stack trace:
#0 D:\xampp\htdocs\web-ir\grodzka\vendor\zendframework\zendframework\library\Zend\Mvc\Controller\Plugin\Url.php(99): Zend\Mvc\Router\Http\TreeRouteStack->assemble(Array, Array)
#1 D:\xampp\htdocs\web-ir\grodzka\vendor\zendframework\zendframework\library\Zend\Mvc\Controller\Plugin\Redirect.php(48): Zend\Mvc\Controller\Plugin\Url->fromRoute('subscriber-list', Array, Array, false)
#2 D:\xampp\htdocs\web-ir\grodzka\vendor\cms-ir\cms-ir\src\CmsIr\Newsletter\src\Newsletter\Controller\SubscriberController.php(158): Zend\Mvc\Controller\Plugin\Redirect->toRoute('subscriber-list')
#3 D:\xampp\htdocs\web-ir\grodzka\vendor\zendframework\zendframework\library\Zend\Mvc\Controller\AbstractActionController.php(83): CmsIr\Newsletter\Controller\SubscriberController->editSubscriberAction()
#4 [internal function]: Zend\Mvc\Controller\AbstractActionController->onDispatch(Object(Zend\Mvc\MvcEvent))
#5 D:\xampp\htdocs\web-ir\grodzka\vendor\zendframework\zendframework\library\Zend\EventManager\EventManager.php(468): call_user_func(Array, Object(Zend\Mvc\MvcEvent))
#6 D:\xampp\htdocs\web-ir\grodzka\vendor\zendframework\zendframework\library\Zend\EventManager\EventManager.php(207): Zend\EventManager\EventManager->triggerListeners('dispatch', Object(Zend\Mvc\MvcEvent), Object(Closure))
#7 D:\xampp\htdocs\web-ir\grodzka\vendor\zendframework\zendframework\library\Zend\Mvc\Controller\AbstractController.php(116): Zend\EventManager\EventManager->trigger('dispatch', Object(Zend\Mvc\MvcEvent), Object(Closure))
#8 D:\xampp\htdocs\web-ir\grodzka\vendor\zendframework\zendframework\library\Zend\Mvc\DispatchListener.php(113): Zend\Mvc\Controller\AbstractController->dispatch(Object(Zend\Http\PhpEnvironment\Request), Object(Zend\Http\PhpEnvironment\Response))
#9 [internal function]: Zend\Mvc\DispatchListener->onDispatch(Object(Zend\Mvc\MvcEvent))
#10 D:\xampp\htdocs\web-ir\grodzka\vendor\zendframework\zendframework\library\Zend\EventManager\EventManager.php(468): call_user_func(Array, Object(Zend\Mvc\MvcEvent))
#11 D:\xampp\htdocs\web-ir\grodzka\vendor\zendframework\zendframework\library\Zend\EventManager\EventManager.php(207): Zend\EventManager\EventManager->triggerListeners('dispatch', Object(Zend\Mvc\MvcEvent), Object(Closure))
#12 D:\xampp\htdocs\web-ir\grodzka\vendor\zendframework\zendframework\library\Zend\Mvc\Application.php(313): Zend\EventManager\EventManager->trigger('dispatch', Object(Zend\Mvc\MvcEvent), Object(Closure))
#13 D:\xampp\htdocs\web-ir\grodzka\public\index.php(17): Zend\Mvc\Application->run()
#14 {main}
2015-06-14T12:43:21+02:00 CRIT (2): exception 'Zend\Mvc\Router\Exception\RuntimeException' with message 'Route with name "subscriber-list" not found' in D:\xampp\htdocs\web-ir\grodzka\vendor\zendframework\zendframework\library\Zend\Mvc\Router\Http\TreeRouteStack.php:317
Stack trace:
#0 D:\xampp\htdocs\web-ir\grodzka\vendor\zendframework\zendframework\library\Zend\View\Helper\Url.php(100): Zend\Mvc\Router\Http\TreeRouteStack->assemble(Array, Array)
#1 [internal function]: Zend\View\Helper\Url->__invoke('subscriber-list')
#2 D:\xampp\htdocs\web-ir\grodzka\vendor\zendframework\zendframework\library\Zend\View\Renderer\PhpRenderer.php(399): call_user_func_array(Object(Zend\View\Helper\Url), Array)
#3 D:\xampp\htdocs\web-ir\grodzka\vendor\cms-ir\cms-ir\src\CmsIr\Newsletter\view\cms-ir\subscriber\preview-subscriber.phtml(40): Zend\View\Renderer\PhpRenderer->__call('url', Array)
#4 D:\xampp\htdocs\web-ir\grodzka\vendor\cms-ir\cms-ir\src\CmsIr\Newsletter\view\cms-ir\subscriber\preview-subscriber.phtml(40): Zend\View\Renderer\PhpRenderer->url('subscriber-list')
#5 D:\xampp\htdocs\web-ir\grodzka\vendor\zendframework\zendframework\library\Zend\View\Renderer\PhpRenderer.php(506): include('D:\\xampp\\htdocs...')
#6 D:\xampp\htdocs\web-ir\grodzka\vendor\zendframework\zendframework\library\Zend\View\View.php(205): Zend\View\Renderer\PhpRenderer->render(Object(Zend\View\Model\ViewModel))
#7 D:\xampp\htdocs\web-ir\grodzka\vendor\zendframework\zendframework\library\Zend\View\View.php(233): Zend\View\View->render(Object(Zend\View\Model\ViewModel))
#8 D:\xampp\htdocs\web-ir\grodzka\vendor\zendframework\zendframework\library\Zend\View\View.php(198): Zend\View\View->renderChildren(Object(Zend\View\Model\ViewModel))
#9 D:\xampp\htdocs\web-ir\grodzka\vendor\zendframework\zendframework\library\Zend\Mvc\View\Http\DefaultRenderingStrategy.php(103): Zend\View\View->render(Object(Zend\View\Model\ViewModel))
#10 [internal function]: Zend\Mvc\View\Http\DefaultRenderingStrategy->render(Object(Zend\Mvc\MvcEvent))
#11 D:\xampp\htdocs\web-ir\grodzka\vendor\zendframework\zendframework\library\Zend\EventManager\EventManager.php(468): call_user_func(Array, Object(Zend\Mvc\MvcEvent))
#12 D:\xampp\htdocs\web-ir\grodzka\vendor\zendframework\zendframework\library\Zend\EventManager\EventManager.php(207): Zend\EventManager\EventManager->triggerListeners('render', Object(Zend\Mvc\MvcEvent), Array)
#13 D:\xampp\htdocs\web-ir\grodzka\vendor\zendframework\zendframework\library\Zend\Mvc\Application.php(352): Zend\EventManager\EventManager->trigger('render', Object(Zend\Mvc\MvcEvent))
#14 D:\xampp\htdocs\web-ir\grodzka\vendor\zendframework\zendframework\library\Zend\Mvc\Application.php(327): Zend\Mvc\Application->completeRequest(Object(Zend\Mvc\MvcEvent))
#15 D:\xampp\htdocs\web-ir\grodzka\public\index.php(17): Zend\Mvc\Application->run()
#16 {main}
2015-06-14T17:25:58+02:00 CRIT (2): exception 'PDOException' with message 'SQLSTATE[42000]: Syntax error or access violation: 1064 You have an error in your SQL syntax; check the manual that corresponds to your MySQL server version for the right syntax to use near 'ASC LIMIT 10 OFFSET 0' at line 1' in /media/wtk13/Reszta/htdocs/grodzka/vendor/zendframework/zendframework/library/Zend/Db/Adapter/Driver/Pdo/Statement.php:239
Stack trace:
#0 /media/wtk13/Reszta/htdocs/grodzka/vendor/zendframework/zendframework/library/Zend/Db/Adapter/Driver/Pdo/Statement.php(239): PDOStatement->execute()
#1 /media/wtk13/Reszta/htdocs/grodzka/vendor/zendframework/zendframework/library/Zend/Db/TableGateway/AbstractTableGateway.php(233): Zend\Db\Adapter\Driver\Pdo\Statement->execute()
#2 /media/wtk13/Reszta/htdocs/grodzka/vendor/zendframework/zendframework/library/Zend/Db/TableGateway/AbstractTableGateway.php(208): Zend\Db\TableGateway\AbstractTableGateway->executeSelect(Object(Zend\Db\Sql\Select))
#3 /media/wtk13/Reszta/htdocs/grodzka/vendor/zendframework/zendframework/library/Zend/Db/TableGateway/AbstractTableGateway.php(195): Zend\Db\TableGateway\AbstractTableGateway->selectWith(Object(Zend\Db\Sql\Select))
#4 /media/wtk13/Reszta/htdocs/grodzka/vendor/cms-ir/cms-ir/src/CmsIr/Dictionary/src/Dictionary/Model/DictionaryTable.php(96): Zend\Db\TableGateway\AbstractTableGateway->select(Object(Closure))
#5 /media/wtk13/Reszta/htdocs/grodzka/vendor/cms-ir/cms-ir/src/CmsIr/Dictionary/src/Dictionary/Controller/DictionaryController.php(29): CmsIr\Dictionary\Model\DictionaryTable->getDictionaryDatatables(Array, Object(Zend\Stdlib\Parameters), 'position')
#6 /media/wtk13/Reszta/htdocs/grodzka/vendor/zendframework/zendframework/library/Zend/Mvc/Controller/AbstractActionController.php(83): CmsIr\Dictionary\Controller\DictionaryController->listAction()
#7 [internal function]: Zend\Mvc\Controller\AbstractActionController->onDispatch(Object(Zend\Mvc\MvcEvent))
#8 /media/wtk13/Reszta/htdocs/grodzka/vendor/zendframework/zendframework/library/Zend/EventManager/EventManager.php(468): call_user_func(Array, Object(Zend\Mvc\MvcEvent))
#9 /media/wtk13/Reszta/htdocs/grodzka/vendor/zendframework/zendframework/library/Zend/EventManager/EventManager.php(207): Zend\EventManager\EventManager->triggerListeners('dispatch', Object(Zend\Mvc\MvcEvent), Object(Closure))
#10 /media/wtk13/Reszta/htdocs/grodzka/vendor/zendframework/zendframework/library/Zend/Mvc/Controller/AbstractController.php(116): Zend\EventManager\EventManager->trigger('dispatch', Object(Zend\Mvc\MvcEvent), Object(Closure))
#11 /media/wtk13/Reszta/htdocs/grodzka/vendor/zendframework/zendframework/library/Zend/Mvc/DispatchListener.php(113): Zend\Mvc\Controller\AbstractController->dispatch(Object(Zend\Http\PhpEnvironment\Request), Object(Zend\Http\PhpEnvironment\Response))
#12 [internal function]: Zend\Mvc\DispatchListener->onDispatch(Object(Zend\Mvc\MvcEvent))
#13 /media/wtk13/Reszta/htdocs/grodzka/vendor/zendframework/zendframework/library/Zend/EventManager/EventManager.php(468): call_user_func(Array, Object(Zend\Mvc\MvcEvent))
#14 /media/wtk13/Reszta/htdocs/grodzka/vendor/zendframework/zendframework/library/Zend/EventManager/EventManager.php(207): Zend\EventManager\EventManager->triggerListeners('dispatch', Object(Zend\Mvc\MvcEvent), Object(Closure))
#15 /media/wtk13/Reszta/htdocs/grodzka/vendor/zendframework/zendframework/library/Zend/Mvc/Application.php(313): Zend\EventManager\EventManager->trigger('dispatch', Object(Zend\Mvc\MvcEvent), Object(Closure))
#16 /media/wtk13/Reszta/htdocs/grodzka/public/index.php(17): Zend\Mvc\Application->run()
#17 {main}

Next exception 'Zend\Db\Adapter\Exception\InvalidQueryException' with message 'Statement could not be executed (42000 - 1064 - You have an error in your SQL syntax; check the manual that corresponds to your MySQL server version for the right syntax to use near 'ASC LIMIT 10 OFFSET 0' at line 1)' in /media/wtk13/Reszta/htdocs/grodzka/vendor/zendframework/zendframework/library/Zend/Db/Adapter/Driver/Pdo/Statement.php:244
Stack trace:
#0 /media/wtk13/Reszta/htdocs/grodzka/vendor/zendframework/zendframework/library/Zend/Db/TableGateway/AbstractTableGateway.php(233): Zend\Db\Adapter\Driver\Pdo\Statement->execute()
#1 /media/wtk13/Reszta/htdocs/grodzka/vendor/zendframework/zendframework/library/Zend/Db/TableGateway/AbstractTableGateway.php(208): Zend\Db\TableGateway\AbstractTableGateway->executeSelect(Object(Zend\Db\Sql\Select))
#2 /media/wtk13/Reszta/htdocs/grodzka/vendor/zendframework/zendframework/library/Zend/Db/TableGateway/AbstractTableGateway.php(195): Zend\Db\TableGateway\AbstractTableGateway->selectWith(Object(Zend\Db\Sql\Select))
#3 /media/wtk13/Reszta/htdocs/grodzka/vendor/cms-ir/cms-ir/src/CmsIr/Dictionary/src/Dictionary/Model/DictionaryTable.php(96): Zend\Db\TableGateway\AbstractTableGateway->select(Object(Closure))
#4 /media/wtk13/Reszta/htdocs/grodzka/vendor/cms-ir/cms-ir/src/CmsIr/Dictionary/src/Dictionary/Controller/DictionaryController.php(29): CmsIr\Dictionary\Model\DictionaryTable->getDictionaryDatatables(Array, Object(Zend\Stdlib\Parameters), 'position')
#5 /media/wtk13/Reszta/htdocs/grodzka/vendor/zendframework/zendframework/library/Zend/Mvc/Controller/AbstractActionController.php(83): CmsIr\Dictionary\Controller\DictionaryController->listAction()
#6 [internal function]: Zend\Mvc\Controller\AbstractActionController->onDispatch(Object(Zend\Mvc\MvcEvent))
#7 /media/wtk13/Reszta/htdocs/grodzka/vendor/zendframework/zendframework/library/Zend/EventManager/EventManager.php(468): call_user_func(Array, Object(Zend\Mvc\MvcEvent))
#8 /media/wtk13/Reszta/htdocs/grodzka/vendor/zendframework/zendframework/library/Zend/EventManager/EventManager.php(207): Zend\EventManager\EventManager->triggerListeners('dispatch', Object(Zend\Mvc\MvcEvent), Object(Closure))
#9 /media/wtk13/Reszta/htdocs/grodzka/vendor/zendframework/zendframework/library/Zend/Mvc/Controller/AbstractController.php(116): Zend\EventManager\EventManager->trigger('dispatch', Object(Zend\Mvc\MvcEvent), Object(Closure))
#10 /media/wtk13/Reszta/htdocs/grodzka/vendor/zendframework/zendframework/library/Zend/Mvc/DispatchListener.php(113): Zend\Mvc\Controller\AbstractController->dispatch(Object(Zend\Http\PhpEnvironment\Request), Object(Zend\Http\PhpEnvironment\Response))
#11 [internal function]: Zend\Mvc\DispatchListener->onDispatch(Object(Zend\Mvc\MvcEvent))
#12 /media/wtk13/Reszta/htdocs/grodzka/vendor/zendframework/zendframework/library/Zend/EventManager/EventManager.php(468): call_user_func(Array, Object(Zend\Mvc\MvcEvent))
#13 /media/wtk13/Reszta/htdocs/grodzka/vendor/zendframework/zendframework/library/Zend/EventManager/EventManager.php(207): Zend\EventManager\EventManager->triggerListeners('dispatch', Object(Zend\Mvc\MvcEvent), Object(Closure))
#14 /media/wtk13/Reszta/htdocs/grodzka/vendor/zendframework/zendframework/library/Zend/Mvc/Application.php(313): Zend\EventManager\EventManager->trigger('dispatch', Object(Zend\Mvc\MvcEvent), Object(Closure))
#15 /media/wtk13/Reszta/htdocs/grodzka/public/index.php(17): Zend\Mvc\Application->run()
#16 {main}
2015-06-14T17:26:52+02:00 CRIT (2): exception 'PDOException' with message 'SQLSTATE[42000]: Syntax error or access violation: 1064 You have an error in your SQL syntax; check the manual that corresponds to your MySQL server version for the right syntax to use near 'ASC LIMIT 10 OFFSET 0' at line 1' in /media/wtk13/Reszta/htdocs/grodzka/vendor/zendframework/zendframework/library/Zend/Db/Adapter/Driver/Pdo/Statement.php:239
Stack trace:
#0 /media/wtk13/Reszta/htdocs/grodzka/vendor/zendframework/zendframework/library/Zend/Db/Adapter/Driver/Pdo/Statement.php(239): PDOStatement->execute()
#1 /media/wtk13/Reszta/htdocs/grodzka/vendor/zendframework/zendframework/library/Zend/Db/TableGateway/AbstractTableGateway.php(233): Zend\Db\Adapter\Driver\Pdo\Statement->execute()
#2 /media/wtk13/Reszta/htdocs/grodzka/vendor/zendframework/zendframework/library/Zend/Db/TableGateway/AbstractTableGateway.php(208): Zend\Db\TableGateway\AbstractTableGateway->executeSelect(Object(Zend\Db\Sql\Select))
#3 /media/wtk13/Reszta/htdocs/grodzka/vendor/zendframework/zendframework/library/Zend/Db/TableGateway/AbstractTableGateway.php(195): Zend\Db\TableGateway\AbstractTableGateway->selectWith(Object(Zend\Db\Sql\Select))
#4 /media/wtk13/Reszta/htdocs/grodzka/vendor/cms-ir/cms-ir/src/CmsIr/Dictionary/src/Dictionary/Model/DictionaryTable.php(96): Zend\Db\TableGateway\AbstractTableGateway->select(Object(Closure))
#5 /media/wtk13/Reszta/htdocs/grodzka/vendor/cms-ir/cms-ir/src/CmsIr/Dictionary/src/Dictionary/Controller/DictionaryController.php(29): CmsIr\Dictionary\Model\DictionaryTable->getDictionaryDatatables(Array, Object(Zend\Stdlib\Parameters), 'position')
#6 /media/wtk13/Reszta/htdocs/grodzka/vendor/zendframework/zendframework/library/Zend/Mvc/Controller/AbstractActionController.php(83): CmsIr\Dictionary\Controller\DictionaryController->listAction()
#7 [internal function]: Zend\Mvc\Controller\AbstractActionController->onDispatch(Object(Zend\Mvc\MvcEvent))
#8 /media/wtk13/Reszta/htdocs/grodzka/vendor/zendframework/zendframework/library/Zend/EventManager/EventManager.php(468): call_user_func(Array, Object(Zend\Mvc\MvcEvent))
#9 /media/wtk13/Reszta/htdocs/grodzka/vendor/zendframework/zendframework/library/Zend/EventManager/EventManager.php(207): Zend\EventManager\EventManager->triggerListeners('dispatch', Object(Zend\Mvc\MvcEvent), Object(Closure))
#10 /media/wtk13/Reszta/htdocs/grodzka/vendor/zendframework/zendframework/library/Zend/Mvc/Controller/AbstractController.php(116): Zend\EventManager\EventManager->trigger('dispatch', Object(Zend\Mvc\MvcEvent), Object(Closure))
#11 /media/wtk13/Reszta/htdocs/grodzka/vendor/zendframework/zendframework/library/Zend/Mvc/DispatchListener.php(113): Zend\Mvc\Controller\AbstractController->dispatch(Object(Zend\Http\PhpEnvironment\Request), Object(Zend\Http\PhpEnvironment\Response))
#12 [internal function]: Zend\Mvc\DispatchListener->onDispatch(Object(Zend\Mvc\MvcEvent))
#13 /media/wtk13/Reszta/htdocs/grodzka/vendor/zendframework/zendframework/library/Zend/EventManager/EventManager.php(468): call_user_func(Array, Object(Zend\Mvc\MvcEvent))
#14 /media/wtk13/Reszta/htdocs/grodzka/vendor/zendframework/zendframework/library/Zend/EventManager/EventManager.php(207): Zend\EventManager\EventManager->triggerListeners('dispatch', Object(Zend\Mvc\MvcEvent), Object(Closure))
#15 /media/wtk13/Reszta/htdocs/grodzka/vendor/zendframework/zendframework/library/Zend/Mvc/Application.php(313): Zend\EventManager\EventManager->trigger('dispatch', Object(Zend\Mvc\MvcEvent), Object(Closure))
#16 /media/wtk13/Reszta/htdocs/grodzka/public/index.php(17): Zend\Mvc\Application->run()
#17 {main}

Next exception 'Zend\Db\Adapter\Exception\InvalidQueryException' with message 'Statement could not be executed (42000 - 1064 - You have an error in your SQL syntax; check the manual that corresponds to your MySQL server version for the right syntax to use near 'ASC LIMIT 10 OFFSET 0' at line 1)' in /media/wtk13/Reszta/htdocs/grodzka/vendor/zendframework/zendframework/library/Zend/Db/Adapter/Driver/Pdo/Statement.php:244
Stack trace:
#0 /media/wtk13/Reszta/htdocs/grodzka/vendor/zendframework/zendframework/library/Zend/Db/TableGateway/AbstractTableGateway.php(233): Zend\Db\Adapter\Driver\Pdo\Statement->execute()
#1 /media/wtk13/Reszta/htdocs/grodzka/vendor/zendframework/zendframework/library/Zend/Db/TableGateway/AbstractTableGateway.php(208): Zend\Db\TableGateway\AbstractTableGateway->executeSelect(Object(Zend\Db\Sql\Select))
#2 /media/wtk13/Reszta/htdocs/grodzka/vendor/zendframework/zendframework/library/Zend/Db/TableGateway/AbstractTableGateway.php(195): Zend\Db\TableGateway\AbstractTableGateway->selectWith(Object(Zend\Db\Sql\Select))
#3 /media/wtk13/Reszta/htdocs/grodzka/vendor/cms-ir/cms-ir/src/CmsIr/Dictionary/src/Dictionary/Model/DictionaryTable.php(96): Zend\Db\TableGateway\AbstractTableGateway->select(Object(Closure))
#4 /media/wtk13/Reszta/htdocs/grodzka/vendor/cms-ir/cms-ir/src/CmsIr/Dictionary/src/Dictionary/Controller/DictionaryController.php(29): CmsIr\Dictionary\Model\DictionaryTable->getDictionaryDatatables(Array, Object(Zend\Stdlib\Parameters), 'position')
#5 /media/wtk13/Reszta/htdocs/grodzka/vendor/zendframework/zendframework/library/Zend/Mvc/Controller/AbstractActionController.php(83): CmsIr\Dictionary\Controller\DictionaryController->listAction()
#6 [internal function]: Zend\Mvc\Controller\AbstractActionController->onDispatch(Object(Zend\Mvc\MvcEvent))
#7 /media/wtk13/Reszta/htdocs/grodzka/vendor/zendframework/zendframework/library/Zend/EventManager/EventManager.php(468): call_user_func(Array, Object(Zend\Mvc\MvcEvent))
#8 /media/wtk13/Reszta/htdocs/grodzka/vendor/zendframework/zendframework/library/Zend/EventManager/EventManager.php(207): Zend\EventManager\EventManager->triggerListeners('dispatch', Object(Zend\Mvc\MvcEvent), Object(Closure))
#9 /media/wtk13/Reszta/htdocs/grodzka/vendor/zendframework/zendframework/library/Zend/Mvc/Controller/AbstractController.php(116): Zend\EventManager\EventManager->trigger('dispatch', Object(Zend\Mvc\MvcEvent), Object(Closure))
#10 /media/wtk13/Reszta/htdocs/grodzka/vendor/zendframework/zendframework/library/Zend/Mvc/DispatchListener.php(113): Zend\Mvc\Controller\AbstractController->dispatch(Object(Zend\Http\PhpEnvironment\Request), Object(Zend\Http\PhpEnvironment\Response))
#11 [internal function]: Zend\Mvc\DispatchListener->onDispatch(Object(Zend\Mvc\MvcEvent))
#12 /media/wtk13/Reszta/htdocs/grodzka/vendor/zendframework/zendframework/library/Zend/EventManager/EventManager.php(468): call_user_func(Array, Object(Zend\Mvc\MvcEvent))
#13 /media/wtk13/Reszta/htdocs/grodzka/vendor/zendframework/zendframework/library/Zend/EventManager/EventManager.php(207): Zend\EventManager\EventManager->triggerListeners('dispatch', Object(Zend\Mvc\MvcEvent), Object(Closure))
#14 /media/wtk13/Reszta/htdocs/grodzka/vendor/zendframework/zendframework/library/Zend/Mvc/Application.php(313): Zend\EventManager\EventManager->trigger('dispatch', Object(Zend\Mvc\MvcEvent), Object(Closure))
#15 /media/wtk13/Reszta/htdocs/grodzka/public/index.php(17): Zend\Mvc\Application->run()
#16 {main}
2015-06-14T17:27:33+02:00 CRIT (2): exception 'PDOException' with message 'SQLSTATE[42000]: Syntax error or access violation: 1064 You have an error in your SQL syntax; check the manual that corresponds to your MySQL server version for the right syntax to use near 'ASC LIMIT 10 OFFSET 0' at line 1' in /media/wtk13/Reszta/htdocs/grodzka/vendor/zendframework/zendframework/library/Zend/Db/Adapter/Driver/Pdo/Statement.php:239
Stack trace:
#0 /media/wtk13/Reszta/htdocs/grodzka/vendor/zendframework/zendframework/library/Zend/Db/Adapter/Driver/Pdo/Statement.php(239): PDOStatement->execute()
#1 /media/wtk13/Reszta/htdocs/grodzka/vendor/zendframework/zendframework/library/Zend/Db/TableGateway/AbstractTableGateway.php(233): Zend\Db\Adapter\Driver\Pdo\Statement->execute()
#2 /media/wtk13/Reszta/htdocs/grodzka/vendor/zendframework/zendframework/library/Zend/Db/TableGateway/AbstractTableGateway.php(208): Zend\Db\TableGateway\AbstractTableGateway->executeSelect(Object(Zend\Db\Sql\Select))
#3 /media/wtk13/Reszta/htdocs/grodzka/vendor/zendframework/zendframework/library/Zend/Db/TableGateway/AbstractTableGateway.php(195): Zend\Db\TableGateway\AbstractTableGateway->selectWith(Object(Zend\Db\Sql\Select))
#4 /media/wtk13/Reszta/htdocs/grodzka/vendor/cms-ir/cms-ir/src/CmsIr/Dictionary/src/Dictionary/Model/DictionaryTable.php(96): Zend\Db\TableGateway\AbstractTableGateway->select(Object(Closure))
#5 /media/wtk13/Reszta/htdocs/grodzka/vendor/cms-ir/cms-ir/src/CmsIr/Dictionary/src/Dictionary/Controller/DictionaryController.php(29): CmsIr\Dictionary\Model\DictionaryTable->getDictionaryDatatables(Array, Object(Zend\Stdlib\Parameters), 'position')
#6 /media/wtk13/Reszta/htdocs/grodzka/vendor/zendframework/zendframework/library/Zend/Mvc/Controller/AbstractActionController.php(83): CmsIr\Dictionary\Controller\DictionaryController->listAction()
#7 [internal function]: Zend\Mvc\Controller\AbstractActionController->onDispatch(Object(Zend\Mvc\MvcEvent))
#8 /media/wtk13/Reszta/htdocs/grodzka/vendor/zendframework/zendframework/library/Zend/EventManager/EventManager.php(468): call_user_func(Array, Object(Zend\Mvc\MvcEvent))
#9 /media/wtk13/Reszta/htdocs/grodzka/vendor/zendframework/zendframework/library/Zend/EventManager/EventManager.php(207): Zend\EventManager\EventManager->triggerListeners('dispatch', Object(Zend\Mvc\MvcEvent), Object(Closure))
#10 /media/wtk13/Reszta/htdocs/grodzka/vendor/zendframework/zendframework/library/Zend/Mvc/Controller/AbstractController.php(116): Zend\EventManager\EventManager->trigger('dispatch', Object(Zend\Mvc\MvcEvent), Object(Closure))
#11 /media/wtk13/Reszta/htdocs/grodzka/vendor/zendframework/zendframework/library/Zend/Mvc/DispatchListener.php(113): Zend\Mvc\Controller\AbstractController->dispatch(Object(Zend\Http\PhpEnvironment\Request), Object(Zend\Http\PhpEnvironment\Response))
#12 [internal function]: Zend\Mvc\DispatchListener->onDispatch(Object(Zend\Mvc\MvcEvent))
#13 /media/wtk13/Reszta/htdocs/grodzka/vendor/zendframework/zendframework/library/Zend/EventManager/EventManager.php(468): call_user_func(Array, Object(Zend\Mvc\MvcEvent))
#14 /media/wtk13/Reszta/htdocs/grodzka/vendor/zendframework/zendframework/library/Zend/EventManager/EventManager.php(207): Zend\EventManager\EventManager->triggerListeners('dispatch', Object(Zend\Mvc\MvcEvent), Object(Closure))
#15 /media/wtk13/Reszta/htdocs/grodzka/vendor/zendframework/zendframework/library/Zend/Mvc/Application.php(313): Zend\EventManager\EventManager->trigger('dispatch', Object(Zend\Mvc\MvcEvent), Object(Closure))
#16 /media/wtk13/Reszta/htdocs/grodzka/public/index.php(17): Zend\Mvc\Application->run()
#17 {main}

Next exception 'Zend\Db\Adapter\Exception\InvalidQueryException' with message 'Statement could not be executed (42000 - 1064 - You have an error in your SQL syntax; check the manual that corresponds to your MySQL server version for the right syntax to use near 'ASC LIMIT 10 OFFSET 0' at line 1)' in /media/wtk13/Reszta/htdocs/grodzka/vendor/zendframework/zendframework/library/Zend/Db/Adapter/Driver/Pdo/Statement.php:244
Stack trace:
#0 /media/wtk13/Reszta/htdocs/grodzka/vendor/zendframework/zendframework/library/Zend/Db/TableGateway/AbstractTableGateway.php(233): Zend\Db\Adapter\Driver\Pdo\Statement->execute()
#1 /media/wtk13/Reszta/htdocs/grodzka/vendor/zendframework/zendframework/library/Zend/Db/TableGateway/AbstractTableGateway.php(208): Zend\Db\TableGateway\AbstractTableGateway->executeSelect(Object(Zend\Db\Sql\Select))
#2 /media/wtk13/Reszta/htdocs/grodzka/vendor/zendframework/zendframework/library/Zend/Db/TableGateway/AbstractTableGateway.php(195): Zend\Db\TableGateway\AbstractTableGateway->selectWith(Object(Zend\Db\Sql\Select))
#3 /media/wtk13/Reszta/htdocs/grodzka/vendor/cms-ir/cms-ir/src/CmsIr/Dictionary/src/Dictionary/Model/DictionaryTable.php(96): Zend\Db\TableGateway\AbstractTableGateway->select(Object(Closure))
#4 /media/wtk13/Reszta/htdocs/grodzka/vendor/cms-ir/cms-ir/src/CmsIr/Dictionary/src/Dictionary/Controller/DictionaryController.php(29): CmsIr\Dictionary\Model\DictionaryTable->getDictionaryDatatables(Array, Object(Zend\Stdlib\Parameters), 'position')
#5 /media/wtk13/Reszta/htdocs/grodzka/vendor/zendframework/zendframework/library/Zend/Mvc/Controller/AbstractActionController.php(83): CmsIr\Dictionary\Controller\DictionaryController->listAction()
#6 [internal function]: Zend\Mvc\Controller\AbstractActionController->onDispatch(Object(Zend\Mvc\MvcEvent))
#7 /media/wtk13/Reszta/htdocs/grodzka/vendor/zendframework/zendframework/library/Zend/EventManager/EventManager.php(468): call_user_func(Array, Object(Zend\Mvc\MvcEvent))
#8 /media/wtk13/Reszta/htdocs/grodzka/vendor/zendframework/zendframework/library/Zend/EventManager/EventManager.php(207): Zend\EventManager\EventManager->triggerListeners('dispatch', Object(Zend\Mvc\MvcEvent), Object(Closure))
#9 /media/wtk13/Reszta/htdocs/grodzka/vendor/zendframework/zendframework/library/Zend/Mvc/Controller/AbstractController.php(116): Zend\EventManager\EventManager->trigger('dispatch', Object(Zend\Mvc\MvcEvent), Object(Closure))
#10 /media/wtk13/Reszta/htdocs/grodzka/vendor/zendframework/zendframework/library/Zend/Mvc/DispatchListener.php(113): Zend\Mvc\Controller\AbstractController->dispatch(Object(Zend\Http\PhpEnvironment\Request), Object(Zend\Http\PhpEnvironment\Response))
#11 [internal function]: Zend\Mvc\DispatchListener->onDispatch(Object(Zend\Mvc\MvcEvent))
#12 /media/wtk13/Reszta/htdocs/grodzka/vendor/zendframework/zendframework/library/Zend/EventManager/EventManager.php(468): call_user_func(Array, Object(Zend\Mvc\MvcEvent))
#13 /media/wtk13/Reszta/htdocs/grodzka/vendor/zendframework/zendframework/library/Zend/EventManager/EventManager.php(207): Zend\EventManager\EventManager->triggerListeners('dispatch', Object(Zend\Mvc\MvcEvent), Object(Closure))
#14 /media/wtk13/Reszta/htdocs/grodzka/vendor/zendframework/zendframework/library/Zend/Mvc/Application.php(313): Zend\EventManager\EventManager->trigger('dispatch', Object(Zend\Mvc\MvcEvent), Object(Closure))
#15 /media/wtk13/Reszta/htdocs/grodzka/public/index.php(17): Zend\Mvc\Application->run()
#16 {main}
2015-06-14T17:28:24+02:00 CRIT (2): exception 'PDOException' with message 'SQLSTATE[42S22]: Column not found: 1054 Unknown column 'nameid' in 'order clause'' in /media/wtk13/Reszta/htdocs/grodzka/vendor/zendframework/zendframework/library/Zend/Db/Adapter/Driver/Pdo/Statement.php:239
Stack trace:
#0 /media/wtk13/Reszta/htdocs/grodzka/vendor/zendframework/zendframework/library/Zend/Db/Adapter/Driver/Pdo/Statement.php(239): PDOStatement->execute()
#1 /media/wtk13/Reszta/htdocs/grodzka/vendor/zendframework/zendframework/library/Zend/Db/TableGateway/AbstractTableGateway.php(233): Zend\Db\Adapter\Driver\Pdo\Statement->execute()
#2 /media/wtk13/Reszta/htdocs/grodzka/vendor/zendframework/zendframework/library/Zend/Db/TableGateway/AbstractTableGateway.php(208): Zend\Db\TableGateway\AbstractTableGateway->executeSelect(Object(Zend\Db\Sql\Select))
#3 /media/wtk13/Reszta/htdocs/grodzka/vendor/zendframework/zendframework/library/Zend/Db/TableGateway/AbstractTableGateway.php(195): Zend\Db\TableGateway\AbstractTableGateway->selectWith(Object(Zend\Db\Sql\Select))
#4 /media/wtk13/Reszta/htdocs/grodzka/vendor/cms-ir/cms-ir/src/CmsIr/Dictionary/src/Dictionary/Model/DictionaryTable.php(96): Zend\Db\TableGateway\AbstractTableGateway->select(Object(Closure))
#5 /media/wtk13/Reszta/htdocs/grodzka/vendor/cms-ir/cms-ir/src/CmsIr/Dictionary/src/Dictionary/Controller/DictionaryController.php(29): CmsIr\Dictionary\Model\DictionaryTable->getDictionaryDatatables(Array, Object(Zend\Stdlib\Parameters), 'position')
#6 /media/wtk13/Reszta/htdocs/grodzka/vendor/zendframework/zendframework/library/Zend/Mvc/Controller/AbstractActionController.php(83): CmsIr\Dictionary\Controller\DictionaryController->listAction()
#7 [internal function]: Zend\Mvc\Controller\AbstractActionController->onDispatch(Object(Zend\Mvc\MvcEvent))
#8 /media/wtk13/Reszta/htdocs/grodzka/vendor/zendframework/zendframework/library/Zend/EventManager/EventManager.php(468): call_user_func(Array, Object(Zend\Mvc\MvcEvent))
#9 /media/wtk13/Reszta/htdocs/grodzka/vendor/zendframework/zendframework/library/Zend/EventManager/EventManager.php(207): Zend\EventManager\EventManager->triggerListeners('dispatch', Object(Zend\Mvc\MvcEvent), Object(Closure))
#10 /media/wtk13/Reszta/htdocs/grodzka/vendor/zendframework/zendframework/library/Zend/Mvc/Controller/AbstractController.php(116): Zend\EventManager\EventManager->trigger('dispatch', Object(Zend\Mvc\MvcEvent), Object(Closure))
#11 /media/wtk13/Reszta/htdocs/grodzka/vendor/zendframework/zendframework/library/Zend/Mvc/DispatchListener.php(113): Zend\Mvc\Controller\AbstractController->dispatch(Object(Zend\Http\PhpEnvironment\Request), Object(Zend\Http\PhpEnvironment\Response))
#12 [internal function]: Zend\Mvc\DispatchListener->onDispatch(Object(Zend\Mvc\MvcEvent))
#13 /media/wtk13/Reszta/htdocs/grodzka/vendor/zendframework/zendframework/library/Zend/EventManager/EventManager.php(468): call_user_func(Array, Object(Zend\Mvc\MvcEvent))
#14 /media/wtk13/Reszta/htdocs/grodzka/vendor/zendframework/zendframework/library/Zend/EventManager/EventManager.php(207): Zend\EventManager\EventManager->triggerListeners('dispatch', Object(Zend\Mvc\MvcEvent), Object(Closure))
#15 /media/wtk13/Reszta/htdocs/grodzka/vendor/zendframework/zendframework/library/Zend/Mvc/Application.php(313): Zend\EventManager\EventManager->trigger('dispatch', Object(Zend\Mvc\MvcEvent), Object(Closure))
#16 /media/wtk13/Reszta/htdocs/grodzka/public/index.php(17): Zend\Mvc\Application->run()
#17 {main}

Next exception 'Zend\Db\Adapter\Exception\InvalidQueryException' with message 'Statement could not be executed (42S22 - 1054 - Unknown column 'nameid' in 'order clause')' in /media/wtk13/Reszta/htdocs/grodzka/vendor/zendframework/zendframework/library/Zend/Db/Adapter/Driver/Pdo/Statement.php:244
Stack trace:
#0 /media/wtk13/Reszta/htdocs/grodzka/vendor/zendframework/zendframework/library/Zend/Db/TableGateway/AbstractTableGateway.php(233): Zend\Db\Adapter\Driver\Pdo\Statement->execute()
#1 /media/wtk13/Reszta/htdocs/grodzka/vendor/zendframework/zendframework/library/Zend/Db/TableGateway/AbstractTableGateway.php(208): Zend\Db\TableGateway\AbstractTableGateway->executeSelect(Object(Zend\Db\Sql\Select))
#2 /media/wtk13/Reszta/htdocs/grodzka/vendor/zendframework/zendframework/library/Zend/Db/TableGateway/AbstractTableGateway.php(195): Zend\Db\TableGateway\AbstractTableGateway->selectWith(Object(Zend\Db\Sql\Select))
#3 /media/wtk13/Reszta/htdocs/grodzka/vendor/cms-ir/cms-ir/src/CmsIr/Dictionary/src/Dictionary/Model/DictionaryTable.php(96): Zend\Db\TableGateway\AbstractTableGateway->select(Object(Closure))
#4 /media/wtk13/Reszta/htdocs/grodzka/vendor/cms-ir/cms-ir/src/CmsIr/Dictionary/src/Dictionary/Controller/DictionaryController.php(29): CmsIr\Dictionary\Model\DictionaryTable->getDictionaryDatatables(Array, Object(Zend\Stdlib\Parameters), 'position')
#5 /media/wtk13/Reszta/htdocs/grodzka/vendor/zendframework/zendframework/library/Zend/Mvc/Controller/AbstractActionController.php(83): CmsIr\Dictionary\Controller\DictionaryController->listAction()
#6 [internal function]: Zend\Mvc\Controller\AbstractActionController->onDispatch(Object(Zend\Mvc\MvcEvent))
#7 /media/wtk13/Reszta/htdocs/grodzka/vendor/zendframework/zendframework/library/Zend/EventManager/EventManager.php(468): call_user_func(Array, Object(Zend\Mvc\MvcEvent))
#8 /media/wtk13/Reszta/htdocs/grodzka/vendor/zendframework/zendframework/library/Zend/EventManager/EventManager.php(207): Zend\EventManager\EventManager->triggerListeners('dispatch', Object(Zend\Mvc\MvcEvent), Object(Closure))
#9 /media/wtk13/Reszta/htdocs/grodzka/vendor/zendframework/zendframework/library/Zend/Mvc/Controller/AbstractController.php(116): Zend\EventManager\EventManager->trigger('dispatch', Object(Zend\Mvc\MvcEvent), Object(Closure))
#10 /media/wtk13/Reszta/htdocs/grodzka/vendor/zendframework/zendframework/library/Zend/Mvc/DispatchListener.php(113): Zend\Mvc\Controller\AbstractController->dispatch(Object(Zend\Http\PhpEnvironment\Request), Object(Zend\Http\PhpEnvironment\Response))
#11 [internal function]: Zend\Mvc\DispatchListener->onDispatch(Object(Zend\Mvc\MvcEvent))
#12 /media/wtk13/Reszta/htdocs/grodzka/vendor/zendframework/zendframework/library/Zend/EventManager/EventManager.php(468): call_user_func(Array, Object(Zend\Mvc\MvcEvent))
#13 /media/wtk13/Reszta/htdocs/grodzka/vendor/zendframework/zendframework/library/Zend/EventManager/EventManager.php(207): Zend\EventManager\EventManager->triggerListeners('dispatch', Object(Zend\Mvc\MvcEvent), Object(Closure))
#14 /media/wtk13/Reszta/htdocs/grodzka/vendor/zendframework/zendframework/library/Zend/Mvc/Application.php(313): Zend\EventManager\EventManager->trigger('dispatch', Object(Zend\Mvc\MvcEvent), Object(Closure))
#15 /media/wtk13/Reszta/htdocs/grodzka/public/index.php(17): Zend\Mvc\Application->run()
#16 {main}
