2015-04-04T18:09:53+02:00 CRIT (2): exception 'Zend\Mvc\Router\Exception\RuntimeException' with message 'Route with name "createqweqwe" not found' in I:\htdocs\cms-ir\vendor\zendframework\zendframework\library\Zend\Mvc\Router\Http\TreeRouteStack.php:317
Stack trace:
#0 I:\htdocs\cms-ir\vendor\zendframework\zendframework\library\Zend\Mvc\Router\Http\Part.php(210): Zend\Mvc\Router\Http\TreeRouteStack->assemble(Array, Array)
#1 I:\htdocs\cms-ir\vendor\zendframework\zendframework\library\Zend\Mvc\Router\Http\TreeRouteStack.php(351): Zend\Mvc\Router\Http\Part->assemble(Array, Array)
#2 I:\htdocs\cms-ir\vendor\zendframework\zendframework\library\Zend\View\Helper\Url.php(100): Zend\Mvc\Router\Http\TreeRouteStack->assemble(Array, Array)
#3 [internal function]: Zend\View\Helper\Url->__invoke('page/createqweq...')
#4 I:\htdocs\cms-ir\vendor\zendframework\zendframework\library\Zend\View\Renderer\PhpRenderer.php(399): call_user_func_array(Object(Zend\View\Helper\Url), Array)
#5 I:\htdocs\cms-ir\vendor\cms-ir\cms-ir\src\CmsIr\Page\view\cms-ir\page\list.phtml(17): Zend\View\Renderer\PhpRenderer->__call('url', Array)
#6 I:\htdocs\cms-ir\vendor\cms-ir\cms-ir\src\CmsIr\Page\view\cms-ir\page\list.phtml(17): Zend\View\Renderer\PhpRenderer->url('page/createqweq...')
#7 I:\htdocs\cms-ir\vendor\zendframework\zendframework\library\Zend\View\Renderer\PhpRenderer.php(506): include('I:\\htdocs\\cms-i...')
#8 I:\htdocs\cms-ir\vendor\zendframework\zendframework\library\Zend\View\View.php(205): Zend\View\Renderer\PhpRenderer->render(Object(Zend\View\Model\ViewModel))
#9 I:\htdocs\cms-ir\vendor\zendframework\zendframework\library\Zend\View\View.php(233): Zend\View\View->render(Object(Zend\View\Model\ViewModel))
#10 I:\htdocs\cms-ir\vendor\zendframework\zendframework\library\Zend\View\View.php(198): Zend\View\View->renderChildren(Object(Zend\View\Model\ViewModel))
#11 I:\htdocs\cms-ir\vendor\zendframework\zendframework\library\Zend\Mvc\View\Http\DefaultRenderingStrategy.php(103): Zend\View\View->render(Object(Zend\View\Model\ViewModel))
#12 [internal function]: Zend\Mvc\View\Http\DefaultRenderingStrategy->render(Object(Zend\Mvc\MvcEvent))
#13 I:\htdocs\cms-ir\vendor\zendframework\zendframework\library\Zend\EventManager\EventManager.php(468): call_user_func(Array, Object(Zend\Mvc\MvcEvent))
#14 I:\htdocs\cms-ir\vendor\zendframework\zendframework\library\Zend\EventManager\EventManager.php(207): Zend\EventManager\EventManager->triggerListeners('render', Object(Zend\Mvc\MvcEvent), Array)
#15 I:\htdocs\cms-ir\vendor\zendframework\zendframework\library\Zend\Mvc\Application.php(352): Zend\EventManager\EventManager->trigger('render', Object(Zend\Mvc\MvcEvent))
#16 I:\htdocs\cms-ir\vendor\zendframework\zendframework\library\Zend\Mvc\Application.php(327): Zend\Mvc\Application->completeRequest(Object(Zend\Mvc\MvcEvent))
#17 I:\htdocs\cms-ir\public\index.php(17): Zend\Mvc\Application->run()
#18 {main}
2015-04-04T18:10:00+02:00 CRIT (2): exception 'Zend\Mvc\Router\Exception\RuntimeException' with message 'Route with name "createqweqwe" not found' in I:\htdocs\cms-ir\vendor\zendframework\zendframework\library\Zend\Mvc\Router\Http\TreeRouteStack.php:317
Stack trace:
#0 I:\htdocs\cms-ir\vendor\zendframework\zendframework\library\Zend\Mvc\Router\Http\Part.php(210): Zend\Mvc\Router\Http\TreeRouteStack->assemble(Array, Array)
#1 I:\htdocs\cms-ir\vendor\zendframework\zendframework\library\Zend\Mvc\Router\Http\TreeRouteStack.php(351): Zend\Mvc\Router\Http\Part->assemble(Array, Array)
#2 I:\htdocs\cms-ir\vendor\zendframework\zendframework\library\Zend\View\Helper\Url.php(100): Zend\Mvc\Router\Http\TreeRouteStack->assemble(Array, Array)
#3 [internal function]: Zend\View\Helper\Url->__invoke('page/createqweq...')
#4 I:\htdocs\cms-ir\vendor\zendframework\zendframework\library\Zend\View\Renderer\PhpRenderer.php(399): call_user_func_array(Object(Zend\View\Helper\Url), Array)
#5 I:\htdocs\cms-ir\vendor\cms-ir\cms-ir\src\CmsIr\Page\view\cms-ir\page\list.phtml(17): Zend\View\Renderer\PhpRenderer->__call('url', Array)
#6 I:\htdocs\cms-ir\vendor\cms-ir\cms-ir\src\CmsIr\Page\view\cms-ir\page\list.phtml(17): Zend\View\Renderer\PhpRenderer->url('page/createqweq...')
#7 I:\htdocs\cms-ir\vendor\zendframework\zendframework\library\Zend\View\Renderer\PhpRenderer.php(506): include('I:\\htdocs\\cms-i...')
#8 I:\htdocs\cms-ir\vendor\zendframework\zendframework\library\Zend\View\View.php(205): Zend\View\Renderer\PhpRenderer->render(Object(Zend\View\Model\ViewModel))
#9 I:\htdocs\cms-ir\vendor\zendframework\zendframework\library\Zend\View\View.php(233): Zend\View\View->render(Object(Zend\View\Model\ViewModel))
#10 I:\htdocs\cms-ir\vendor\zendframework\zendframework\library\Zend\View\View.php(198): Zend\View\View->renderChildren(Object(Zend\View\Model\ViewModel))
#11 I:\htdocs\cms-ir\vendor\zendframework\zendframework\library\Zend\Mvc\View\Http\DefaultRenderingStrategy.php(103): Zend\View\View->render(Object(Zend\View\Model\ViewModel))
#12 [internal function]: Zend\Mvc\View\Http\DefaultRenderingStrategy->render(Object(Zend\Mvc\MvcEvent))
#13 I:\htdocs\cms-ir\vendor\zendframework\zendframework\library\Zend\EventManager\EventManager.php(468): call_user_func(Array, Object(Zend\Mvc\MvcEvent))
#14 I:\htdocs\cms-ir\vendor\zendframework\zendframework\library\Zend\EventManager\EventManager.php(207): Zend\EventManager\EventManager->triggerListeners('render', Object(Zend\Mvc\MvcEvent), Array)
#15 I:\htdocs\cms-ir\vendor\zendframework\zendframework\library\Zend\Mvc\Application.php(352): Zend\EventManager\EventManager->trigger('render', Object(Zend\Mvc\MvcEvent))
#16 I:\htdocs\cms-ir\vendor\zendframework\zendframework\library\Zend\Mvc\Application.php(327): Zend\Mvc\Application->completeRequest(Object(Zend\Mvc\MvcEvent))
#17 I:\htdocs\cms-ir\public\index.php(17): Zend\Mvc\Application->run()
#18 {main}
2015-04-04T18:11:13+02:00 CRIT (2): exception 'Zend\Mvc\Router\Exception\RuntimeException' with message 'Route with name "createaaa" not found' in I:\htdocs\cms-ir\vendor\zendframework\zendframework\library\Zend\Mvc\Router\Http\TreeRouteStack.php:317
Stack trace:
#0 I:\htdocs\cms-ir\vendor\zendframework\zendframework\library\Zend\Mvc\Router\Http\Part.php(210): Zend\Mvc\Router\Http\TreeRouteStack->assemble(Array, Array)
#1 I:\htdocs\cms-ir\vendor\zendframework\zendframework\library\Zend\Mvc\Router\Http\TreeRouteStack.php(351): Zend\Mvc\Router\Http\Part->assemble(Array, Array)
#2 I:\htdocs\cms-ir\vendor\zendframework\zendframework\library\Zend\View\Helper\Url.php(100): Zend\Mvc\Router\Http\TreeRouteStack->assemble(Array, Array)
#3 [internal function]: Zend\View\Helper\Url->__invoke('page/createaaa')
#4 I:\htdocs\cms-ir\vendor\zendframework\zendframework\library\Zend\View\Renderer\PhpRenderer.php(399): call_user_func_array(Object(Zend\View\Helper\Url), Array)
#5 I:\htdocs\cms-ir\vendor\cms-ir\cms-ir\src\CmsIr\Page\view\cms-ir\page\list.phtml(17): Zend\View\Renderer\PhpRenderer->__call('url', Array)
#6 I:\htdocs\cms-ir\vendor\cms-ir\cms-ir\src\CmsIr\Page\view\cms-ir\page\list.phtml(17): Zend\View\Renderer\PhpRenderer->url('page/createaaa')
#7 I:\htdocs\cms-ir\vendor\zendframework\zendframework\library\Zend\View\Renderer\PhpRenderer.php(506): include('I:\\htdocs\\cms-i...')
#8 I:\htdocs\cms-ir\vendor\zendframework\zendframework\library\Zend\View\View.php(205): Zend\View\Renderer\PhpRenderer->render(Object(Zend\View\Model\ViewModel))
#9 I:\htdocs\cms-ir\vendor\zendframework\zendframework\library\Zend\View\View.php(233): Zend\View\View->render(Object(Zend\View\Model\ViewModel))
#10 I:\htdocs\cms-ir\vendor\zendframework\zendframework\library\Zend\View\View.php(198): Zend\View\View->renderChildren(Object(Zend\View\Model\ViewModel))
#11 I:\htdocs\cms-ir\vendor\zendframework\zendframework\library\Zend\Mvc\View\Http\DefaultRenderingStrategy.php(103): Zend\View\View->render(Object(Zend\View\Model\ViewModel))
#12 [internal function]: Zend\Mvc\View\Http\DefaultRenderingStrategy->render(Object(Zend\Mvc\MvcEvent))
#13 I:\htdocs\cms-ir\vendor\zendframework\zendframework\library\Zend\EventManager\EventManager.php(468): call_user_func(Array, Object(Zend\Mvc\MvcEvent))
#14 I:\htdocs\cms-ir\vendor\zendframework\zendframework\library\Zend\EventManager\EventManager.php(207): Zend\EventManager\EventManager->triggerListeners('render', Object(Zend\Mvc\MvcEvent), Array)
#15 I:\htdocs\cms-ir\vendor\zendframework\zendframework\library\Zend\Mvc\Application.php(352): Zend\EventManager\EventManager->trigger('render', Object(Zend\Mvc\MvcEvent))
#16 I:\htdocs\cms-ir\vendor\zendframework\zendframework\library\Zend\Mvc\Application.php(327): Zend\Mvc\Application->completeRequest(Object(Zend\Mvc\MvcEvent))
#17 I:\htdocs\cms-ir\public\index.php(17): Zend\Mvc\Application->run()
#18 {main}
