2015-05-23T14:38:04+02:00 CRIT (2): exception 'PDOException' with message 'SQLSTATE[42S22]: Column not found: 1054 Unknown column 'filename_main' in 'field list'' in D:\xampp\htdocs\web-ir\demo\vendor\zendframework\zendframework\library\Zend\Db\Adapter\Driver\Pdo\Statement.php:239
Stack trace:
#0 D:\xampp\htdocs\web-ir\demo\vendor\zendframework\zendframework\library\Zend\Db\Adapter\Driver\Pdo\Statement.php(239): PDOStatement->execute()
#1 D:\xampp\htdocs\web-ir\demo\vendor\zendframework\zendframework\library\Zend\Db\TableGateway\AbstractTableGateway.php(291): Zend\Db\Adapter\Driver\Pdo\Statement->execute()
#2 D:\xampp\htdocs\web-ir\demo\vendor\zendframework\zendframework\library\Zend\Db\TableGateway\AbstractTableGateway.php(258): Zend\Db\TableGateway\AbstractTableGateway->executeInsert(Object(Zend\Db\Sql\Insert))
#3 D:\xampp\htdocs\web-ir\demo\vendor\cms-ir\cms-ir\src\CmsIr\Page\src\Page\Model\PageTable.php(77): Zend\Db\TableGateway\AbstractTableGateway->insert(Array)
#4 D:\xampp\htdocs\web-ir\demo\vendor\cms-ir\cms-ir\src\CmsIr\Page\src\Page\Controller\PageController.php(61): CmsIr\Page\Model\PageTable->save(Object(CmsIr\Page\Model\Page))
#5 D:\xampp\htdocs\web-ir\demo\vendor\zendframework\zendframework\library\Zend\Mvc\Controller\AbstractActionController.php(83): CmsIr\Page\Controller\PageController->createAction()
#6 [internal function]: Zend\Mvc\Controller\AbstractActionController->onDispatch(Object(Zend\Mvc\MvcEvent))
#7 D:\xampp\htdocs\web-ir\demo\vendor\zendframework\zendframework\library\Zend\EventManager\EventManager.php(468): call_user_func(Array, Object(Zend\Mvc\MvcEvent))
#8 D:\xampp\htdocs\web-ir\demo\vendor\zendframework\zendframework\library\Zend\EventManager\EventManager.php(207): Zend\EventManager\EventManager->triggerListeners('dispatch', Object(Zend\Mvc\MvcEvent), Object(Closure))
#9 D:\xampp\htdocs\web-ir\demo\vendor\zendframework\zendframework\library\Zend\Mvc\Controller\AbstractController.php(116): Zend\EventManager\EventManager->trigger('dispatch', Object(Zend\Mvc\MvcEvent), Object(Closure))
#10 D:\xampp\htdocs\web-ir\demo\vendor\zendframework\zendframework\library\Zend\Mvc\DispatchListener.php(113): Zend\Mvc\Controller\AbstractController->dispatch(Object(Zend\Http\PhpEnvironment\Request), Object(Zend\Http\PhpEnvironment\Response))
#11 [internal function]: Zend\Mvc\DispatchListener->onDispatch(Object(Zend\Mvc\MvcEvent))
#12 D:\xampp\htdocs\web-ir\demo\vendor\zendframework\zendframework\library\Zend\EventManager\EventManager.php(468): call_user_func(Array, Object(Zend\Mvc\MvcEvent))
#13 D:\xampp\htdocs\web-ir\demo\vendor\zendframework\zendframework\library\Zend\EventManager\EventManager.php(207): Zend\EventManager\EventManager->triggerListeners('dispatch', Object(Zend\Mvc\MvcEvent), Object(Closure))
#14 D:\xampp\htdocs\web-ir\demo\vendor\zendframework\zendframework\library\Zend\Mvc\Application.php(313): Zend\EventManager\EventManager->trigger('dispatch', Object(Zend\Mvc\MvcEvent), Object(Closure))
#15 D:\xampp\htdocs\web-ir\demo\public\index.php(17): Zend\Mvc\Application->run()
#16 {main}

Next exception 'Zend\Db\Adapter\Exception\InvalidQueryException' with message 'Statement could not be executed (42S22 - 1054 - Unknown column 'filename_main' in 'field list')' in D:\xampp\htdocs\web-ir\demo\vendor\zendframework\zendframework\library\Zend\Db\Adapter\Driver\Pdo\Statement.php:244
Stack trace:
#0 D:\xampp\htdocs\web-ir\demo\vendor\zendframework\zendframework\library\Zend\Db\TableGateway\AbstractTableGateway.php(291): Zend\Db\Adapter\Driver\Pdo\Statement->execute()
#1 D:\xampp\htdocs\web-ir\demo\vendor\zendframework\zendframework\library\Zend\Db\TableGateway\AbstractTableGateway.php(258): Zend\Db\TableGateway\AbstractTableGateway->executeInsert(Object(Zend\Db\Sql\Insert))
#2 D:\xampp\htdocs\web-ir\demo\vendor\cms-ir\cms-ir\src\CmsIr\Page\src\Page\Model\PageTable.php(77): Zend\Db\TableGateway\AbstractTableGateway->insert(Array)
#3 D:\xampp\htdocs\web-ir\demo\vendor\cms-ir\cms-ir\src\CmsIr\Page\src\Page\Controller\PageController.php(61): CmsIr\Page\Model\PageTable->save(Object(CmsIr\Page\Model\Page))
#4 D:\xampp\htdocs\web-ir\demo\vendor\zendframework\zendframework\library\Zend\Mvc\Controller\AbstractActionController.php(83): CmsIr\Page\Controller\PageController->createAction()
#5 [internal function]: Zend\Mvc\Controller\AbstractActionController->onDispatch(Object(Zend\Mvc\MvcEvent))
#6 D:\xampp\htdocs\web-ir\demo\vendor\zendframework\zendframework\library\Zend\EventManager\EventManager.php(468): call_user_func(Array, Object(Zend\Mvc\MvcEvent))
#7 D:\xampp\htdocs\web-ir\demo\vendor\zendframework\zendframework\library\Zend\EventManager\EventManager.php(207): Zend\EventManager\EventManager->triggerListeners('dispatch', Object(Zend\Mvc\MvcEvent), Object(Closure))
#8 D:\xampp\htdocs\web-ir\demo\vendor\zendframework\zendframework\library\Zend\Mvc\Controller\AbstractController.php(116): Zend\EventManager\EventManager->trigger('dispatch', Object(Zend\Mvc\MvcEvent), Object(Closure))
#9 D:\xampp\htdocs\web-ir\demo\vendor\zendframework\zendframework\library\Zend\Mvc\DispatchListener.php(113): Zend\Mvc\Controller\AbstractController->dispatch(Object(Zend\Http\PhpEnvironment\Request), Object(Zend\Http\PhpEnvironment\Response))
#10 [internal function]: Zend\Mvc\DispatchListener->onDispatch(Object(Zend\Mvc\MvcEvent))
#11 D:\xampp\htdocs\web-ir\demo\vendor\zendframework\zendframework\library\Zend\EventManager\EventManager.php(468): call_user_func(Array, Object(Zend\Mvc\MvcEvent))
#12 D:\xampp\htdocs\web-ir\demo\vendor\zendframework\zendframework\library\Zend\EventManager\EventManager.php(207): Zend\EventManager\EventManager->triggerListeners('dispatch', Object(Zend\Mvc\MvcEvent), Object(Closure))
#13 D:\xampp\htdocs\web-ir\demo\vendor\zendframework\zendframework\library\Zend\Mvc\Application.php(313): Zend\EventManager\EventManager->trigger('dispatch', Object(Zend\Mvc\MvcEvent), Object(Closure))
#14 D:\xampp\htdocs\web-ir\demo\public\index.php(17): Zend\Mvc\Application->run()
#15 {main}
2015-05-23T14:39:55+02:00 CRIT (2): exception 'PDOException' with message 'SQLSTATE[42S22]: Column not found: 1054 Unknown column 'filename_main' in 'field list'' in D:\xampp\htdocs\web-ir\demo\vendor\zendframework\zendframework\library\Zend\Db\Adapter\Driver\Pdo\Statement.php:239
Stack trace:
#0 D:\xampp\htdocs\web-ir\demo\vendor\zendframework\zendframework\library\Zend\Db\Adapter\Driver\Pdo\Statement.php(239): PDOStatement->execute()
#1 D:\xampp\htdocs\web-ir\demo\vendor\zendframework\zendframework\library\Zend\Db\TableGateway\AbstractTableGateway.php(291): Zend\Db\Adapter\Driver\Pdo\Statement->execute()
#2 D:\xampp\htdocs\web-ir\demo\vendor\zendframework\zendframework\library\Zend\Db\TableGateway\AbstractTableGateway.php(258): Zend\Db\TableGateway\AbstractTableGateway->executeInsert(Object(Zend\Db\Sql\Insert))
#3 D:\xampp\htdocs\web-ir\demo\vendor\cms-ir\cms-ir\src\CmsIr\Page\src\Page\Model\PageTable.php(77): Zend\Db\TableGateway\AbstractTableGateway->insert(Array)
#4 D:\xampp\htdocs\web-ir\demo\vendor\cms-ir\cms-ir\src\CmsIr\Page\src\Page\Controller\PageController.php(61): CmsIr\Page\Model\PageTable->save(Object(CmsIr\Page\Model\Page))
#5 D:\xampp\htdocs\web-ir\demo\vendor\zendframework\zendframework\library\Zend\Mvc\Controller\AbstractActionController.php(83): CmsIr\Page\Controller\PageController->createAction()
#6 [internal function]: Zend\Mvc\Controller\AbstractActionController->onDispatch(Object(Zend\Mvc\MvcEvent))
#7 D:\xampp\htdocs\web-ir\demo\vendor\zendframework\zendframework\library\Zend\EventManager\EventManager.php(468): call_user_func(Array, Object(Zend\Mvc\MvcEvent))
#8 D:\xampp\htdocs\web-ir\demo\vendor\zendframework\zendframework\library\Zend\EventManager\EventManager.php(207): Zend\EventManager\EventManager->triggerListeners('dispatch', Object(Zend\Mvc\MvcEvent), Object(Closure))
#9 D:\xampp\htdocs\web-ir\demo\vendor\zendframework\zendframework\library\Zend\Mvc\Controller\AbstractController.php(116): Zend\EventManager\EventManager->trigger('dispatch', Object(Zend\Mvc\MvcEvent), Object(Closure))
#10 D:\xampp\htdocs\web-ir\demo\vendor\zendframework\zendframework\library\Zend\Mvc\DispatchListener.php(113): Zend\Mvc\Controller\AbstractController->dispatch(Object(Zend\Http\PhpEnvironment\Request), Object(Zend\Http\PhpEnvironment\Response))
#11 [internal function]: Zend\Mvc\DispatchListener->onDispatch(Object(Zend\Mvc\MvcEvent))
#12 D:\xampp\htdocs\web-ir\demo\vendor\zendframework\zendframework\library\Zend\EventManager\EventManager.php(468): call_user_func(Array, Object(Zend\Mvc\MvcEvent))
#13 D:\xampp\htdocs\web-ir\demo\vendor\zendframework\zendframework\library\Zend\EventManager\EventManager.php(207): Zend\EventManager\EventManager->triggerListeners('dispatch', Object(Zend\Mvc\MvcEvent), Object(Closure))
#14 D:\xampp\htdocs\web-ir\demo\vendor\zendframework\zendframework\library\Zend\Mvc\Application.php(313): Zend\EventManager\EventManager->trigger('dispatch', Object(Zend\Mvc\MvcEvent), Object(Closure))
#15 D:\xampp\htdocs\web-ir\demo\public\index.php(17): Zend\Mvc\Application->run()
#16 {main}

Next exception 'Zend\Db\Adapter\Exception\InvalidQueryException' with message 'Statement could not be executed (42S22 - 1054 - Unknown column 'filename_main' in 'field list')' in D:\xampp\htdocs\web-ir\demo\vendor\zendframework\zendframework\library\Zend\Db\Adapter\Driver\Pdo\Statement.php:244
Stack trace:
#0 D:\xampp\htdocs\web-ir\demo\vendor\zendframework\zendframework\library\Zend\Db\TableGateway\AbstractTableGateway.php(291): Zend\Db\Adapter\Driver\Pdo\Statement->execute()
#1 D:\xampp\htdocs\web-ir\demo\vendor\zendframework\zendframework\library\Zend\Db\TableGateway\AbstractTableGateway.php(258): Zend\Db\TableGateway\AbstractTableGateway->executeInsert(Object(Zend\Db\Sql\Insert))
#2 D:\xampp\htdocs\web-ir\demo\vendor\cms-ir\cms-ir\src\CmsIr\Page\src\Page\Model\PageTable.php(77): Zend\Db\TableGateway\AbstractTableGateway->insert(Array)
#3 D:\xampp\htdocs\web-ir\demo\vendor\cms-ir\cms-ir\src\CmsIr\Page\src\Page\Controller\PageController.php(61): CmsIr\Page\Model\PageTable->save(Object(CmsIr\Page\Model\Page))
#4 D:\xampp\htdocs\web-ir\demo\vendor\zendframework\zendframework\library\Zend\Mvc\Controller\AbstractActionController.php(83): CmsIr\Page\Controller\PageController->createAction()
#5 [internal function]: Zend\Mvc\Controller\AbstractActionController->onDispatch(Object(Zend\Mvc\MvcEvent))
#6 D:\xampp\htdocs\web-ir\demo\vendor\zendframework\zendframework\library\Zend\EventManager\EventManager.php(468): call_user_func(Array, Object(Zend\Mvc\MvcEvent))
#7 D:\xampp\htdocs\web-ir\demo\vendor\zendframework\zendframework\library\Zend\EventManager\EventManager.php(207): Zend\EventManager\EventManager->triggerListeners('dispatch', Object(Zend\Mvc\MvcEvent), Object(Closure))
#8 D:\xampp\htdocs\web-ir\demo\vendor\zendframework\zendframework\library\Zend\Mvc\Controller\AbstractController.php(116): Zend\EventManager\EventManager->trigger('dispatch', Object(Zend\Mvc\MvcEvent), Object(Closure))
#9 D:\xampp\htdocs\web-ir\demo\vendor\zendframework\zendframework\library\Zend\Mvc\DispatchListener.php(113): Zend\Mvc\Controller\AbstractController->dispatch(Object(Zend\Http\PhpEnvironment\Request), Object(Zend\Http\PhpEnvironment\Response))
#10 [internal function]: Zend\Mvc\DispatchListener->onDispatch(Object(Zend\Mvc\MvcEvent))
#11 D:\xampp\htdocs\web-ir\demo\vendor\zendframework\zendframework\library\Zend\EventManager\EventManager.php(468): call_user_func(Array, Object(Zend\Mvc\MvcEvent))
#12 D:\xampp\htdocs\web-ir\demo\vendor\zendframework\zendframework\library\Zend\EventManager\EventManager.php(207): Zend\EventManager\EventManager->triggerListeners('dispatch', Object(Zend\Mvc\MvcEvent), Object(Closure))
#13 D:\xampp\htdocs\web-ir\demo\vendor\zendframework\zendframework\library\Zend\Mvc\Application.php(313): Zend\EventManager\EventManager->trigger('dispatch', Object(Zend\Mvc\MvcEvent), Object(Closure))
#14 D:\xampp\htdocs\web-ir\demo\public\index.php(17): Zend\Mvc\Application->run()
#15 {main}
2015-05-23T14:40:05+02:00 CRIT (2): exception 'PDOException' with message 'SQLSTATE[42S22]: Column not found: 1054 Unknown column 'filename_main' in 'field list'' in D:\xampp\htdocs\web-ir\demo\vendor\zendframework\zendframework\library\Zend\Db\Adapter\Driver\Pdo\Statement.php:239
Stack trace:
#0 D:\xampp\htdocs\web-ir\demo\vendor\zendframework\zendframework\library\Zend\Db\Adapter\Driver\Pdo\Statement.php(239): PDOStatement->execute()
#1 D:\xampp\htdocs\web-ir\demo\vendor\zendframework\zendframework\library\Zend\Db\TableGateway\AbstractTableGateway.php(291): Zend\Db\Adapter\Driver\Pdo\Statement->execute()
#2 D:\xampp\htdocs\web-ir\demo\vendor\zendframework\zendframework\library\Zend\Db\TableGateway\AbstractTableGateway.php(258): Zend\Db\TableGateway\AbstractTableGateway->executeInsert(Object(Zend\Db\Sql\Insert))
#3 D:\xampp\htdocs\web-ir\demo\vendor\cms-ir\cms-ir\src\CmsIr\Page\src\Page\Model\PageTable.php(77): Zend\Db\TableGateway\AbstractTableGateway->insert(Array)
#4 D:\xampp\htdocs\web-ir\demo\vendor\cms-ir\cms-ir\src\CmsIr\Page\src\Page\Controller\PageController.php(61): CmsIr\Page\Model\PageTable->save(Object(CmsIr\Page\Model\Page))
#5 D:\xampp\htdocs\web-ir\demo\vendor\zendframework\zendframework\library\Zend\Mvc\Controller\AbstractActionController.php(83): CmsIr\Page\Controller\PageController->createAction()
#6 [internal function]: Zend\Mvc\Controller\AbstractActionController->onDispatch(Object(Zend\Mvc\MvcEvent))
#7 D:\xampp\htdocs\web-ir\demo\vendor\zendframework\zendframework\library\Zend\EventManager\EventManager.php(468): call_user_func(Array, Object(Zend\Mvc\MvcEvent))
#8 D:\xampp\htdocs\web-ir\demo\vendor\zendframework\zendframework\library\Zend\EventManager\EventManager.php(207): Zend\EventManager\EventManager->triggerListeners('dispatch', Object(Zend\Mvc\MvcEvent), Object(Closure))
#9 D:\xampp\htdocs\web-ir\demo\vendor\zendframework\zendframework\library\Zend\Mvc\Controller\AbstractController.php(116): Zend\EventManager\EventManager->trigger('dispatch', Object(Zend\Mvc\MvcEvent), Object(Closure))
#10 D:\xampp\htdocs\web-ir\demo\vendor\zendframework\zendframework\library\Zend\Mvc\DispatchListener.php(113): Zend\Mvc\Controller\AbstractController->dispatch(Object(Zend\Http\PhpEnvironment\Request), Object(Zend\Http\PhpEnvironment\Response))
#11 [internal function]: Zend\Mvc\DispatchListener->onDispatch(Object(Zend\Mvc\MvcEvent))
#12 D:\xampp\htdocs\web-ir\demo\vendor\zendframework\zendframework\library\Zend\EventManager\EventManager.php(468): call_user_func(Array, Object(Zend\Mvc\MvcEvent))
#13 D:\xampp\htdocs\web-ir\demo\vendor\zendframework\zendframework\library\Zend\EventManager\EventManager.php(207): Zend\EventManager\EventManager->triggerListeners('dispatch', Object(Zend\Mvc\MvcEvent), Object(Closure))
#14 D:\xampp\htdocs\web-ir\demo\vendor\zendframework\zendframework\library\Zend\Mvc\Application.php(313): Zend\EventManager\EventManager->trigger('dispatch', Object(Zend\Mvc\MvcEvent), Object(Closure))
#15 D:\xampp\htdocs\web-ir\demo\public\index.php(17): Zend\Mvc\Application->run()
#16 {main}

Next exception 'Zend\Db\Adapter\Exception\InvalidQueryException' with message 'Statement could not be executed (42S22 - 1054 - Unknown column 'filename_main' in 'field list')' in D:\xampp\htdocs\web-ir\demo\vendor\zendframework\zendframework\library\Zend\Db\Adapter\Driver\Pdo\Statement.php:244
Stack trace:
#0 D:\xampp\htdocs\web-ir\demo\vendor\zendframework\zendframework\library\Zend\Db\TableGateway\AbstractTableGateway.php(291): Zend\Db\Adapter\Driver\Pdo\Statement->execute()
#1 D:\xampp\htdocs\web-ir\demo\vendor\zendframework\zendframework\library\Zend\Db\TableGateway\AbstractTableGateway.php(258): Zend\Db\TableGateway\AbstractTableGateway->executeInsert(Object(Zend\Db\Sql\Insert))
#2 D:\xampp\htdocs\web-ir\demo\vendor\cms-ir\cms-ir\src\CmsIr\Page\src\Page\Model\PageTable.php(77): Zend\Db\TableGateway\AbstractTableGateway->insert(Array)
#3 D:\xampp\htdocs\web-ir\demo\vendor\cms-ir\cms-ir\src\CmsIr\Page\src\Page\Controller\PageController.php(61): CmsIr\Page\Model\PageTable->save(Object(CmsIr\Page\Model\Page))
#4 D:\xampp\htdocs\web-ir\demo\vendor\zendframework\zendframework\library\Zend\Mvc\Controller\AbstractActionController.php(83): CmsIr\Page\Controller\PageController->createAction()
#5 [internal function]: Zend\Mvc\Controller\AbstractActionController->onDispatch(Object(Zend\Mvc\MvcEvent))
#6 D:\xampp\htdocs\web-ir\demo\vendor\zendframework\zendframework\library\Zend\EventManager\EventManager.php(468): call_user_func(Array, Object(Zend\Mvc\MvcEvent))
#7 D:\xampp\htdocs\web-ir\demo\vendor\zendframework\zendframework\library\Zend\EventManager\EventManager.php(207): Zend\EventManager\EventManager->triggerListeners('dispatch', Object(Zend\Mvc\MvcEvent), Object(Closure))
#8 D:\xampp\htdocs\web-ir\demo\vendor\zendframework\zendframework\library\Zend\Mvc\Controller\AbstractController.php(116): Zend\EventManager\EventManager->trigger('dispatch', Object(Zend\Mvc\MvcEvent), Object(Closure))
#9 D:\xampp\htdocs\web-ir\demo\vendor\zendframework\zendframework\library\Zend\Mvc\DispatchListener.php(113): Zend\Mvc\Controller\AbstractController->dispatch(Object(Zend\Http\PhpEnvironment\Request), Object(Zend\Http\PhpEnvironment\Response))
#10 [internal function]: Zend\Mvc\DispatchListener->onDispatch(Object(Zend\Mvc\MvcEvent))
#11 D:\xampp\htdocs\web-ir\demo\vendor\zendframework\zendframework\library\Zend\EventManager\EventManager.php(468): call_user_func(Array, Object(Zend\Mvc\MvcEvent))
#12 D:\xampp\htdocs\web-ir\demo\vendor\zendframework\zendframework\library\Zend\EventManager\EventManager.php(207): Zend\EventManager\EventManager->triggerListeners('dispatch', Object(Zend\Mvc\MvcEvent), Object(Closure))
#13 D:\xampp\htdocs\web-ir\demo\vendor\zendframework\zendframework\library\Zend\Mvc\Application.php(313): Zend\EventManager\EventManager->trigger('dispatch', Object(Zend\Mvc\MvcEvent), Object(Closure))
#14 D:\xampp\htdocs\web-ir\demo\public\index.php(17): Zend\Mvc\Application->run()
#15 {main}
2015-05-23T14:41:59+02:00 CRIT (2): exception 'PDOException' with message 'SQLSTATE[42S22]: Column not found: 1054 Unknown column 'filename_main' in 'field list'' in D:\xampp\htdocs\web-ir\demo\vendor\zendframework\zendframework\library\Zend\Db\Adapter\Driver\Pdo\Statement.php:239
Stack trace:
#0 D:\xampp\htdocs\web-ir\demo\vendor\zendframework\zendframework\library\Zend\Db\Adapter\Driver\Pdo\Statement.php(239): PDOStatement->execute()
#1 D:\xampp\htdocs\web-ir\demo\vendor\zendframework\zendframework\library\Zend\Db\TableGateway\AbstractTableGateway.php(291): Zend\Db\Adapter\Driver\Pdo\Statement->execute()
#2 D:\xampp\htdocs\web-ir\demo\vendor\zendframework\zendframework\library\Zend\Db\TableGateway\AbstractTableGateway.php(258): Zend\Db\TableGateway\AbstractTableGateway->executeInsert(Object(Zend\Db\Sql\Insert))
#3 D:\xampp\htdocs\web-ir\demo\vendor\cms-ir\cms-ir\src\CmsIr\Page\src\Page\Model\PageTable.php(77): Zend\Db\TableGateway\AbstractTableGateway->insert(Array)
#4 D:\xampp\htdocs\web-ir\demo\vendor\cms-ir\cms-ir\src\CmsIr\Page\src\Page\Controller\PageController.php(62): CmsIr\Page\Model\PageTable->save(Object(CmsIr\Page\Model\Page))
#5 D:\xampp\htdocs\web-ir\demo\vendor\zendframework\zendframework\library\Zend\Mvc\Controller\AbstractActionController.php(83): CmsIr\Page\Controller\PageController->createAction()
#6 [internal function]: Zend\Mvc\Controller\AbstractActionController->onDispatch(Object(Zend\Mvc\MvcEvent))
#7 D:\xampp\htdocs\web-ir\demo\vendor\zendframework\zendframework\library\Zend\EventManager\EventManager.php(468): call_user_func(Array, Object(Zend\Mvc\MvcEvent))
#8 D:\xampp\htdocs\web-ir\demo\vendor\zendframework\zendframework\library\Zend\EventManager\EventManager.php(207): Zend\EventManager\EventManager->triggerListeners('dispatch', Object(Zend\Mvc\MvcEvent), Object(Closure))
#9 D:\xampp\htdocs\web-ir\demo\vendor\zendframework\zendframework\library\Zend\Mvc\Controller\AbstractController.php(116): Zend\EventManager\EventManager->trigger('dispatch', Object(Zend\Mvc\MvcEvent), Object(Closure))
#10 D:\xampp\htdocs\web-ir\demo\vendor\zendframework\zendframework\library\Zend\Mvc\DispatchListener.php(113): Zend\Mvc\Controller\AbstractController->dispatch(Object(Zend\Http\PhpEnvironment\Request), Object(Zend\Http\PhpEnvironment\Response))
#11 [internal function]: Zend\Mvc\DispatchListener->onDispatch(Object(Zend\Mvc\MvcEvent))
#12 D:\xampp\htdocs\web-ir\demo\vendor\zendframework\zendframework\library\Zend\EventManager\EventManager.php(468): call_user_func(Array, Object(Zend\Mvc\MvcEvent))
#13 D:\xampp\htdocs\web-ir\demo\vendor\zendframework\zendframework\library\Zend\EventManager\EventManager.php(207): Zend\EventManager\EventManager->triggerListeners('dispatch', Object(Zend\Mvc\MvcEvent), Object(Closure))
#14 D:\xampp\htdocs\web-ir\demo\vendor\zendframework\zendframework\library\Zend\Mvc\Application.php(313): Zend\EventManager\EventManager->trigger('dispatch', Object(Zend\Mvc\MvcEvent), Object(Closure))
#15 D:\xampp\htdocs\web-ir\demo\public\index.php(17): Zend\Mvc\Application->run()
#16 {main}

Next exception 'Zend\Db\Adapter\Exception\InvalidQueryException' with message 'Statement could not be executed (42S22 - 1054 - Unknown column 'filename_main' in 'field list')' in D:\xampp\htdocs\web-ir\demo\vendor\zendframework\zendframework\library\Zend\Db\Adapter\Driver\Pdo\Statement.php:244
Stack trace:
#0 D:\xampp\htdocs\web-ir\demo\vendor\zendframework\zendframework\library\Zend\Db\TableGateway\AbstractTableGateway.php(291): Zend\Db\Adapter\Driver\Pdo\Statement->execute()
#1 D:\xampp\htdocs\web-ir\demo\vendor\zendframework\zendframework\library\Zend\Db\TableGateway\AbstractTableGateway.php(258): Zend\Db\TableGateway\AbstractTableGateway->executeInsert(Object(Zend\Db\Sql\Insert))
#2 D:\xampp\htdocs\web-ir\demo\vendor\cms-ir\cms-ir\src\CmsIr\Page\src\Page\Model\PageTable.php(77): Zend\Db\TableGateway\AbstractTableGateway->insert(Array)
#3 D:\xampp\htdocs\web-ir\demo\vendor\cms-ir\cms-ir\src\CmsIr\Page\src\Page\Controller\PageController.php(62): CmsIr\Page\Model\PageTable->save(Object(CmsIr\Page\Model\Page))
#4 D:\xampp\htdocs\web-ir\demo\vendor\zendframework\zendframework\library\Zend\Mvc\Controller\AbstractActionController.php(83): CmsIr\Page\Controller\PageController->createAction()
#5 [internal function]: Zend\Mvc\Controller\AbstractActionController->onDispatch(Object(Zend\Mvc\MvcEvent))
#6 D:\xampp\htdocs\web-ir\demo\vendor\zendframework\zendframework\library\Zend\EventManager\EventManager.php(468): call_user_func(Array, Object(Zend\Mvc\MvcEvent))
#7 D:\xampp\htdocs\web-ir\demo\vendor\zendframework\zendframework\library\Zend\EventManager\EventManager.php(207): Zend\EventManager\EventManager->triggerListeners('dispatch', Object(Zend\Mvc\MvcEvent), Object(Closure))
#8 D:\xampp\htdocs\web-ir\demo\vendor\zendframework\zendframework\library\Zend\Mvc\Controller\AbstractController.php(116): Zend\EventManager\EventManager->trigger('dispatch', Object(Zend\Mvc\MvcEvent), Object(Closure))
#9 D:\xampp\htdocs\web-ir\demo\vendor\zendframework\zendframework\library\Zend\Mvc\DispatchListener.php(113): Zend\Mvc\Controller\AbstractController->dispatch(Object(Zend\Http\PhpEnvironment\Request), Object(Zend\Http\PhpEnvironment\Response))
#10 [internal function]: Zend\Mvc\DispatchListener->onDispatch(Object(Zend\Mvc\MvcEvent))
#11 D:\xampp\htdocs\web-ir\demo\vendor\zendframework\zendframework\library\Zend\EventManager\EventManager.php(468): call_user_func(Array, Object(Zend\Mvc\MvcEvent))
#12 D:\xampp\htdocs\web-ir\demo\vendor\zendframework\zendframework\library\Zend\EventManager\EventManager.php(207): Zend\EventManager\EventManager->triggerListeners('dispatch', Object(Zend\Mvc\MvcEvent), Object(Closure))
#13 D:\xampp\htdocs\web-ir\demo\vendor\zendframework\zendframework\library\Zend\Mvc\Application.php(313): Zend\EventManager\EventManager->trigger('dispatch', Object(Zend\Mvc\MvcEvent), Object(Closure))
#14 D:\xampp\htdocs\web-ir\demo\public\index.php(17): Zend\Mvc\Application->run()
#15 {main}
2015-05-23T14:43:27+02:00 CRIT (2): exception 'PDOException' with message 'SQLSTATE[42S22]: Column not found: 1054 Unknown column 'url' in 'field list'' in D:\xampp\htdocs\web-ir\demo\vendor\zendframework\zendframework\library\Zend\Db\Adapter\Driver\Pdo\Statement.php:239
Stack trace:
#0 D:\xampp\htdocs\web-ir\demo\vendor\zendframework\zendframework\library\Zend\Db\Adapter\Driver\Pdo\Statement.php(239): PDOStatement->execute()
#1 D:\xampp\htdocs\web-ir\demo\vendor\zendframework\zendframework\library\Zend\Db\TableGateway\AbstractTableGateway.php(291): Zend\Db\Adapter\Driver\Pdo\Statement->execute()
#2 D:\xampp\htdocs\web-ir\demo\vendor\zendframework\zendframework\library\Zend\Db\TableGateway\AbstractTableGateway.php(258): Zend\Db\TableGateway\AbstractTableGateway->executeInsert(Object(Zend\Db\Sql\Insert))
#3 D:\xampp\htdocs\web-ir\demo\vendor\cms-ir\cms-ir\src\CmsIr\Page\src\Page\Model\PageTable.php(77): Zend\Db\TableGateway\AbstractTableGateway->insert(Array)
#4 D:\xampp\htdocs\web-ir\demo\vendor\cms-ir\cms-ir\src\CmsIr\Page\src\Page\Controller\PageController.php(62): CmsIr\Page\Model\PageTable->save(Object(CmsIr\Page\Model\Page))
#5 D:\xampp\htdocs\web-ir\demo\vendor\zendframework\zendframework\library\Zend\Mvc\Controller\AbstractActionController.php(83): CmsIr\Page\Controller\PageController->createAction()
#6 [internal function]: Zend\Mvc\Controller\AbstractActionController->onDispatch(Object(Zend\Mvc\MvcEvent))
#7 D:\xampp\htdocs\web-ir\demo\vendor\zendframework\zendframework\library\Zend\EventManager\EventManager.php(468): call_user_func(Array, Object(Zend\Mvc\MvcEvent))
#8 D:\xampp\htdocs\web-ir\demo\vendor\zendframework\zendframework\library\Zend\EventManager\EventManager.php(207): Zend\EventManager\EventManager->triggerListeners('dispatch', Object(Zend\Mvc\MvcEvent), Object(Closure))
#9 D:\xampp\htdocs\web-ir\demo\vendor\zendframework\zendframework\library\Zend\Mvc\Controller\AbstractController.php(116): Zend\EventManager\EventManager->trigger('dispatch', Object(Zend\Mvc\MvcEvent), Object(Closure))
#10 D:\xampp\htdocs\web-ir\demo\vendor\zendframework\zendframework\library\Zend\Mvc\DispatchListener.php(113): Zend\Mvc\Controller\AbstractController->dispatch(Object(Zend\Http\PhpEnvironment\Request), Object(Zend\Http\PhpEnvironment\Response))
#11 [internal function]: Zend\Mvc\DispatchListener->onDispatch(Object(Zend\Mvc\MvcEvent))
#12 D:\xampp\htdocs\web-ir\demo\vendor\zendframework\zendframework\library\Zend\EventManager\EventManager.php(468): call_user_func(Array, Object(Zend\Mvc\MvcEvent))
#13 D:\xampp\htdocs\web-ir\demo\vendor\zendframework\zendframework\library\Zend\EventManager\EventManager.php(207): Zend\EventManager\EventManager->triggerListeners('dispatch', Object(Zend\Mvc\MvcEvent), Object(Closure))
#14 D:\xampp\htdocs\web-ir\demo\vendor\zendframework\zendframework\library\Zend\Mvc\Application.php(313): Zend\EventManager\EventManager->trigger('dispatch', Object(Zend\Mvc\MvcEvent), Object(Closure))
#15 D:\xampp\htdocs\web-ir\demo\public\index.php(17): Zend\Mvc\Application->run()
#16 {main}

Next exception 'Zend\Db\Adapter\Exception\InvalidQueryException' with message 'Statement could not be executed (42S22 - 1054 - Unknown column 'url' in 'field list')' in D:\xampp\htdocs\web-ir\demo\vendor\zendframework\zendframework\library\Zend\Db\Adapter\Driver\Pdo\Statement.php:244
Stack trace:
#0 D:\xampp\htdocs\web-ir\demo\vendor\zendframework\zendframework\library\Zend\Db\TableGateway\AbstractTableGateway.php(291): Zend\Db\Adapter\Driver\Pdo\Statement->execute()
#1 D:\xampp\htdocs\web-ir\demo\vendor\zendframework\zendframework\library\Zend\Db\TableGateway\AbstractTableGateway.php(258): Zend\Db\TableGateway\AbstractTableGateway->executeInsert(Object(Zend\Db\Sql\Insert))
#2 D:\xampp\htdocs\web-ir\demo\vendor\cms-ir\cms-ir\src\CmsIr\Page\src\Page\Model\PageTable.php(77): Zend\Db\TableGateway\AbstractTableGateway->insert(Array)
#3 D:\xampp\htdocs\web-ir\demo\vendor\cms-ir\cms-ir\src\CmsIr\Page\src\Page\Controller\PageController.php(62): CmsIr\Page\Model\PageTable->save(Object(CmsIr\Page\Model\Page))
#4 D:\xampp\htdocs\web-ir\demo\vendor\zendframework\zendframework\library\Zend\Mvc\Controller\AbstractActionController.php(83): CmsIr\Page\Controller\PageController->createAction()
#5 [internal function]: Zend\Mvc\Controller\AbstractActionController->onDispatch(Object(Zend\Mvc\MvcEvent))
#6 D:\xampp\htdocs\web-ir\demo\vendor\zendframework\zendframework\library\Zend\EventManager\EventManager.php(468): call_user_func(Array, Object(Zend\Mvc\MvcEvent))
#7 D:\xampp\htdocs\web-ir\demo\vendor\zendframework\zendframework\library\Zend\EventManager\EventManager.php(207): Zend\EventManager\EventManager->triggerListeners('dispatch', Object(Zend\Mvc\MvcEvent), Object(Closure))
#8 D:\xampp\htdocs\web-ir\demo\vendor\zendframework\zendframework\library\Zend\Mvc\Controller\AbstractController.php(116): Zend\EventManager\EventManager->trigger('dispatch', Object(Zend\Mvc\MvcEvent), Object(Closure))
#9 D:\xampp\htdocs\web-ir\demo\vendor\zendframework\zendframework\library\Zend\Mvc\DispatchListener.php(113): Zend\Mvc\Controller\AbstractController->dispatch(Object(Zend\Http\PhpEnvironment\Request), Object(Zend\Http\PhpEnvironment\Response))
#10 [internal function]: Zend\Mvc\DispatchListener->onDispatch(Object(Zend\Mvc\MvcEvent))
#11 D:\xampp\htdocs\web-ir\demo\vendor\zendframework\zendframework\library\Zend\EventManager\EventManager.php(468): call_user_func(Array, Object(Zend\Mvc\MvcEvent))
#12 D:\xampp\htdocs\web-ir\demo\vendor\zendframework\zendframework\library\Zend\EventManager\EventManager.php(207): Zend\EventManager\EventManager->triggerListeners('dispatch', Object(Zend\Mvc\MvcEvent), Object(Closure))
#13 D:\xampp\htdocs\web-ir\demo\vendor\zendframework\zendframework\library\Zend\Mvc\Application.php(313): Zend\EventManager\EventManager->trigger('dispatch', Object(Zend\Mvc\MvcEvent), Object(Closure))
#14 D:\xampp\htdocs\web-ir\demo\public\index.php(17): Zend\Mvc\Application->run()
#15 {main}
