2015-03-01T19:25:23+01:00 CRIT (2): exception 'Zend\Mvc\Router\Exception\RuntimeException' with message 'Route with name "createqweqwe" not found' in I:\cms-dev\vendor\zendframework\zendframework\library\Zend\Mvc\Router\Http\TreeRouteStack.php:317
Stack trace:
#0 I:\cms-dev\vendor\zendframework\zendframework\library\Zend\Mvc\Router\Http\Part.php(210): Zend\Mvc\Router\Http\TreeRouteStack->assemble(Array, Array)
#1 I:\cms-dev\vendor\zendframework\zendframework\library\Zend\Mvc\Router\Http\TreeRouteStack.php(351): Zend\Mvc\Router\Http\Part->assemble(Array, Array)
#2 I:\cms-dev\vendor\zendframework\zendframework\library\Zend\View\Helper\Url.php(100): Zend\Mvc\Router\Http\TreeRouteStack->assemble(Array, Array)
#3 [internal function]: Zend\View\Helper\Url->__invoke('page/createqweq...')
#4 I:\cms-dev\vendor\zendframework\zendframework\library\Zend\View\Renderer\PhpRenderer.php(399): call_user_func_array(Object(Zend\View\Helper\Url), Array)
#5 I:\cms-dev\vendor\cms-ir\cms-ir\src\CmsIr\Page\view\cms-ir\page\list.phtml(17): Zend\View\Renderer\PhpRenderer->__call('url', Array)
#6 I:\cms-dev\vendor\cms-ir\cms-ir\src\CmsIr\Page\view\cms-ir\page\list.phtml(17): Zend\View\Renderer\PhpRenderer->url('page/createqweq...')
#7 I:\cms-dev\vendor\zendframework\zendframework\library\Zend\View\Renderer\PhpRenderer.php(506): include('I:\\cms-dev\\vend...')
#8 I:\cms-dev\vendor\zendframework\zendframework\library\Zend\View\View.php(205): Zend\View\Renderer\PhpRenderer->render(Object(Zend\View\Model\ViewModel))
#9 I:\cms-dev\vendor\zendframework\zendframework\library\Zend\View\View.php(233): Zend\View\View->render(Object(Zend\View\Model\ViewModel))
#10 I:\cms-dev\vendor\zendframework\zendframework\library\Zend\View\View.php(198): Zend\View\View->renderChildren(Object(Zend\View\Model\ViewModel))
#11 I:\cms-dev\vendor\zendframework\zendframework\library\Zend\Mvc\View\Http\DefaultRenderingStrategy.php(103): Zend\View\View->render(Object(Zend\View\Model\ViewModel))
#12 [internal function]: Zend\Mvc\View\Http\DefaultRenderingStrategy->render(Object(Zend\Mvc\MvcEvent))
#13 I:\cms-dev\vendor\zendframework\zendframework\library\Zend\EventManager\EventManager.php(468): call_user_func(Array, Object(Zend\Mvc\MvcEvent))
#14 I:\cms-dev\vendor\zendframework\zendframework\library\Zend\EventManager\EventManager.php(207): Zend\EventManager\EventManager->triggerListeners('render', Object(Zend\Mvc\MvcEvent), Array)
#15 I:\cms-dev\vendor\zendframework\zendframework\library\Zend\Mvc\Application.php(352): Zend\EventManager\EventManager->trigger('render', Object(Zend\Mvc\MvcEvent))
#16 I:\cms-dev\vendor\zendframework\zendframework\library\Zend\Mvc\Application.php(327): Zend\Mvc\Application->completeRequest(Object(Zend\Mvc\MvcEvent))
#17 I:\cms-dev\public\index.php(17): Zend\Mvc\Application->run()
#18 {main}
2015-03-01T19:25:32+01:00 CRIT (2): exception 'Zend\Mvc\Router\Exception\RuntimeException' with message 'Route with name "createqweqwe" not found' in I:\cms-dev\vendor\zendframework\zendframework\library\Zend\Mvc\Router\Http\TreeRouteStack.php:317
Stack trace:
#0 I:\cms-dev\vendor\zendframework\zendframework\library\Zend\Mvc\Router\Http\Part.php(210): Zend\Mvc\Router\Http\TreeRouteStack->assemble(Array, Array)
#1 I:\cms-dev\vendor\zendframework\zendframework\library\Zend\Mvc\Router\Http\TreeRouteStack.php(351): Zend\Mvc\Router\Http\Part->assemble(Array, Array)
#2 I:\cms-dev\vendor\zendframework\zendframework\library\Zend\View\Helper\Url.php(100): Zend\Mvc\Router\Http\TreeRouteStack->assemble(Array, Array)
#3 [internal function]: Zend\View\Helper\Url->__invoke('page/createqweq...')
#4 I:\cms-dev\vendor\zendframework\zendframework\library\Zend\View\Renderer\PhpRenderer.php(399): call_user_func_array(Object(Zend\View\Helper\Url), Array)
#5 I:\cms-dev\vendor\cms-ir\cms-ir\src\CmsIr\Page\view\cms-ir\page\list.phtml(17): Zend\View\Renderer\PhpRenderer->__call('url', Array)
#6 I:\cms-dev\vendor\cms-ir\cms-ir\src\CmsIr\Page\view\cms-ir\page\list.phtml(17): Zend\View\Renderer\PhpRenderer->url('page/createqweq...')
#7 I:\cms-dev\vendor\zendframework\zendframework\library\Zend\View\Renderer\PhpRenderer.php(506): include('I:\\cms-dev\\vend...')
#8 I:\cms-dev\vendor\zendframework\zendframework\library\Zend\View\View.php(205): Zend\View\Renderer\PhpRenderer->render(Object(Zend\View\Model\ViewModel))
#9 I:\cms-dev\vendor\zendframework\zendframework\library\Zend\View\View.php(233): Zend\View\View->render(Object(Zend\View\Model\ViewModel))
#10 I:\cms-dev\vendor\zendframework\zendframework\library\Zend\View\View.php(198): Zend\View\View->renderChildren(Object(Zend\View\Model\ViewModel))
#11 I:\cms-dev\vendor\zendframework\zendframework\library\Zend\Mvc\View\Http\DefaultRenderingStrategy.php(103): Zend\View\View->render(Object(Zend\View\Model\ViewModel))
#12 [internal function]: Zend\Mvc\View\Http\DefaultRenderingStrategy->render(Object(Zend\Mvc\MvcEvent))
#13 I:\cms-dev\vendor\zendframework\zendframework\library\Zend\EventManager\EventManager.php(468): call_user_func(Array, Object(Zend\Mvc\MvcEvent))
#14 I:\cms-dev\vendor\zendframework\zendframework\library\Zend\EventManager\EventManager.php(207): Zend\EventManager\EventManager->triggerListeners('render', Object(Zend\Mvc\MvcEvent), Array)
#15 I:\cms-dev\vendor\zendframework\zendframework\library\Zend\Mvc\Application.php(352): Zend\EventManager\EventManager->trigger('render', Object(Zend\Mvc\MvcEvent))
#16 I:\cms-dev\vendor\zendframework\zendframework\library\Zend\Mvc\Application.php(327): Zend\Mvc\Application->completeRequest(Object(Zend\Mvc\MvcEvent))
#17 I:\cms-dev\public\index.php(17): Zend\Mvc\Application->run()
#18 {main}
2015-03-01T19:29:03+01:00 CRIT (2): exception 'Zend\Mvc\Router\Exception\RuntimeException' with message 'Route with name "createqweqwe" not found' in I:\cms-dev\vendor\zendframework\zendframework\library\Zend\Mvc\Router\Http\TreeRouteStack.php:317
Stack trace:
#0 I:\cms-dev\vendor\zendframework\zendframework\library\Zend\Mvc\Router\Http\Part.php(210): Zend\Mvc\Router\Http\TreeRouteStack->assemble(Array, Array)
#1 I:\cms-dev\vendor\zendframework\zendframework\library\Zend\Mvc\Router\Http\TreeRouteStack.php(351): Zend\Mvc\Router\Http\Part->assemble(Array, Array)
#2 I:\cms-dev\vendor\zendframework\zendframework\library\Zend\View\Helper\Url.php(100): Zend\Mvc\Router\Http\TreeRouteStack->assemble(Array, Array)
#3 [internal function]: Zend\View\Helper\Url->__invoke('page/createqweq...')
#4 I:\cms-dev\vendor\zendframework\zendframework\library\Zend\View\Renderer\PhpRenderer.php(399): call_user_func_array(Object(Zend\View\Helper\Url), Array)
#5 I:\cms-dev\vendor\cms-ir\cms-ir\src\CmsIr\Page\view\cms-ir\page\list.phtml(17): Zend\View\Renderer\PhpRenderer->__call('url', Array)
#6 I:\cms-dev\vendor\cms-ir\cms-ir\src\CmsIr\Page\view\cms-ir\page\list.phtml(17): Zend\View\Renderer\PhpRenderer->url('page/createqweq...')
#7 I:\cms-dev\vendor\zendframework\zendframework\library\Zend\View\Renderer\PhpRenderer.php(506): include('I:\\cms-dev\\vend...')
#8 I:\cms-dev\vendor\zendframework\zendframework\library\Zend\View\View.php(205): Zend\View\Renderer\PhpRenderer->render(Object(Zend\View\Model\ViewModel))
#9 I:\cms-dev\vendor\zendframework\zendframework\library\Zend\View\View.php(233): Zend\View\View->render(Object(Zend\View\Model\ViewModel))
#10 I:\cms-dev\vendor\zendframework\zendframework\library\Zend\View\View.php(198): Zend\View\View->renderChildren(Object(Zend\View\Model\ViewModel))
#11 I:\cms-dev\vendor\zendframework\zendframework\library\Zend\Mvc\View\Http\DefaultRenderingStrategy.php(103): Zend\View\View->render(Object(Zend\View\Model\ViewModel))
#12 [internal function]: Zend\Mvc\View\Http\DefaultRenderingStrategy->render(Object(Zend\Mvc\MvcEvent))
#13 I:\cms-dev\vendor\zendframework\zendframework\library\Zend\EventManager\EventManager.php(468): call_user_func(Array, Object(Zend\Mvc\MvcEvent))
#14 I:\cms-dev\vendor\zendframework\zendframework\library\Zend\EventManager\EventManager.php(207): Zend\EventManager\EventManager->triggerListeners('render', Object(Zend\Mvc\MvcEvent), Array)
#15 I:\cms-dev\vendor\zendframework\zendframework\library\Zend\Mvc\Application.php(352): Zend\EventManager\EventManager->trigger('render', Object(Zend\Mvc\MvcEvent))
#16 I:\cms-dev\vendor\zendframework\zendframework\library\Zend\Mvc\Application.php(327): Zend\Mvc\Application->completeRequest(Object(Zend\Mvc\MvcEvent))
#17 I:\cms-dev\public\index.php(17): Zend\Mvc\Application->run()
#18 {main}
2015-03-01T20:46:58+01:00 CRIT (2): exception 'Zend\Mvc\Router\Exception\RuntimeException' with message 'Route with name "createqweqwe" not found' in I:\cms-dev\vendor\zendframework\zendframework\library\Zend\Mvc\Router\Http\TreeRouteStack.php:317
Stack trace:
#0 I:\cms-dev\vendor\zendframework\zendframework\library\Zend\Mvc\Router\Http\Part.php(210): Zend\Mvc\Router\Http\TreeRouteStack->assemble(Array, Array)
#1 I:\cms-dev\vendor\zendframework\zendframework\library\Zend\Mvc\Router\Http\TreeRouteStack.php(351): Zend\Mvc\Router\Http\Part->assemble(Array, Array)
#2 I:\cms-dev\vendor\zendframework\zendframework\library\Zend\View\Helper\Url.php(100): Zend\Mvc\Router\Http\TreeRouteStack->assemble(Array, Array)
#3 [internal function]: Zend\View\Helper\Url->__invoke('page/createqweq...')
#4 I:\cms-dev\vendor\zendframework\zendframework\library\Zend\View\Renderer\PhpRenderer.php(399): call_user_func_array(Object(Zend\View\Helper\Url), Array)
#5 I:\cms-dev\vendor\cms-ir\cms-ir\src\CmsIr\Page\view\cms-ir\page\list.phtml(17): Zend\View\Renderer\PhpRenderer->__call('url', Array)
#6 I:\cms-dev\vendor\cms-ir\cms-ir\src\CmsIr\Page\view\cms-ir\page\list.phtml(17): Zend\View\Renderer\PhpRenderer->url('page/createqweq...')
#7 I:\cms-dev\vendor\zendframework\zendframework\library\Zend\View\Renderer\PhpRenderer.php(506): include('I:\\cms-dev\\vend...')
#8 I:\cms-dev\vendor\zendframework\zendframework\library\Zend\View\View.php(205): Zend\View\Renderer\PhpRenderer->render(Object(Zend\View\Model\ViewModel))
#9 I:\cms-dev\vendor\zendframework\zendframework\library\Zend\View\View.php(233): Zend\View\View->render(Object(Zend\View\Model\ViewModel))
#10 I:\cms-dev\vendor\zendframework\zendframework\library\Zend\View\View.php(198): Zend\View\View->renderChildren(Object(Zend\View\Model\ViewModel))
#11 I:\cms-dev\vendor\zendframework\zendframework\library\Zend\Mvc\View\Http\DefaultRenderingStrategy.php(103): Zend\View\View->render(Object(Zend\View\Model\ViewModel))
#12 [internal function]: Zend\Mvc\View\Http\DefaultRenderingStrategy->render(Object(Zend\Mvc\MvcEvent))
#13 I:\cms-dev\vendor\zendframework\zendframework\library\Zend\EventManager\EventManager.php(468): call_user_func(Array, Object(Zend\Mvc\MvcEvent))
#14 I:\cms-dev\vendor\zendframework\zendframework\library\Zend\EventManager\EventManager.php(207): Zend\EventManager\EventManager->triggerListeners('render', Object(Zend\Mvc\MvcEvent), Array)
#15 I:\cms-dev\vendor\zendframework\zendframework\library\Zend\Mvc\Application.php(352): Zend\EventManager\EventManager->trigger('render', Object(Zend\Mvc\MvcEvent))
#16 I:\cms-dev\vendor\zendframework\zendframework\library\Zend\Mvc\Application.php(327): Zend\Mvc\Application->completeRequest(Object(Zend\Mvc\MvcEvent))
#17 I:\cms-dev\public\index.php(17): Zend\Mvc\Application->run()
#18 {main}
2015-03-01T20:58:15+01:00 CRIT (2): exception 'Zend\Mvc\Router\Exception\RuntimeException' with message 'Route with name "createqweqwe" not found' in I:\cms-dev\vendor\zendframework\zendframework\library\Zend\Mvc\Router\Http\TreeRouteStack.php:317
Stack trace:
#0 I:\cms-dev\vendor\zendframework\zendframework\library\Zend\Mvc\Router\Http\Part.php(210): Zend\Mvc\Router\Http\TreeRouteStack->assemble(Array, Array)
#1 I:\cms-dev\vendor\zendframework\zendframework\library\Zend\Mvc\Router\Http\TreeRouteStack.php(351): Zend\Mvc\Router\Http\Part->assemble(Array, Array)
#2 I:\cms-dev\vendor\zendframework\zendframework\library\Zend\View\Helper\Url.php(100): Zend\Mvc\Router\Http\TreeRouteStack->assemble(Array, Array)
#3 [internal function]: Zend\View\Helper\Url->__invoke('page/createqweq...')
#4 I:\cms-dev\vendor\zendframework\zendframework\library\Zend\View\Renderer\PhpRenderer.php(399): call_user_func_array(Object(Zend\View\Helper\Url), Array)
#5 I:\cms-dev\vendor\cms-ir\cms-ir\src\CmsIr\Page\view\cms-ir\page\list.phtml(17): Zend\View\Renderer\PhpRenderer->__call('url', Array)
#6 I:\cms-dev\vendor\cms-ir\cms-ir\src\CmsIr\Page\view\cms-ir\page\list.phtml(17): Zend\View\Renderer\PhpRenderer->url('page/createqweq...')
#7 I:\cms-dev\vendor\zendframework\zendframework\library\Zend\View\Renderer\PhpRenderer.php(506): include('I:\\cms-dev\\vend...')
#8 I:\cms-dev\vendor\zendframework\zendframework\library\Zend\View\View.php(205): Zend\View\Renderer\PhpRenderer->render(Object(Zend\View\Model\ViewModel))
#9 I:\cms-dev\vendor\zendframework\zendframework\library\Zend\View\View.php(233): Zend\View\View->render(Object(Zend\View\Model\ViewModel))
#10 I:\cms-dev\vendor\zendframework\zendframework\library\Zend\View\View.php(198): Zend\View\View->renderChildren(Object(Zend\View\Model\ViewModel))
#11 I:\cms-dev\vendor\zendframework\zendframework\library\Zend\Mvc\View\Http\DefaultRenderingStrategy.php(103): Zend\View\View->render(Object(Zend\View\Model\ViewModel))
#12 [internal function]: Zend\Mvc\View\Http\DefaultRenderingStrategy->render(Object(Zend\Mvc\MvcEvent))
#13 I:\cms-dev\vendor\zendframework\zendframework\library\Zend\EventManager\EventManager.php(468): call_user_func(Array, Object(Zend\Mvc\MvcEvent))
#14 I:\cms-dev\vendor\zendframework\zendframework\library\Zend\EventManager\EventManager.php(207): Zend\EventManager\EventManager->triggerListeners('render', Object(Zend\Mvc\MvcEvent), Array)
#15 I:\cms-dev\vendor\zendframework\zendframework\library\Zend\Mvc\Application.php(352): Zend\EventManager\EventManager->trigger('render', Object(Zend\Mvc\MvcEvent))
#16 I:\cms-dev\vendor\zendframework\zendframework\library\Zend\Mvc\Application.php(327): Zend\Mvc\Application->completeRequest(Object(Zend\Mvc\MvcEvent))
#17 I:\cms-dev\public\index.php(17): Zend\Mvc\Application->run()
#18 {main}
2015-03-01T21:00:07+01:00 CRIT (2): exception 'Zend\Mvc\Router\Exception\RuntimeException' with message 'Route with name "createqweqwe" not found' in I:\cms-dev\vendor\zendframework\zendframework\library\Zend\Mvc\Router\Http\TreeRouteStack.php:317
Stack trace:
#0 I:\cms-dev\vendor\zendframework\zendframework\library\Zend\Mvc\Router\Http\Part.php(210): Zend\Mvc\Router\Http\TreeRouteStack->assemble(Array, Array)
#1 I:\cms-dev\vendor\zendframework\zendframework\library\Zend\Mvc\Router\Http\TreeRouteStack.php(351): Zend\Mvc\Router\Http\Part->assemble(Array, Array)
#2 I:\cms-dev\vendor\zendframework\zendframework\library\Zend\View\Helper\Url.php(100): Zend\Mvc\Router\Http\TreeRouteStack->assemble(Array, Array)
#3 [internal function]: Zend\View\Helper\Url->__invoke('page/createqweq...')
#4 I:\cms-dev\vendor\zendframework\zendframework\library\Zend\View\Renderer\PhpRenderer.php(399): call_user_func_array(Object(Zend\View\Helper\Url), Array)
#5 I:\cms-dev\vendor\cms-ir\cms-ir\src\CmsIr\Page\view\cms-ir\page\list.phtml(17): Zend\View\Renderer\PhpRenderer->__call('url', Array)
#6 I:\cms-dev\vendor\cms-ir\cms-ir\src\CmsIr\Page\view\cms-ir\page\list.phtml(17): Zend\View\Renderer\PhpRenderer->url('page/createqweq...')
#7 I:\cms-dev\vendor\zendframework\zendframework\library\Zend\View\Renderer\PhpRenderer.php(506): include('I:\\cms-dev\\vend...')
#8 I:\cms-dev\vendor\zendframework\zendframework\library\Zend\View\View.php(205): Zend\View\Renderer\PhpRenderer->render(Object(Zend\View\Model\ViewModel))
#9 I:\cms-dev\vendor\zendframework\zendframework\library\Zend\View\View.php(233): Zend\View\View->render(Object(Zend\View\Model\ViewModel))
#10 I:\cms-dev\vendor\zendframework\zendframework\library\Zend\View\View.php(198): Zend\View\View->renderChildren(Object(Zend\View\Model\ViewModel))
#11 I:\cms-dev\vendor\zendframework\zendframework\library\Zend\Mvc\View\Http\DefaultRenderingStrategy.php(103): Zend\View\View->render(Object(Zend\View\Model\ViewModel))
#12 [internal function]: Zend\Mvc\View\Http\DefaultRenderingStrategy->render(Object(Zend\Mvc\MvcEvent))
#13 I:\cms-dev\vendor\zendframework\zendframework\library\Zend\EventManager\EventManager.php(468): call_user_func(Array, Object(Zend\Mvc\MvcEvent))
#14 I:\cms-dev\vendor\zendframework\zendframework\library\Zend\EventManager\EventManager.php(207): Zend\EventManager\EventManager->triggerListeners('render', Object(Zend\Mvc\MvcEvent), Array)
#15 I:\cms-dev\vendor\zendframework\zendframework\library\Zend\Mvc\Application.php(352): Zend\EventManager\EventManager->trigger('render', Object(Zend\Mvc\MvcEvent))
#16 I:\cms-dev\vendor\zendframework\zendframework\library\Zend\Mvc\Application.php(327): Zend\Mvc\Application->completeRequest(Object(Zend\Mvc\MvcEvent))
#17 I:\cms-dev\public\index.php(17): Zend\Mvc\Application->run()
#18 {main}
2015-03-01T21:02:25+01:00 CRIT (2): exception 'Zend\Mvc\Router\Exception\RuntimeException' with message 'Route with name "createqweqwe" not found' in I:\cms-dev\vendor\zendframework\zendframework\library\Zend\Mvc\Router\Http\TreeRouteStack.php:317
Stack trace:
#0 I:\cms-dev\vendor\zendframework\zendframework\library\Zend\Mvc\Router\Http\Part.php(210): Zend\Mvc\Router\Http\TreeRouteStack->assemble(Array, Array)
#1 I:\cms-dev\vendor\zendframework\zendframework\library\Zend\Mvc\Router\Http\TreeRouteStack.php(351): Zend\Mvc\Router\Http\Part->assemble(Array, Array)
#2 I:\cms-dev\vendor\zendframework\zendframework\library\Zend\View\Helper\Url.php(100): Zend\Mvc\Router\Http\TreeRouteStack->assemble(Array, Array)
#3 [internal function]: Zend\View\Helper\Url->__invoke('page/createqweq...')
#4 I:\cms-dev\vendor\zendframework\zendframework\library\Zend\View\Renderer\PhpRenderer.php(399): call_user_func_array(Object(Zend\View\Helper\Url), Array)
#5 I:\cms-dev\vendor\cms-ir\cms-ir\src\CmsIr\Page\view\cms-ir\page\list.phtml(17): Zend\View\Renderer\PhpRenderer->__call('url', Array)
#6 I:\cms-dev\vendor\cms-ir\cms-ir\src\CmsIr\Page\view\cms-ir\page\list.phtml(17): Zend\View\Renderer\PhpRenderer->url('page/createqweq...')
#7 I:\cms-dev\vendor\zendframework\zendframework\library\Zend\View\Renderer\PhpRenderer.php(506): include('I:\\cms-dev\\vend...')
#8 I:\cms-dev\vendor\zendframework\zendframework\library\Zend\View\View.php(205): Zend\View\Renderer\PhpRenderer->render(Object(Zend\View\Model\ViewModel))
#9 I:\cms-dev\vendor\zendframework\zendframework\library\Zend\View\View.php(233): Zend\View\View->render(Object(Zend\View\Model\ViewModel))
#10 I:\cms-dev\vendor\zendframework\zendframework\library\Zend\View\View.php(198): Zend\View\View->renderChildren(Object(Zend\View\Model\ViewModel))
#11 I:\cms-dev\vendor\zendframework\zendframework\library\Zend\Mvc\View\Http\DefaultRenderingStrategy.php(103): Zend\View\View->render(Object(Zend\View\Model\ViewModel))
#12 [internal function]: Zend\Mvc\View\Http\DefaultRenderingStrategy->render(Object(Zend\Mvc\MvcEvent))
#13 I:\cms-dev\vendor\zendframework\zendframework\library\Zend\EventManager\EventManager.php(468): call_user_func(Array, Object(Zend\Mvc\MvcEvent))
#14 I:\cms-dev\vendor\zendframework\zendframework\library\Zend\EventManager\EventManager.php(207): Zend\EventManager\EventManager->triggerListeners('render', Object(Zend\Mvc\MvcEvent), Array)
#15 I:\cms-dev\vendor\zendframework\zendframework\library\Zend\Mvc\Application.php(352): Zend\EventManager\EventManager->trigger('render', Object(Zend\Mvc\MvcEvent))
#16 I:\cms-dev\vendor\zendframework\zendframework\library\Zend\Mvc\Application.php(327): Zend\Mvc\Application->completeRequest(Object(Zend\Mvc\MvcEvent))
#17 I:\cms-dev\public\index.php(17): Zend\Mvc\Application->run()
#18 {main}
2015-03-01T21:02:46+01:00 CRIT (2): exception 'Zend\Mvc\Router\Exception\RuntimeException' with message 'Route with name "createqweqwe" not found' in I:\cms-dev\vendor\zendframework\zendframework\library\Zend\Mvc\Router\Http\TreeRouteStack.php:317
Stack trace:
#0 I:\cms-dev\vendor\zendframework\zendframework\library\Zend\Mvc\Router\Http\Part.php(210): Zend\Mvc\Router\Http\TreeRouteStack->assemble(Array, Array)
#1 I:\cms-dev\vendor\zendframework\zendframework\library\Zend\Mvc\Router\Http\TreeRouteStack.php(351): Zend\Mvc\Router\Http\Part->assemble(Array, Array)
#2 I:\cms-dev\vendor\zendframework\zendframework\library\Zend\View\Helper\Url.php(100): Zend\Mvc\Router\Http\TreeRouteStack->assemble(Array, Array)
#3 [internal function]: Zend\View\Helper\Url->__invoke('page/createqweq...')
#4 I:\cms-dev\vendor\zendframework\zendframework\library\Zend\View\Renderer\PhpRenderer.php(399): call_user_func_array(Object(Zend\View\Helper\Url), Array)
#5 I:\cms-dev\vendor\cms-ir\cms-ir\src\CmsIr\Page\view\cms-ir\page\list.phtml(17): Zend\View\Renderer\PhpRenderer->__call('url', Array)
#6 I:\cms-dev\vendor\cms-ir\cms-ir\src\CmsIr\Page\view\cms-ir\page\list.phtml(17): Zend\View\Renderer\PhpRenderer->url('page/createqweq...')
#7 I:\cms-dev\vendor\zendframework\zendframework\library\Zend\View\Renderer\PhpRenderer.php(506): include('I:\\cms-dev\\vend...')
#8 I:\cms-dev\vendor\zendframework\zendframework\library\Zend\View\View.php(205): Zend\View\Renderer\PhpRenderer->render(Object(Zend\View\Model\ViewModel))
#9 I:\cms-dev\vendor\zendframework\zendframework\library\Zend\View\View.php(233): Zend\View\View->render(Object(Zend\View\Model\ViewModel))
#10 I:\cms-dev\vendor\zendframework\zendframework\library\Zend\View\View.php(198): Zend\View\View->renderChildren(Object(Zend\View\Model\ViewModel))
#11 I:\cms-dev\vendor\zendframework\zendframework\library\Zend\Mvc\View\Http\DefaultRenderingStrategy.php(103): Zend\View\View->render(Object(Zend\View\Model\ViewModel))
#12 [internal function]: Zend\Mvc\View\Http\DefaultRenderingStrategy->render(Object(Zend\Mvc\MvcEvent))
#13 I:\cms-dev\vendor\zendframework\zendframework\library\Zend\EventManager\EventManager.php(468): call_user_func(Array, Object(Zend\Mvc\MvcEvent))
#14 I:\cms-dev\vendor\zendframework\zendframework\library\Zend\EventManager\EventManager.php(207): Zend\EventManager\EventManager->triggerListeners('render', Object(Zend\Mvc\MvcEvent), Array)
#15 I:\cms-dev\vendor\zendframework\zendframework\library\Zend\Mvc\Application.php(352): Zend\EventManager\EventManager->trigger('render', Object(Zend\Mvc\MvcEvent))
#16 I:\cms-dev\vendor\zendframework\zendframework\library\Zend\Mvc\Application.php(327): Zend\Mvc\Application->completeRequest(Object(Zend\Mvc\MvcEvent))
#17 I:\cms-dev\public\index.php(17): Zend\Mvc\Application->run()
#18 {main}
2015-03-01T21:04:11+01:00 CRIT (2): exception 'Zend\Mvc\Router\Exception\RuntimeException' with message 'Route with name "createqweqwe" not found' in I:\cms-dev\vendor\zendframework\zendframework\library\Zend\Mvc\Router\Http\TreeRouteStack.php:317
Stack trace:
#0 I:\cms-dev\vendor\zendframework\zendframework\library\Zend\Mvc\Router\Http\Part.php(210): Zend\Mvc\Router\Http\TreeRouteStack->assemble(Array, Array)
#1 I:\cms-dev\vendor\zendframework\zendframework\library\Zend\Mvc\Router\Http\TreeRouteStack.php(351): Zend\Mvc\Router\Http\Part->assemble(Array, Array)
#2 I:\cms-dev\vendor\zendframework\zendframework\library\Zend\View\Helper\Url.php(100): Zend\Mvc\Router\Http\TreeRouteStack->assemble(Array, Array)
#3 [internal function]: Zend\View\Helper\Url->__invoke('page/createqweq...')
#4 I:\cms-dev\vendor\zendframework\zendframework\library\Zend\View\Renderer\PhpRenderer.php(399): call_user_func_array(Object(Zend\View\Helper\Url), Array)
#5 I:\cms-dev\vendor\cms-ir\cms-ir\src\CmsIr\Page\view\cms-ir\page\list.phtml(17): Zend\View\Renderer\PhpRenderer->__call('url', Array)
#6 I:\cms-dev\vendor\cms-ir\cms-ir\src\CmsIr\Page\view\cms-ir\page\list.phtml(17): Zend\View\Renderer\PhpRenderer->url('page/createqweq...')
#7 I:\cms-dev\vendor\zendframework\zendframework\library\Zend\View\Renderer\PhpRenderer.php(506): include('I:\\cms-dev\\vend...')
#8 I:\cms-dev\vendor\zendframework\zendframework\library\Zend\View\View.php(205): Zend\View\Renderer\PhpRenderer->render(Object(Zend\View\Model\ViewModel))
#9 I:\cms-dev\vendor\zendframework\zendframework\library\Zend\View\View.php(233): Zend\View\View->render(Object(Zend\View\Model\ViewModel))
#10 I:\cms-dev\vendor\zendframework\zendframework\library\Zend\View\View.php(198): Zend\View\View->renderChildren(Object(Zend\View\Model\ViewModel))
#11 I:\cms-dev\vendor\zendframework\zendframework\library\Zend\Mvc\View\Http\DefaultRenderingStrategy.php(103): Zend\View\View->render(Object(Zend\View\Model\ViewModel))
#12 [internal function]: Zend\Mvc\View\Http\DefaultRenderingStrategy->render(Object(Zend\Mvc\MvcEvent))
#13 I:\cms-dev\vendor\zendframework\zendframework\library\Zend\EventManager\EventManager.php(468): call_user_func(Array, Object(Zend\Mvc\MvcEvent))
#14 I:\cms-dev\vendor\zendframework\zendframework\library\Zend\EventManager\EventManager.php(207): Zend\EventManager\EventManager->triggerListeners('render', Object(Zend\Mvc\MvcEvent), Array)
#15 I:\cms-dev\vendor\zendframework\zendframework\library\Zend\Mvc\Application.php(352): Zend\EventManager\EventManager->trigger('render', Object(Zend\Mvc\MvcEvent))
#16 I:\cms-dev\vendor\zendframework\zendframework\library\Zend\Mvc\Application.php(327): Zend\Mvc\Application->completeRequest(Object(Zend\Mvc\MvcEvent))
#17 I:\cms-dev\public\index.php(17): Zend\Mvc\Application->run()
#18 {main}
2015-03-01T21:04:38+01:00 CRIT (2): exception 'Zend\Mvc\Router\Exception\RuntimeException' with message 'Route with name "createqweqwe" not found' in I:\cms-dev\vendor\zendframework\zendframework\library\Zend\Mvc\Router\Http\TreeRouteStack.php:317
Stack trace:
#0 I:\cms-dev\vendor\zendframework\zendframework\library\Zend\Mvc\Router\Http\Part.php(210): Zend\Mvc\Router\Http\TreeRouteStack->assemble(Array, Array)
#1 I:\cms-dev\vendor\zendframework\zendframework\library\Zend\Mvc\Router\Http\TreeRouteStack.php(351): Zend\Mvc\Router\Http\Part->assemble(Array, Array)
#2 I:\cms-dev\vendor\zendframework\zendframework\library\Zend\View\Helper\Url.php(100): Zend\Mvc\Router\Http\TreeRouteStack->assemble(Array, Array)
#3 [internal function]: Zend\View\Helper\Url->__invoke('page/createqweq...')
#4 I:\cms-dev\vendor\zendframework\zendframework\library\Zend\View\Renderer\PhpRenderer.php(399): call_user_func_array(Object(Zend\View\Helper\Url), Array)
#5 I:\cms-dev\vendor\cms-ir\cms-ir\src\CmsIr\Page\view\cms-ir\page\list.phtml(17): Zend\View\Renderer\PhpRenderer->__call('url', Array)
#6 I:\cms-dev\vendor\cms-ir\cms-ir\src\CmsIr\Page\view\cms-ir\page\list.phtml(17): Zend\View\Renderer\PhpRenderer->url('page/createqweq...')
#7 I:\cms-dev\vendor\zendframework\zendframework\library\Zend\View\Renderer\PhpRenderer.php(506): include('I:\\cms-dev\\vend...')
#8 I:\cms-dev\vendor\zendframework\zendframework\library\Zend\View\View.php(205): Zend\View\Renderer\PhpRenderer->render(Object(Zend\View\Model\ViewModel))
#9 I:\cms-dev\vendor\zendframework\zendframework\library\Zend\View\View.php(233): Zend\View\View->render(Object(Zend\View\Model\ViewModel))
#10 I:\cms-dev\vendor\zendframework\zendframework\library\Zend\View\View.php(198): Zend\View\View->renderChildren(Object(Zend\View\Model\ViewModel))
#11 I:\cms-dev\vendor\zendframework\zendframework\library\Zend\Mvc\View\Http\DefaultRenderingStrategy.php(103): Zend\View\View->render(Object(Zend\View\Model\ViewModel))
#12 [internal function]: Zend\Mvc\View\Http\DefaultRenderingStrategy->render(Object(Zend\Mvc\MvcEvent))
#13 I:\cms-dev\vendor\zendframework\zendframework\library\Zend\EventManager\EventManager.php(468): call_user_func(Array, Object(Zend\Mvc\MvcEvent))
#14 I:\cms-dev\vendor\zendframework\zendframework\library\Zend\EventManager\EventManager.php(207): Zend\EventManager\EventManager->triggerListeners('render', Object(Zend\Mvc\MvcEvent), Array)
#15 I:\cms-dev\vendor\zendframework\zendframework\library\Zend\Mvc\Application.php(352): Zend\EventManager\EventManager->trigger('render', Object(Zend\Mvc\MvcEvent))
#16 I:\cms-dev\vendor\zendframework\zendframework\library\Zend\Mvc\Application.php(327): Zend\Mvc\Application->completeRequest(Object(Zend\Mvc\MvcEvent))
#17 I:\cms-dev\public\index.php(17): Zend\Mvc\Application->run()
#18 {main}
2015-03-01T21:05:04+01:00 CRIT (2): exception 'Zend\Mvc\Router\Exception\RuntimeException' with message 'Route with name "createqweqwe" not found' in I:\cms-dev\vendor\zendframework\zendframework\library\Zend\Mvc\Router\Http\TreeRouteStack.php:317
Stack trace:
#0 I:\cms-dev\vendor\zendframework\zendframework\library\Zend\Mvc\Router\Http\Part.php(210): Zend\Mvc\Router\Http\TreeRouteStack->assemble(Array, Array)
#1 I:\cms-dev\vendor\zendframework\zendframework\library\Zend\Mvc\Router\Http\TreeRouteStack.php(351): Zend\Mvc\Router\Http\Part->assemble(Array, Array)
#2 I:\cms-dev\vendor\zendframework\zendframework\library\Zend\View\Helper\Url.php(100): Zend\Mvc\Router\Http\TreeRouteStack->assemble(Array, Array)
#3 [internal function]: Zend\View\Helper\Url->__invoke('page/createqweq...')
#4 I:\cms-dev\vendor\zendframework\zendframework\library\Zend\View\Renderer\PhpRenderer.php(399): call_user_func_array(Object(Zend\View\Helper\Url), Array)
#5 I:\cms-dev\vendor\cms-ir\cms-ir\src\CmsIr\Page\view\cms-ir\page\list.phtml(17): Zend\View\Renderer\PhpRenderer->__call('url', Array)
#6 I:\cms-dev\vendor\cms-ir\cms-ir\src\CmsIr\Page\view\cms-ir\page\list.phtml(17): Zend\View\Renderer\PhpRenderer->url('page/createqweq...')
#7 I:\cms-dev\vendor\zendframework\zendframework\library\Zend\View\Renderer\PhpRenderer.php(506): include('I:\\cms-dev\\vend...')
#8 I:\cms-dev\vendor\zendframework\zendframework\library\Zend\View\View.php(205): Zend\View\Renderer\PhpRenderer->render(Object(Zend\View\Model\ViewModel))
#9 I:\cms-dev\vendor\zendframework\zendframework\library\Zend\View\View.php(233): Zend\View\View->render(Object(Zend\View\Model\ViewModel))
#10 I:\cms-dev\vendor\zendframework\zendframework\library\Zend\View\View.php(198): Zend\View\View->renderChildren(Object(Zend\View\Model\ViewModel))
#11 I:\cms-dev\vendor\zendframework\zendframework\library\Zend\Mvc\View\Http\DefaultRenderingStrategy.php(103): Zend\View\View->render(Object(Zend\View\Model\ViewModel))
#12 [internal function]: Zend\Mvc\View\Http\DefaultRenderingStrategy->render(Object(Zend\Mvc\MvcEvent))
#13 I:\cms-dev\vendor\zendframework\zendframework\library\Zend\EventManager\EventManager.php(468): call_user_func(Array, Object(Zend\Mvc\MvcEvent))
#14 I:\cms-dev\vendor\zendframework\zendframework\library\Zend\EventManager\EventManager.php(207): Zend\EventManager\EventManager->triggerListeners('render', Object(Zend\Mvc\MvcEvent), Array)
#15 I:\cms-dev\vendor\zendframework\zendframework\library\Zend\Mvc\Application.php(352): Zend\EventManager\EventManager->trigger('render', Object(Zend\Mvc\MvcEvent))
#16 I:\cms-dev\vendor\zendframework\zendframework\library\Zend\Mvc\Application.php(327): Zend\Mvc\Application->completeRequest(Object(Zend\Mvc\MvcEvent))
#17 I:\cms-dev\public\index.php(17): Zend\Mvc\Application->run()
#18 {main}
2015-03-01T21:05:30+01:00 CRIT (2): exception 'Zend\Mvc\Router\Exception\RuntimeException' with message 'Route with name "createqweqwe" not found' in I:\cms-dev\vendor\zendframework\zendframework\library\Zend\Mvc\Router\Http\TreeRouteStack.php:317
Stack trace:
#0 I:\cms-dev\vendor\zendframework\zendframework\library\Zend\Mvc\Router\Http\Part.php(210): Zend\Mvc\Router\Http\TreeRouteStack->assemble(Array, Array)
#1 I:\cms-dev\vendor\zendframework\zendframework\library\Zend\Mvc\Router\Http\TreeRouteStack.php(351): Zend\Mvc\Router\Http\Part->assemble(Array, Array)
#2 I:\cms-dev\vendor\zendframework\zendframework\library\Zend\View\Helper\Url.php(100): Zend\Mvc\Router\Http\TreeRouteStack->assemble(Array, Array)
#3 [internal function]: Zend\View\Helper\Url->__invoke('page/createqweq...')
#4 I:\cms-dev\vendor\zendframework\zendframework\library\Zend\View\Renderer\PhpRenderer.php(399): call_user_func_array(Object(Zend\View\Helper\Url), Array)
#5 I:\cms-dev\vendor\cms-ir\cms-ir\src\CmsIr\Page\view\cms-ir\page\list.phtml(17): Zend\View\Renderer\PhpRenderer->__call('url', Array)
#6 I:\cms-dev\vendor\cms-ir\cms-ir\src\CmsIr\Page\view\cms-ir\page\list.phtml(17): Zend\View\Renderer\PhpRenderer->url('page/createqweq...')
#7 I:\cms-dev\vendor\zendframework\zendframework\library\Zend\View\Renderer\PhpRenderer.php(506): include('I:\\cms-dev\\vend...')
#8 I:\cms-dev\vendor\zendframework\zendframework\library\Zend\View\View.php(205): Zend\View\Renderer\PhpRenderer->render(Object(Zend\View\Model\ViewModel))
#9 I:\cms-dev\vendor\zendframework\zendframework\library\Zend\View\View.php(233): Zend\View\View->render(Object(Zend\View\Model\ViewModel))
#10 I:\cms-dev\vendor\zendframework\zendframework\library\Zend\View\View.php(198): Zend\View\View->renderChildren(Object(Zend\View\Model\ViewModel))
#11 I:\cms-dev\vendor\zendframework\zendframework\library\Zend\Mvc\View\Http\DefaultRenderingStrategy.php(103): Zend\View\View->render(Object(Zend\View\Model\ViewModel))
#12 [internal function]: Zend\Mvc\View\Http\DefaultRenderingStrategy->render(Object(Zend\Mvc\MvcEvent))
#13 I:\cms-dev\vendor\zendframework\zendframework\library\Zend\EventManager\EventManager.php(468): call_user_func(Array, Object(Zend\Mvc\MvcEvent))
#14 I:\cms-dev\vendor\zendframework\zendframework\library\Zend\EventManager\EventManager.php(207): Zend\EventManager\EventManager->triggerListeners('render', Object(Zend\Mvc\MvcEvent), Array)
#15 I:\cms-dev\vendor\zendframework\zendframework\library\Zend\Mvc\Application.php(352): Zend\EventManager\EventManager->trigger('render', Object(Zend\Mvc\MvcEvent))
#16 I:\cms-dev\vendor\zendframework\zendframework\library\Zend\Mvc\Application.php(327): Zend\Mvc\Application->completeRequest(Object(Zend\Mvc\MvcEvent))
#17 I:\cms-dev\public\index.php(17): Zend\Mvc\Application->run()
#18 {main}
2015-03-01T21:06:58+01:00 CRIT (2): exception 'Zend\Mvc\Router\Exception\RuntimeException' with message 'Route with name "createqweqwe" not found' in I:\cms-dev\vendor\zendframework\zendframework\library\Zend\Mvc\Router\Http\TreeRouteStack.php:317
Stack trace:
#0 I:\cms-dev\vendor\zendframework\zendframework\library\Zend\Mvc\Router\Http\Part.php(210): Zend\Mvc\Router\Http\TreeRouteStack->assemble(Array, Array)
#1 I:\cms-dev\vendor\zendframework\zendframework\library\Zend\Mvc\Router\Http\TreeRouteStack.php(351): Zend\Mvc\Router\Http\Part->assemble(Array, Array)
#2 I:\cms-dev\vendor\zendframework\zendframework\library\Zend\View\Helper\Url.php(100): Zend\Mvc\Router\Http\TreeRouteStack->assemble(Array, Array)
#3 [internal function]: Zend\View\Helper\Url->__invoke('page/createqweq...')
#4 I:\cms-dev\vendor\zendframework\zendframework\library\Zend\View\Renderer\PhpRenderer.php(399): call_user_func_array(Object(Zend\View\Helper\Url), Array)
#5 I:\cms-dev\vendor\cms-ir\cms-ir\src\CmsIr\Page\view\cms-ir\page\list.phtml(17): Zend\View\Renderer\PhpRenderer->__call('url', Array)
#6 I:\cms-dev\vendor\cms-ir\cms-ir\src\CmsIr\Page\view\cms-ir\page\list.phtml(17): Zend\View\Renderer\PhpRenderer->url('page/createqweq...')
#7 I:\cms-dev\vendor\zendframework\zendframework\library\Zend\View\Renderer\PhpRenderer.php(506): include('I:\\cms-dev\\vend...')
#8 I:\cms-dev\vendor\zendframework\zendframework\library\Zend\View\View.php(205): Zend\View\Renderer\PhpRenderer->render(Object(Zend\View\Model\ViewModel))
#9 I:\cms-dev\vendor\zendframework\zendframework\library\Zend\View\View.php(233): Zend\View\View->render(Object(Zend\View\Model\ViewModel))
#10 I:\cms-dev\vendor\zendframework\zendframework\library\Zend\View\View.php(198): Zend\View\View->renderChildren(Object(Zend\View\Model\ViewModel))
#11 I:\cms-dev\vendor\zendframework\zendframework\library\Zend\Mvc\View\Http\DefaultRenderingStrategy.php(103): Zend\View\View->render(Object(Zend\View\Model\ViewModel))
#12 [internal function]: Zend\Mvc\View\Http\DefaultRenderingStrategy->render(Object(Zend\Mvc\MvcEvent))
#13 I:\cms-dev\vendor\zendframework\zendframework\library\Zend\EventManager\EventManager.php(468): call_user_func(Array, Object(Zend\Mvc\MvcEvent))
#14 I:\cms-dev\vendor\zendframework\zendframework\library\Zend\EventManager\EventManager.php(207): Zend\EventManager\EventManager->triggerListeners('render', Object(Zend\Mvc\MvcEvent), Array)
#15 I:\cms-dev\vendor\zendframework\zendframework\library\Zend\Mvc\Application.php(352): Zend\EventManager\EventManager->trigger('render', Object(Zend\Mvc\MvcEvent))
#16 I:\cms-dev\vendor\zendframework\zendframework\library\Zend\Mvc\Application.php(327): Zend\Mvc\Application->completeRequest(Object(Zend\Mvc\MvcEvent))
#17 I:\cms-dev\public\index.php(17): Zend\Mvc\Application->run()
#18 {main}
2015-03-01T21:08:39+01:00 CRIT (2): exception 'Zend\Mvc\Router\Exception\RuntimeException' with message 'Route with name "createqweqwe" not found' in I:\cms-dev\vendor\zendframework\zendframework\library\Zend\Mvc\Router\Http\TreeRouteStack.php:317
Stack trace:
#0 I:\cms-dev\vendor\zendframework\zendframework\library\Zend\Mvc\Router\Http\Part.php(210): Zend\Mvc\Router\Http\TreeRouteStack->assemble(Array, Array)
#1 I:\cms-dev\vendor\zendframework\zendframework\library\Zend\Mvc\Router\Http\TreeRouteStack.php(351): Zend\Mvc\Router\Http\Part->assemble(Array, Array)
#2 I:\cms-dev\vendor\zendframework\zendframework\library\Zend\View\Helper\Url.php(100): Zend\Mvc\Router\Http\TreeRouteStack->assemble(Array, Array)
#3 [internal function]: Zend\View\Helper\Url->__invoke('page/createqweq...')
#4 I:\cms-dev\vendor\zendframework\zendframework\library\Zend\View\Renderer\PhpRenderer.php(399): call_user_func_array(Object(Zend\View\Helper\Url), Array)
#5 I:\cms-dev\vendor\cms-ir\cms-ir\src\CmsIr\Page\view\cms-ir\page\list.phtml(17): Zend\View\Renderer\PhpRenderer->__call('url', Array)
#6 I:\cms-dev\vendor\cms-ir\cms-ir\src\CmsIr\Page\view\cms-ir\page\list.phtml(17): Zend\View\Renderer\PhpRenderer->url('page/createqweq...')
#7 I:\cms-dev\vendor\zendframework\zendframework\library\Zend\View\Renderer\PhpRenderer.php(506): include('I:\\cms-dev\\vend...')
#8 I:\cms-dev\vendor\zendframework\zendframework\library\Zend\View\View.php(205): Zend\View\Renderer\PhpRenderer->render(Object(Zend\View\Model\ViewModel))
#9 I:\cms-dev\vendor\zendframework\zendframework\library\Zend\View\View.php(233): Zend\View\View->render(Object(Zend\View\Model\ViewModel))
#10 I:\cms-dev\vendor\zendframework\zendframework\library\Zend\View\View.php(198): Zend\View\View->renderChildren(Object(Zend\View\Model\ViewModel))
#11 I:\cms-dev\vendor\zendframework\zendframework\library\Zend\Mvc\View\Http\DefaultRenderingStrategy.php(103): Zend\View\View->render(Object(Zend\View\Model\ViewModel))
#12 [internal function]: Zend\Mvc\View\Http\DefaultRenderingStrategy->render(Object(Zend\Mvc\MvcEvent))
#13 I:\cms-dev\vendor\zendframework\zendframework\library\Zend\EventManager\EventManager.php(468): call_user_func(Array, Object(Zend\Mvc\MvcEvent))
#14 I:\cms-dev\vendor\zendframework\zendframework\library\Zend\EventManager\EventManager.php(207): Zend\EventManager\EventManager->triggerListeners('render', Object(Zend\Mvc\MvcEvent), Array)
#15 I:\cms-dev\vendor\zendframework\zendframework\library\Zend\Mvc\Application.php(352): Zend\EventManager\EventManager->trigger('render', Object(Zend\Mvc\MvcEvent))
#16 I:\cms-dev\vendor\zendframework\zendframework\library\Zend\Mvc\Application.php(327): Zend\Mvc\Application->completeRequest(Object(Zend\Mvc\MvcEvent))
#17 I:\cms-dev\public\index.php(17): Zend\Mvc\Application->run()
#18 {main}
2015-03-01T21:10:02+01:00 CRIT (2): exception 'Zend\Mvc\Router\Exception\RuntimeException' with message 'Route with name "createqweqwe" not found' in I:\cms-dev\vendor\zendframework\zendframework\library\Zend\Mvc\Router\Http\TreeRouteStack.php:317
Stack trace:
#0 I:\cms-dev\vendor\zendframework\zendframework\library\Zend\Mvc\Router\Http\Part.php(210): Zend\Mvc\Router\Http\TreeRouteStack->assemble(Array, Array)
#1 I:\cms-dev\vendor\zendframework\zendframework\library\Zend\Mvc\Router\Http\TreeRouteStack.php(351): Zend\Mvc\Router\Http\Part->assemble(Array, Array)
#2 I:\cms-dev\vendor\zendframework\zendframework\library\Zend\View\Helper\Url.php(100): Zend\Mvc\Router\Http\TreeRouteStack->assemble(Array, Array)
#3 [internal function]: Zend\View\Helper\Url->__invoke('page/createqweq...')
#4 I:\cms-dev\vendor\zendframework\zendframework\library\Zend\View\Renderer\PhpRenderer.php(399): call_user_func_array(Object(Zend\View\Helper\Url), Array)
#5 I:\cms-dev\vendor\cms-ir\cms-ir\src\CmsIr\Page\view\cms-ir\page\list.phtml(17): Zend\View\Renderer\PhpRenderer->__call('url', Array)
#6 I:\cms-dev\vendor\cms-ir\cms-ir\src\CmsIr\Page\view\cms-ir\page\list.phtml(17): Zend\View\Renderer\PhpRenderer->url('page/createqweq...')
#7 I:\cms-dev\vendor\zendframework\zendframework\library\Zend\View\Renderer\PhpRenderer.php(506): include('I:\\cms-dev\\vend...')
#8 I:\cms-dev\vendor\zendframework\zendframework\library\Zend\View\View.php(205): Zend\View\Renderer\PhpRenderer->render(Object(Zend\View\Model\ViewModel))
#9 I:\cms-dev\vendor\zendframework\zendframework\library\Zend\View\View.php(233): Zend\View\View->render(Object(Zend\View\Model\ViewModel))
#10 I:\cms-dev\vendor\zendframework\zendframework\library\Zend\View\View.php(198): Zend\View\View->renderChildren(Object(Zend\View\Model\ViewModel))
#11 I:\cms-dev\vendor\zendframework\zendframework\library\Zend\Mvc\View\Http\DefaultRenderingStrategy.php(103): Zend\View\View->render(Object(Zend\View\Model\ViewModel))
#12 [internal function]: Zend\Mvc\View\Http\DefaultRenderingStrategy->render(Object(Zend\Mvc\MvcEvent))
#13 I:\cms-dev\vendor\zendframework\zendframework\library\Zend\EventManager\EventManager.php(468): call_user_func(Array, Object(Zend\Mvc\MvcEvent))
#14 I:\cms-dev\vendor\zendframework\zendframework\library\Zend\EventManager\EventManager.php(207): Zend\EventManager\EventManager->triggerListeners('render', Object(Zend\Mvc\MvcEvent), Array)
#15 I:\cms-dev\vendor\zendframework\zendframework\library\Zend\Mvc\Application.php(352): Zend\EventManager\EventManager->trigger('render', Object(Zend\Mvc\MvcEvent))
#16 I:\cms-dev\vendor\zendframework\zendframework\library\Zend\Mvc\Application.php(327): Zend\Mvc\Application->completeRequest(Object(Zend\Mvc\MvcEvent))
#17 I:\cms-dev\public\index.php(17): Zend\Mvc\Application->run()
#18 {main}
2015-03-01T21:14:56+01:00 CRIT (2): exception 'Zend\Mvc\Router\Exception\RuntimeException' with message 'Route with name "createqweqwe" not found' in I:\cms-dev\vendor\zendframework\zendframework\library\Zend\Mvc\Router\Http\TreeRouteStack.php:317
Stack trace:
#0 I:\cms-dev\vendor\zendframework\zendframework\library\Zend\Mvc\Router\Http\Part.php(210): Zend\Mvc\Router\Http\TreeRouteStack->assemble(Array, Array)
#1 I:\cms-dev\vendor\zendframework\zendframework\library\Zend\Mvc\Router\Http\TreeRouteStack.php(351): Zend\Mvc\Router\Http\Part->assemble(Array, Array)
#2 I:\cms-dev\vendor\zendframework\zendframework\library\Zend\View\Helper\Url.php(100): Zend\Mvc\Router\Http\TreeRouteStack->assemble(Array, Array)
#3 [internal function]: Zend\View\Helper\Url->__invoke('page/createqweq...')
#4 I:\cms-dev\vendor\zendframework\zendframework\library\Zend\View\Renderer\PhpRenderer.php(399): call_user_func_array(Object(Zend\View\Helper\Url), Array)
#5 I:\cms-dev\vendor\cms-ir\cms-ir\src\CmsIr\Page\view\cms-ir\page\list.phtml(17): Zend\View\Renderer\PhpRenderer->__call('url', Array)
#6 I:\cms-dev\vendor\cms-ir\cms-ir\src\CmsIr\Page\view\cms-ir\page\list.phtml(17): Zend\View\Renderer\PhpRenderer->url('page/createqweq...')
#7 I:\cms-dev\vendor\zendframework\zendframework\library\Zend\View\Renderer\PhpRenderer.php(506): include('I:\\cms-dev\\vend...')
#8 I:\cms-dev\vendor\zendframework\zendframework\library\Zend\View\View.php(205): Zend\View\Renderer\PhpRenderer->render(Object(Zend\View\Model\ViewModel))
#9 I:\cms-dev\vendor\zendframework\zendframework\library\Zend\View\View.php(233): Zend\View\View->render(Object(Zend\View\Model\ViewModel))
#10 I:\cms-dev\vendor\zendframework\zendframework\library\Zend\View\View.php(198): Zend\View\View->renderChildren(Object(Zend\View\Model\ViewModel))
#11 I:\cms-dev\vendor\zendframework\zendframework\library\Zend\Mvc\View\Http\DefaultRenderingStrategy.php(103): Zend\View\View->render(Object(Zend\View\Model\ViewModel))
#12 [internal function]: Zend\Mvc\View\Http\DefaultRenderingStrategy->render(Object(Zend\Mvc\MvcEvent))
#13 I:\cms-dev\vendor\zendframework\zendframework\library\Zend\EventManager\EventManager.php(468): call_user_func(Array, Object(Zend\Mvc\MvcEvent))
#14 I:\cms-dev\vendor\zendframework\zendframework\library\Zend\EventManager\EventManager.php(207): Zend\EventManager\EventManager->triggerListeners('render', Object(Zend\Mvc\MvcEvent), Array)
#15 I:\cms-dev\vendor\zendframework\zendframework\library\Zend\Mvc\Application.php(352): Zend\EventManager\EventManager->trigger('render', Object(Zend\Mvc\MvcEvent))
#16 I:\cms-dev\vendor\zendframework\zendframework\library\Zend\Mvc\Application.php(327): Zend\Mvc\Application->completeRequest(Object(Zend\Mvc\MvcEvent))
#17 I:\cms-dev\public\index.php(17): Zend\Mvc\Application->run()
#18 {main}
2015-03-01T21:15:34+01:00 CRIT (2): exception 'Zend\Mvc\Router\Exception\RuntimeException' with message 'Route with name "createqweqwe" not found' in I:\cms-dev\vendor\zendframework\zendframework\library\Zend\Mvc\Router\Http\TreeRouteStack.php:317
Stack trace:
#0 I:\cms-dev\vendor\zendframework\zendframework\library\Zend\Mvc\Router\Http\Part.php(210): Zend\Mvc\Router\Http\TreeRouteStack->assemble(Array, Array)
#1 I:\cms-dev\vendor\zendframework\zendframework\library\Zend\Mvc\Router\Http\TreeRouteStack.php(351): Zend\Mvc\Router\Http\Part->assemble(Array, Array)
#2 I:\cms-dev\vendor\zendframework\zendframework\library\Zend\View\Helper\Url.php(100): Zend\Mvc\Router\Http\TreeRouteStack->assemble(Array, Array)
#3 [internal function]: Zend\View\Helper\Url->__invoke('page/createqweq...')
#4 I:\cms-dev\vendor\zendframework\zendframework\library\Zend\View\Renderer\PhpRenderer.php(399): call_user_func_array(Object(Zend\View\Helper\Url), Array)
#5 I:\cms-dev\vendor\cms-ir\cms-ir\src\CmsIr\Page\view\cms-ir\page\list.phtml(17): Zend\View\Renderer\PhpRenderer->__call('url', Array)
#6 I:\cms-dev\vendor\cms-ir\cms-ir\src\CmsIr\Page\view\cms-ir\page\list.phtml(17): Zend\View\Renderer\PhpRenderer->url('page/createqweq...')
#7 I:\cms-dev\vendor\zendframework\zendframework\library\Zend\View\Renderer\PhpRenderer.php(506): include('I:\\cms-dev\\vend...')
#8 I:\cms-dev\vendor\zendframework\zendframework\library\Zend\View\View.php(205): Zend\View\Renderer\PhpRenderer->render(Object(Zend\View\Model\ViewModel))
#9 I:\cms-dev\vendor\zendframework\zendframework\library\Zend\View\View.php(233): Zend\View\View->render(Object(Zend\View\Model\ViewModel))
#10 I:\cms-dev\vendor\zendframework\zendframework\library\Zend\View\View.php(198): Zend\View\View->renderChildren(Object(Zend\View\Model\ViewModel))
#11 I:\cms-dev\vendor\zendframework\zendframework\library\Zend\Mvc\View\Http\DefaultRenderingStrategy.php(103): Zend\View\View->render(Object(Zend\View\Model\ViewModel))
#12 [internal function]: Zend\Mvc\View\Http\DefaultRenderingStrategy->render(Object(Zend\Mvc\MvcEvent))
#13 I:\cms-dev\vendor\zendframework\zendframework\library\Zend\EventManager\EventManager.php(468): call_user_func(Array, Object(Zend\Mvc\MvcEvent))
#14 I:\cms-dev\vendor\zendframework\zendframework\library\Zend\EventManager\EventManager.php(207): Zend\EventManager\EventManager->triggerListeners('render', Object(Zend\Mvc\MvcEvent), Array)
#15 I:\cms-dev\vendor\zendframework\zendframework\library\Zend\Mvc\Application.php(352): Zend\EventManager\EventManager->trigger('render', Object(Zend\Mvc\MvcEvent))
#16 I:\cms-dev\vendor\zendframework\zendframework\library\Zend\Mvc\Application.php(327): Zend\Mvc\Application->completeRequest(Object(Zend\Mvc\MvcEvent))
#17 I:\cms-dev\public\index.php(17): Zend\Mvc\Application->run()
#18 {main}
2015-03-01T21:15:47+01:00 CRIT (2): exception 'Zend\Mvc\Router\Exception\RuntimeException' with message 'Route with name "createqweqwe" not found' in I:\cms-dev\vendor\zendframework\zendframework\library\Zend\Mvc\Router\Http\TreeRouteStack.php:317
Stack trace:
#0 I:\cms-dev\vendor\zendframework\zendframework\library\Zend\Mvc\Router\Http\Part.php(210): Zend\Mvc\Router\Http\TreeRouteStack->assemble(Array, Array)
#1 I:\cms-dev\vendor\zendframework\zendframework\library\Zend\Mvc\Router\Http\TreeRouteStack.php(351): Zend\Mvc\Router\Http\Part->assemble(Array, Array)
#2 I:\cms-dev\vendor\zendframework\zendframework\library\Zend\View\Helper\Url.php(100): Zend\Mvc\Router\Http\TreeRouteStack->assemble(Array, Array)
#3 [internal function]: Zend\View\Helper\Url->__invoke('page/createqweq...')
#4 I:\cms-dev\vendor\zendframework\zendframework\library\Zend\View\Renderer\PhpRenderer.php(399): call_user_func_array(Object(Zend\View\Helper\Url), Array)
#5 I:\cms-dev\vendor\cms-ir\cms-ir\src\CmsIr\Page\view\cms-ir\page\list.phtml(17): Zend\View\Renderer\PhpRenderer->__call('url', Array)
#6 I:\cms-dev\vendor\cms-ir\cms-ir\src\CmsIr\Page\view\cms-ir\page\list.phtml(17): Zend\View\Renderer\PhpRenderer->url('page/createqweq...')
#7 I:\cms-dev\vendor\zendframework\zendframework\library\Zend\View\Renderer\PhpRenderer.php(506): include('I:\\cms-dev\\vend...')
#8 I:\cms-dev\vendor\zendframework\zendframework\library\Zend\View\View.php(205): Zend\View\Renderer\PhpRenderer->render(Object(Zend\View\Model\ViewModel))
#9 I:\cms-dev\vendor\zendframework\zendframework\library\Zend\View\View.php(233): Zend\View\View->render(Object(Zend\View\Model\ViewModel))
#10 I:\cms-dev\vendor\zendframework\zendframework\library\Zend\View\View.php(198): Zend\View\View->renderChildren(Object(Zend\View\Model\ViewModel))
#11 I:\cms-dev\vendor\zendframework\zendframework\library\Zend\Mvc\View\Http\DefaultRenderingStrategy.php(103): Zend\View\View->render(Object(Zend\View\Model\ViewModel))
#12 [internal function]: Zend\Mvc\View\Http\DefaultRenderingStrategy->render(Object(Zend\Mvc\MvcEvent))
#13 I:\cms-dev\vendor\zendframework\zendframework\library\Zend\EventManager\EventManager.php(468): call_user_func(Array, Object(Zend\Mvc\MvcEvent))
#14 I:\cms-dev\vendor\zendframework\zendframework\library\Zend\EventManager\EventManager.php(207): Zend\EventManager\EventManager->triggerListeners('render', Object(Zend\Mvc\MvcEvent), Array)
#15 I:\cms-dev\vendor\zendframework\zendframework\library\Zend\Mvc\Application.php(352): Zend\EventManager\EventManager->trigger('render', Object(Zend\Mvc\MvcEvent))
#16 I:\cms-dev\vendor\zendframework\zendframework\library\Zend\Mvc\Application.php(327): Zend\Mvc\Application->completeRequest(Object(Zend\Mvc\MvcEvent))
#17 I:\cms-dev\public\index.php(17): Zend\Mvc\Application->run()
#18 {main}
2015-03-01T21:20:55+01:00 CRIT (2): exception 'Zend\Mvc\Router\Exception\RuntimeException' with message 'Route with name "createqweqwe" not found' in I:\cms-dev\vendor\zendframework\zendframework\library\Zend\Mvc\Router\Http\TreeRouteStack.php:317
Stack trace:
#0 I:\cms-dev\vendor\zendframework\zendframework\library\Zend\Mvc\Router\Http\Part.php(210): Zend\Mvc\Router\Http\TreeRouteStack->assemble(Array, Array)
#1 I:\cms-dev\vendor\zendframework\zendframework\library\Zend\Mvc\Router\Http\TreeRouteStack.php(351): Zend\Mvc\Router\Http\Part->assemble(Array, Array)
#2 I:\cms-dev\vendor\zendframework\zendframework\library\Zend\View\Helper\Url.php(100): Zend\Mvc\Router\Http\TreeRouteStack->assemble(Array, Array)
#3 [internal function]: Zend\View\Helper\Url->__invoke('page/createqweq...')
#4 I:\cms-dev\vendor\zendframework\zendframework\library\Zend\View\Renderer\PhpRenderer.php(399): call_user_func_array(Object(Zend\View\Helper\Url), Array)
#5 I:\cms-dev\vendor\cms-ir\cms-ir\src\CmsIr\Page\view\cms-ir\page\list.phtml(17): Zend\View\Renderer\PhpRenderer->__call('url', Array)
#6 I:\cms-dev\vendor\cms-ir\cms-ir\src\CmsIr\Page\view\cms-ir\page\list.phtml(17): Zend\View\Renderer\PhpRenderer->url('page/createqweq...')
#7 I:\cms-dev\vendor\zendframework\zendframework\library\Zend\View\Renderer\PhpRenderer.php(506): include('I:\\cms-dev\\vend...')
#8 I:\cms-dev\vendor\zendframework\zendframework\library\Zend\View\View.php(205): Zend\View\Renderer\PhpRenderer->render(Object(Zend\View\Model\ViewModel))
#9 I:\cms-dev\vendor\zendframework\zendframework\library\Zend\View\View.php(233): Zend\View\View->render(Object(Zend\View\Model\ViewModel))
#10 I:\cms-dev\vendor\zendframework\zendframework\library\Zend\View\View.php(198): Zend\View\View->renderChildren(Object(Zend\View\Model\ViewModel))
#11 I:\cms-dev\vendor\zendframework\zendframework\library\Zend\Mvc\View\Http\DefaultRenderingStrategy.php(103): Zend\View\View->render(Object(Zend\View\Model\ViewModel))
#12 [internal function]: Zend\Mvc\View\Http\DefaultRenderingStrategy->render(Object(Zend\Mvc\MvcEvent))
#13 I:\cms-dev\vendor\zendframework\zendframework\library\Zend\EventManager\EventManager.php(468): call_user_func(Array, Object(Zend\Mvc\MvcEvent))
#14 I:\cms-dev\vendor\zendframework\zendframework\library\Zend\EventManager\EventManager.php(207): Zend\EventManager\EventManager->triggerListeners('render', Object(Zend\Mvc\MvcEvent), Array)
#15 I:\cms-dev\vendor\zendframework\zendframework\library\Zend\Mvc\Application.php(352): Zend\EventManager\EventManager->trigger('render', Object(Zend\Mvc\MvcEvent))
#16 I:\cms-dev\vendor\zendframework\zendframework\library\Zend\Mvc\Application.php(327): Zend\Mvc\Application->completeRequest(Object(Zend\Mvc\MvcEvent))
#17 I:\cms-dev\public\index.php(17): Zend\Mvc\Application->run()
#18 {main}
2015-03-01T21:21:26+01:00 CRIT (2): exception 'Zend\Mvc\Router\Exception\RuntimeException' with message 'Route with name "createqweqwe" not found' in I:\cms-dev\vendor\zendframework\zendframework\library\Zend\Mvc\Router\Http\TreeRouteStack.php:317
Stack trace:
#0 I:\cms-dev\vendor\zendframework\zendframework\library\Zend\Mvc\Router\Http\Part.php(210): Zend\Mvc\Router\Http\TreeRouteStack->assemble(Array, Array)
#1 I:\cms-dev\vendor\zendframework\zendframework\library\Zend\Mvc\Router\Http\TreeRouteStack.php(351): Zend\Mvc\Router\Http\Part->assemble(Array, Array)
#2 I:\cms-dev\vendor\zendframework\zendframework\library\Zend\View\Helper\Url.php(100): Zend\Mvc\Router\Http\TreeRouteStack->assemble(Array, Array)
#3 [internal function]: Zend\View\Helper\Url->__invoke('page/createqweq...')
#4 I:\cms-dev\vendor\zendframework\zendframework\library\Zend\View\Renderer\PhpRenderer.php(399): call_user_func_array(Object(Zend\View\Helper\Url), Array)
#5 I:\cms-dev\vendor\cms-ir\cms-ir\src\CmsIr\Page\view\cms-ir\page\list.phtml(17): Zend\View\Renderer\PhpRenderer->__call('url', Array)
#6 I:\cms-dev\vendor\cms-ir\cms-ir\src\CmsIr\Page\view\cms-ir\page\list.phtml(17): Zend\View\Renderer\PhpRenderer->url('page/createqweq...')
#7 I:\cms-dev\vendor\zendframework\zendframework\library\Zend\View\Renderer\PhpRenderer.php(506): include('I:\\cms-dev\\vend...')
#8 I:\cms-dev\vendor\zendframework\zendframework\library\Zend\View\View.php(205): Zend\View\Renderer\PhpRenderer->render(Object(Zend\View\Model\ViewModel))
#9 I:\cms-dev\vendor\zendframework\zendframework\library\Zend\View\View.php(233): Zend\View\View->render(Object(Zend\View\Model\ViewModel))
#10 I:\cms-dev\vendor\zendframework\zendframework\library\Zend\View\View.php(198): Zend\View\View->renderChildren(Object(Zend\View\Model\ViewModel))
#11 I:\cms-dev\vendor\zendframework\zendframework\library\Zend\Mvc\View\Http\DefaultRenderingStrategy.php(103): Zend\View\View->render(Object(Zend\View\Model\ViewModel))
#12 [internal function]: Zend\Mvc\View\Http\DefaultRenderingStrategy->render(Object(Zend\Mvc\MvcEvent))
#13 I:\cms-dev\vendor\zendframework\zendframework\library\Zend\EventManager\EventManager.php(468): call_user_func(Array, Object(Zend\Mvc\MvcEvent))
#14 I:\cms-dev\vendor\zendframework\zendframework\library\Zend\EventManager\EventManager.php(207): Zend\EventManager\EventManager->triggerListeners('render', Object(Zend\Mvc\MvcEvent), Array)
#15 I:\cms-dev\vendor\zendframework\zendframework\library\Zend\Mvc\Application.php(352): Zend\EventManager\EventManager->trigger('render', Object(Zend\Mvc\MvcEvent))
#16 I:\cms-dev\vendor\zendframework\zendframework\library\Zend\Mvc\Application.php(327): Zend\Mvc\Application->completeRequest(Object(Zend\Mvc\MvcEvent))
#17 I:\cms-dev\public\index.php(17): Zend\Mvc\Application->run()
#18 {main}
2015-03-01T21:22:02+01:00 CRIT (2): exception 'Zend\Mvc\Router\Exception\RuntimeException' with message 'Route with name "createqweqwe" not found' in I:\cms-dev\vendor\zendframework\zendframework\library\Zend\Mvc\Router\Http\TreeRouteStack.php:317
Stack trace:
#0 I:\cms-dev\vendor\zendframework\zendframework\library\Zend\Mvc\Router\Http\Part.php(210): Zend\Mvc\Router\Http\TreeRouteStack->assemble(Array, Array)
#1 I:\cms-dev\vendor\zendframework\zendframework\library\Zend\Mvc\Router\Http\TreeRouteStack.php(351): Zend\Mvc\Router\Http\Part->assemble(Array, Array)
#2 I:\cms-dev\vendor\zendframework\zendframework\library\Zend\View\Helper\Url.php(100): Zend\Mvc\Router\Http\TreeRouteStack->assemble(Array, Array)
#3 [internal function]: Zend\View\Helper\Url->__invoke('page/createqweq...')
#4 I:\cms-dev\vendor\zendframework\zendframework\library\Zend\View\Renderer\PhpRenderer.php(399): call_user_func_array(Object(Zend\View\Helper\Url), Array)
#5 I:\cms-dev\vendor\cms-ir\cms-ir\src\CmsIr\Page\view\cms-ir\page\list.phtml(17): Zend\View\Renderer\PhpRenderer->__call('url', Array)
#6 I:\cms-dev\vendor\cms-ir\cms-ir\src\CmsIr\Page\view\cms-ir\page\list.phtml(17): Zend\View\Renderer\PhpRenderer->url('page/createqweq...')
#7 I:\cms-dev\vendor\zendframework\zendframework\library\Zend\View\Renderer\PhpRenderer.php(506): include('I:\\cms-dev\\vend...')
#8 I:\cms-dev\vendor\zendframework\zendframework\library\Zend\View\View.php(205): Zend\View\Renderer\PhpRenderer->render(Object(Zend\View\Model\ViewModel))
#9 I:\cms-dev\vendor\zendframework\zendframework\library\Zend\View\View.php(233): Zend\View\View->render(Object(Zend\View\Model\ViewModel))
#10 I:\cms-dev\vendor\zendframework\zendframework\library\Zend\View\View.php(198): Zend\View\View->renderChildren(Object(Zend\View\Model\ViewModel))
#11 I:\cms-dev\vendor\zendframework\zendframework\library\Zend\Mvc\View\Http\DefaultRenderingStrategy.php(103): Zend\View\View->render(Object(Zend\View\Model\ViewModel))
#12 [internal function]: Zend\Mvc\View\Http\DefaultRenderingStrategy->render(Object(Zend\Mvc\MvcEvent))
#13 I:\cms-dev\vendor\zendframework\zendframework\library\Zend\EventManager\EventManager.php(468): call_user_func(Array, Object(Zend\Mvc\MvcEvent))
#14 I:\cms-dev\vendor\zendframework\zendframework\library\Zend\EventManager\EventManager.php(207): Zend\EventManager\EventManager->triggerListeners('render', Object(Zend\Mvc\MvcEvent), Array)
#15 I:\cms-dev\vendor\zendframework\zendframework\library\Zend\Mvc\Application.php(352): Zend\EventManager\EventManager->trigger('render', Object(Zend\Mvc\MvcEvent))
#16 I:\cms-dev\vendor\zendframework\zendframework\library\Zend\Mvc\Application.php(327): Zend\Mvc\Application->completeRequest(Object(Zend\Mvc\MvcEvent))
#17 I:\cms-dev\public\index.php(17): Zend\Mvc\Application->run()
#18 {main}
2015-03-01T21:22:46+01:00 CRIT (2): exception 'Zend\Mvc\Router\Exception\RuntimeException' with message 'Route with name "createqweqwe" not found' in I:\cms-dev\vendor\zendframework\zendframework\library\Zend\Mvc\Router\Http\TreeRouteStack.php:317
Stack trace:
#0 I:\cms-dev\vendor\zendframework\zendframework\library\Zend\Mvc\Router\Http\Part.php(210): Zend\Mvc\Router\Http\TreeRouteStack->assemble(Array, Array)
#1 I:\cms-dev\vendor\zendframework\zendframework\library\Zend\Mvc\Router\Http\TreeRouteStack.php(351): Zend\Mvc\Router\Http\Part->assemble(Array, Array)
#2 I:\cms-dev\vendor\zendframework\zendframework\library\Zend\View\Helper\Url.php(100): Zend\Mvc\Router\Http\TreeRouteStack->assemble(Array, Array)
#3 [internal function]: Zend\View\Helper\Url->__invoke('page/createqweq...')
#4 I:\cms-dev\vendor\zendframework\zendframework\library\Zend\View\Renderer\PhpRenderer.php(399): call_user_func_array(Object(Zend\View\Helper\Url), Array)
#5 I:\cms-dev\vendor\cms-ir\cms-ir\src\CmsIr\Page\view\cms-ir\page\list.phtml(17): Zend\View\Renderer\PhpRenderer->__call('url', Array)
#6 I:\cms-dev\vendor\cms-ir\cms-ir\src\CmsIr\Page\view\cms-ir\page\list.phtml(17): Zend\View\Renderer\PhpRenderer->url('page/createqweq...')
#7 I:\cms-dev\vendor\zendframework\zendframework\library\Zend\View\Renderer\PhpRenderer.php(506): include('I:\\cms-dev\\vend...')
#8 I:\cms-dev\vendor\zendframework\zendframework\library\Zend\View\View.php(205): Zend\View\Renderer\PhpRenderer->render(Object(Zend\View\Model\ViewModel))
#9 I:\cms-dev\vendor\zendframework\zendframework\library\Zend\View\View.php(233): Zend\View\View->render(Object(Zend\View\Model\ViewModel))
#10 I:\cms-dev\vendor\zendframework\zendframework\library\Zend\View\View.php(198): Zend\View\View->renderChildren(Object(Zend\View\Model\ViewModel))
#11 I:\cms-dev\vendor\zendframework\zendframework\library\Zend\Mvc\View\Http\DefaultRenderingStrategy.php(103): Zend\View\View->render(Object(Zend\View\Model\ViewModel))
#12 [internal function]: Zend\Mvc\View\Http\DefaultRenderingStrategy->render(Object(Zend\Mvc\MvcEvent))
#13 I:\cms-dev\vendor\zendframework\zendframework\library\Zend\EventManager\EventManager.php(468): call_user_func(Array, Object(Zend\Mvc\MvcEvent))
#14 I:\cms-dev\vendor\zendframework\zendframework\library\Zend\EventManager\EventManager.php(207): Zend\EventManager\EventManager->triggerListeners('render', Object(Zend\Mvc\MvcEvent), Array)
#15 I:\cms-dev\vendor\zendframework\zendframework\library\Zend\Mvc\Application.php(352): Zend\EventManager\EventManager->trigger('render', Object(Zend\Mvc\MvcEvent))
#16 I:\cms-dev\vendor\zendframework\zendframework\library\Zend\Mvc\Application.php(327): Zend\Mvc\Application->completeRequest(Object(Zend\Mvc\MvcEvent))
#17 I:\cms-dev\public\index.php(17): Zend\Mvc\Application->run()
#18 {main}
2015-03-01T21:29:54+01:00 CRIT (2): exception 'Zend\Mvc\Router\Exception\RuntimeException' with message 'Route with name "createqweqwe" not found' in I:\cms-dev\vendor\zendframework\zendframework\library\Zend\Mvc\Router\Http\TreeRouteStack.php:317
Stack trace:
#0 I:\cms-dev\vendor\zendframework\zendframework\library\Zend\Mvc\Router\Http\Part.php(210): Zend\Mvc\Router\Http\TreeRouteStack->assemble(Array, Array)
#1 I:\cms-dev\vendor\zendframework\zendframework\library\Zend\Mvc\Router\Http\TreeRouteStack.php(351): Zend\Mvc\Router\Http\Part->assemble(Array, Array)
#2 I:\cms-dev\vendor\zendframework\zendframework\library\Zend\View\Helper\Url.php(100): Zend\Mvc\Router\Http\TreeRouteStack->assemble(Array, Array)
#3 [internal function]: Zend\View\Helper\Url->__invoke('page/createqweq...')
#4 I:\cms-dev\vendor\zendframework\zendframework\library\Zend\View\Renderer\PhpRenderer.php(399): call_user_func_array(Object(Zend\View\Helper\Url), Array)
#5 I:\cms-dev\vendor\cms-ir\cms-ir\src\CmsIr\Page\view\cms-ir\page\list.phtml(17): Zend\View\Renderer\PhpRenderer->__call('url', Array)
#6 I:\cms-dev\vendor\cms-ir\cms-ir\src\CmsIr\Page\view\cms-ir\page\list.phtml(17): Zend\View\Renderer\PhpRenderer->url('page/createqweq...')
#7 I:\cms-dev\vendor\zendframework\zendframework\library\Zend\View\Renderer\PhpRenderer.php(506): include('I:\\cms-dev\\vend...')
#8 I:\cms-dev\vendor\zendframework\zendframework\library\Zend\View\View.php(205): Zend\View\Renderer\PhpRenderer->render(Object(Zend\View\Model\ViewModel))
#9 I:\cms-dev\vendor\zendframework\zendframework\library\Zend\View\View.php(233): Zend\View\View->render(Object(Zend\View\Model\ViewModel))
#10 I:\cms-dev\vendor\zendframework\zendframework\library\Zend\View\View.php(198): Zend\View\View->renderChildren(Object(Zend\View\Model\ViewModel))
#11 I:\cms-dev\vendor\zendframework\zendframework\library\Zend\Mvc\View\Http\DefaultRenderingStrategy.php(103): Zend\View\View->render(Object(Zend\View\Model\ViewModel))
#12 [internal function]: Zend\Mvc\View\Http\DefaultRenderingStrategy->render(Object(Zend\Mvc\MvcEvent))
#13 I:\cms-dev\vendor\zendframework\zendframework\library\Zend\EventManager\EventManager.php(468): call_user_func(Array, Object(Zend\Mvc\MvcEvent))
#14 I:\cms-dev\vendor\zendframework\zendframework\library\Zend\EventManager\EventManager.php(207): Zend\EventManager\EventManager->triggerListeners('render', Object(Zend\Mvc\MvcEvent), Array)
#15 I:\cms-dev\vendor\zendframework\zendframework\library\Zend\Mvc\Application.php(352): Zend\EventManager\EventManager->trigger('render', Object(Zend\Mvc\MvcEvent))
#16 I:\cms-dev\vendor\zendframework\zendframework\library\Zend\Mvc\Application.php(327): Zend\Mvc\Application->completeRequest(Object(Zend\Mvc\MvcEvent))
#17 I:\cms-dev\public\index.php(17): Zend\Mvc\Application->run()
#18 {main}
2015-03-01T21:30:19+01:00 CRIT (2): exception 'Zend\Mvc\Router\Exception\RuntimeException' with message 'Route with name "createqweqwe" not found' in I:\cms-dev\vendor\zendframework\zendframework\library\Zend\Mvc\Router\Http\TreeRouteStack.php:317
Stack trace:
#0 I:\cms-dev\vendor\zendframework\zendframework\library\Zend\Mvc\Router\Http\Part.php(210): Zend\Mvc\Router\Http\TreeRouteStack->assemble(Array, Array)
#1 I:\cms-dev\vendor\zendframework\zendframework\library\Zend\Mvc\Router\Http\TreeRouteStack.php(351): Zend\Mvc\Router\Http\Part->assemble(Array, Array)
#2 I:\cms-dev\vendor\zendframework\zendframework\library\Zend\View\Helper\Url.php(100): Zend\Mvc\Router\Http\TreeRouteStack->assemble(Array, Array)
#3 [internal function]: Zend\View\Helper\Url->__invoke('page/createqweq...')
#4 I:\cms-dev\vendor\zendframework\zendframework\library\Zend\View\Renderer\PhpRenderer.php(399): call_user_func_array(Object(Zend\View\Helper\Url), Array)
#5 I:\cms-dev\vendor\cms-ir\cms-ir\src\CmsIr\Page\view\cms-ir\page\list.phtml(17): Zend\View\Renderer\PhpRenderer->__call('url', Array)
#6 I:\cms-dev\vendor\cms-ir\cms-ir\src\CmsIr\Page\view\cms-ir\page\list.phtml(17): Zend\View\Renderer\PhpRenderer->url('page/createqweq...')
#7 I:\cms-dev\vendor\zendframework\zendframework\library\Zend\View\Renderer\PhpRenderer.php(506): include('I:\\cms-dev\\vend...')
#8 I:\cms-dev\vendor\zendframework\zendframework\library\Zend\View\View.php(205): Zend\View\Renderer\PhpRenderer->render(Object(Zend\View\Model\ViewModel))
#9 I:\cms-dev\vendor\zendframework\zendframework\library\Zend\View\View.php(233): Zend\View\View->render(Object(Zend\View\Model\ViewModel))
#10 I:\cms-dev\vendor\zendframework\zendframework\library\Zend\View\View.php(198): Zend\View\View->renderChildren(Object(Zend\View\Model\ViewModel))
#11 I:\cms-dev\vendor\zendframework\zendframework\library\Zend\Mvc\View\Http\DefaultRenderingStrategy.php(103): Zend\View\View->render(Object(Zend\View\Model\ViewModel))
#12 [internal function]: Zend\Mvc\View\Http\DefaultRenderingStrategy->render(Object(Zend\Mvc\MvcEvent))
#13 I:\cms-dev\vendor\zendframework\zendframework\library\Zend\EventManager\EventManager.php(468): call_user_func(Array, Object(Zend\Mvc\MvcEvent))
#14 I:\cms-dev\vendor\zendframework\zendframework\library\Zend\EventManager\EventManager.php(207): Zend\EventManager\EventManager->triggerListeners('render', Object(Zend\Mvc\MvcEvent), Array)
#15 I:\cms-dev\vendor\zendframework\zendframework\library\Zend\Mvc\Application.php(352): Zend\EventManager\EventManager->trigger('render', Object(Zend\Mvc\MvcEvent))
#16 I:\cms-dev\vendor\zendframework\zendframework\library\Zend\Mvc\Application.php(327): Zend\Mvc\Application->completeRequest(Object(Zend\Mvc\MvcEvent))
#17 I:\cms-dev\public\index.php(17): Zend\Mvc\Application->run()
#18 {main}
