2015-06-24T18:46:33+02:00 CRIT (2): exception 'PDOException' with message 'SQLSTATE[42S22]: Column not found: 1054 Unknown column 'filaname' in 'where clause'' in /media/wtk13/Reszta/htdocs/grodzka/vendor/zendframework/zendframework/library/Zend/Db/Adapter/Driver/Pdo/Statement.php:239
Stack trace:
#0 /media/wtk13/Reszta/htdocs/grodzka/vendor/zendframework/zendframework/library/Zend/Db/Adapter/Driver/Pdo/Statement.php(239): PDOStatement->execute()
#1 /media/wtk13/Reszta/htdocs/grodzka/vendor/zendframework/zendframework/library/Zend/Db/TableGateway/AbstractTableGateway.php(233): Zend\Db\Adapter\Driver\Pdo\Statement->execute()
#2 /media/wtk13/Reszta/htdocs/grodzka/vendor/zendframework/zendframework/library/Zend/Db/TableGateway/AbstractTableGateway.php(208): Zend\Db\TableGateway\AbstractTableGateway->executeSelect(Object(Zend\Db\Sql\Select))
#3 /media/wtk13/Reszta/htdocs/grodzka/vendor/cms-ir/cms-ir/src/CmsIr/System/src/System/Model/ModelTable.php(63): Zend\Db\TableGateway\AbstractTableGateway->selectWith(Object(Zend\Db\Sql\Select))
#4 /media/wtk13/Reszta/htdocs/grodzka/vendor/cms-ir/cms-ir/src/CmsIr/Users/src/Users/Service/UsersService.php(32): CmsIr\System\Model\ModelTable->getBy(Array)
#5 /media/wtk13/Reszta/htdocs/grodzka/module/Page/src/Page/Controller/PageController.php(32): CmsIr\Users\Service\UsersService->findAllWithPhotoByRoleId(2)
#6 /media/wtk13/Reszta/htdocs/grodzka/vendor/zendframework/zendframework/library/Zend/Mvc/Controller/AbstractActionController.php(83): Page\Controller\PageController->homeAction()
#7 [internal function]: Zend\Mvc\Controller\AbstractActionController->onDispatch(Object(Zend\Mvc\MvcEvent))
#8 /media/wtk13/Reszta/htdocs/grodzka/vendor/zendframework/zendframework/library/Zend/EventManager/EventManager.php(468): call_user_func(Array, Object(Zend\Mvc\MvcEvent))
#9 /media/wtk13/Reszta/htdocs/grodzka/vendor/zendframework/zendframework/library/Zend/EventManager/EventManager.php(207): Zend\EventManager\EventManager->triggerListeners('dispatch', Object(Zend\Mvc\MvcEvent), Object(Closure))
#10 /media/wtk13/Reszta/htdocs/grodzka/vendor/zendframework/zendframework/library/Zend/Mvc/Controller/AbstractController.php(116): Zend\EventManager\EventManager->trigger('dispatch', Object(Zend\Mvc\MvcEvent), Object(Closure))
#11 /media/wtk13/Reszta/htdocs/grodzka/vendor/zendframework/zendframework/library/Zend/Mvc/DispatchListener.php(113): Zend\Mvc\Controller\AbstractController->dispatch(Object(Zend\Http\PhpEnvironment\Request), Object(Zend\Http\PhpEnvironment\Response))
#12 [internal function]: Zend\Mvc\DispatchListener->onDispatch(Object(Zend\Mvc\MvcEvent))
#13 /media/wtk13/Reszta/htdocs/grodzka/vendor/zendframework/zendframework/library/Zend/EventManager/EventManager.php(468): call_user_func(Array, Object(Zend\Mvc\MvcEvent))
#14 /media/wtk13/Reszta/htdocs/grodzka/vendor/zendframework/zendframework/library/Zend/EventManager/EventManager.php(207): Zend\EventManager\EventManager->triggerListeners('dispatch', Object(Zend\Mvc\MvcEvent), Object(Closure))
#15 /media/wtk13/Reszta/htdocs/grodzka/vendor/zendframework/zendframework/library/Zend/Mvc/Application.php(313): Zend\EventManager\EventManager->trigger('dispatch', Object(Zend\Mvc\MvcEvent), Object(Closure))
#16 /media/wtk13/Reszta/htdocs/grodzka/public/index.php(17): Zend\Mvc\Application->run()
#17 {main}

Next exception 'Zend\Db\Adapter\Exception\InvalidQueryException' with message 'Statement could not be executed (42S22 - 1054 - Unknown column 'filaname' in 'where clause')' in /media/wtk13/Reszta/htdocs/grodzka/vendor/zendframework/zendframework/library/Zend/Db/Adapter/Driver/Pdo/Statement.php:244
Stack trace:
#0 /media/wtk13/Reszta/htdocs/grodzka/vendor/zendframework/zendframework/library/Zend/Db/TableGateway/AbstractTableGateway.php(233): Zend\Db\Adapter\Driver\Pdo\Statement->execute()
#1 /media/wtk13/Reszta/htdocs/grodzka/vendor/zendframework/zendframework/library/Zend/Db/TableGateway/AbstractTableGateway.php(208): Zend\Db\TableGateway\AbstractTableGateway->executeSelect(Object(Zend\Db\Sql\Select))
#2 /media/wtk13/Reszta/htdocs/grodzka/vendor/cms-ir/cms-ir/src/CmsIr/System/src/System/Model/ModelTable.php(63): Zend\Db\TableGateway\AbstractTableGateway->selectWith(Object(Zend\Db\Sql\Select))
#3 /media/wtk13/Reszta/htdocs/grodzka/vendor/cms-ir/cms-ir/src/CmsIr/Users/src/Users/Service/UsersService.php(32): CmsIr\System\Model\ModelTable->getBy(Array)
#4 /media/wtk13/Reszta/htdocs/grodzka/module/Page/src/Page/Controller/PageController.php(32): CmsIr\Users\Service\UsersService->findAllWithPhotoByRoleId(2)
#5 /media/wtk13/Reszta/htdocs/grodzka/vendor/zendframework/zendframework/library/Zend/Mvc/Controller/AbstractActionController.php(83): Page\Controller\PageController->homeAction()
#6 [internal function]: Zend\Mvc\Controller\AbstractActionController->onDispatch(Object(Zend\Mvc\MvcEvent))
#7 /media/wtk13/Reszta/htdocs/grodzka/vendor/zendframework/zendframework/library/Zend/EventManager/EventManager.php(468): call_user_func(Array, Object(Zend\Mvc\MvcEvent))
#8 /media/wtk13/Reszta/htdocs/grodzka/vendor/zendframework/zendframework/library/Zend/EventManager/EventManager.php(207): Zend\EventManager\EventManager->triggerListeners('dispatch', Object(Zend\Mvc\MvcEvent), Object(Closure))
#9 /media/wtk13/Reszta/htdocs/grodzka/vendor/zendframework/zendframework/library/Zend/Mvc/Controller/AbstractController.php(116): Zend\EventManager\EventManager->trigger('dispatch', Object(Zend\Mvc\MvcEvent), Object(Closure))
#10 /media/wtk13/Reszta/htdocs/grodzka/vendor/zendframework/zendframework/library/Zend/Mvc/DispatchListener.php(113): Zend\Mvc\Controller\AbstractController->dispatch(Object(Zend\Http\PhpEnvironment\Request), Object(Zend\Http\PhpEnvironment\Response))
#11 [internal function]: Zend\Mvc\DispatchListener->onDispatch(Object(Zend\Mvc\MvcEvent))
#12 /media/wtk13/Reszta/htdocs/grodzka/vendor/zendframework/zendframework/library/Zend/EventManager/EventManager.php(468): call_user_func(Array, Object(Zend\Mvc\MvcEvent))
#13 /media/wtk13/Reszta/htdocs/grodzka/vendor/zendframework/zendframework/library/Zend/EventManager/EventManager.php(207): Zend\EventManager\EventManager->triggerListeners('dispatch', Object(Zend\Mvc\MvcEvent), Object(Closure))
#14 /media/wtk13/Reszta/htdocs/grodzka/vendor/zendframework/zendframework/library/Zend/Mvc/Application.php(313): Zend\EventManager\EventManager->trigger('dispatch', Object(Zend\Mvc\MvcEvent), Object(Closure))
#15 /media/wtk13/Reszta/htdocs/grodzka/public/index.php(17): Zend\Mvc\Application->run()
#16 {main}
